ERROR - 2023-08-13 05:49:50 --> Error connecting to the database: mysqli_sql_exception: No connection could be made because the target machine actively refused it in C:\xampp\htdocs\surat\system\Database\MySQLi\Connection.php:174
Stack trace:
#0 C:\xampp\htdocs\surat\system\Database\MySQLi\Connection.php(174): mysqli->real_connect('localhost', 'root', '', 'surat', 3306, '', 0)
#1 C:\xampp\htdocs\surat\system\Database\BaseConnection.php(391): CodeIgniter\Database\MySQLi\Connection->connect(false)
#2 C:\xampp\htdocs\surat\system\Database\BaseConnection.php(574): CodeIgniter\Database\BaseConnection->initialize()
#3 C:\xampp\htdocs\surat\system\Database\BaseBuilder.php(1616): CodeIgniter\Database\BaseConnection->query('SELECT *\nFROM `...', Array, false)
#4 C:\xampp\htdocs\surat\system\Model.php(268): CodeIgniter\Database\BaseBuilder->get()
#5 C:\xampp\htdocs\surat\system\BaseModel.php(656): CodeIgniter\Model->doFirst()
#6 C:\xampp\htdocs\surat\app\Controllers\Auth.php(92): CodeIgniter\BaseModel->first()
#7 C:\xampp\htdocs\surat\system\CodeIgniter.php(932): App\Controllers\Auth->login_process()
#8 C:\xampp\htdocs\surat\system\CodeIgniter.php(497): CodeIgniter\CodeIgniter->runController(Object(App\Controllers\Auth))
#9 C:\xampp\htdocs\surat\system\CodeIgniter.php(366): CodeIgniter\CodeIgniter->handleRequest(NULL, Object(Config\Cache), false)
#10 C:\xampp\htdocs\surat\public\index.php(67): CodeIgniter\CodeIgniter->run()
#11 {main}

Next CodeIgniter\Database\Exceptions\DatabaseException: No connection could be made because the target machine actively refused it in C:\xampp\htdocs\surat\system\Database\MySQLi\Connection.php:218
Stack trace:
#0 C:\xampp\htdocs\surat\system\Database\BaseConnection.php(391): CodeIgniter\Database\MySQLi\Connection->connect(false)
#1 C:\xampp\htdocs\surat\system\Database\BaseConnection.php(574): CodeIgniter\Database\BaseConnection->initialize()
#2 C:\xampp\htdocs\surat\system\Database\BaseBuilder.php(1616): CodeIgniter\Database\BaseConnection->query('SELECT *\nFROM `...', Array, false)
#3 C:\xampp\htdocs\surat\system\Model.php(268): CodeIgniter\Database\BaseBuilder->get()
#4 C:\xampp\htdocs\surat\system\BaseModel.php(656): CodeIgniter\Model->doFirst()
#5 C:\xampp\htdocs\surat\app\Controllers\Auth.php(92): CodeIgniter\BaseModel->first()
#6 C:\xampp\htdocs\surat\system\CodeIgniter.php(932): App\Controllers\Auth->login_process()
#7 C:\xampp\htdocs\surat\system\CodeIgniter.php(497): CodeIgniter\CodeIgniter->runController(Object(App\Controllers\Auth))
#8 C:\xampp\htdocs\surat\system\CodeIgniter.php(366): CodeIgniter\CodeIgniter->handleRequest(NULL, Object(Config\Cache), false)
#9 C:\xampp\htdocs\surat\public\index.php(67): CodeIgniter\CodeIgniter->run()
#10 {main}
CRITICAL - 2023-08-13 05:49:50 --> Unable to connect to the database.
Main connection [MySQLi]: No connection could be made because the target machine actively refused it
in SYSTEMPATH\Database\BaseConnection.php on line 427.
 1 SYSTEMPATH\Database\BaseConnection.php(574): CodeIgniter\Database\BaseConnection->initialize()
 2 SYSTEMPATH\Database\BaseBuilder.php(1616): CodeIgniter\Database\BaseConnection->query('SELECT *
FROM `users`
WHERE `user_username` = :user_username:
 LIMIT 1', [...], false)
 3 SYSTEMPATH\Model.php(268): CodeIgniter\Database\BaseBuilder->get()
 4 SYSTEMPATH\BaseModel.php(656): CodeIgniter\Model->doFirst()
 5 APPPATH\Controllers\Auth.php(92): CodeIgniter\BaseModel->first()
 6 SYSTEMPATH\CodeIgniter.php(932): App\Controllers\Auth->login_process()
 7 SYSTEMPATH\CodeIgniter.php(497): CodeIgniter\CodeIgniter->runController(Object(App\Controllers\Auth))
 8 SYSTEMPATH\CodeIgniter.php(366): CodeIgniter\CodeIgniter->handleRequest(null, Object(Config\Cache), false)
 9 FCPATH\index.php(67): CodeIgniter\CodeIgniter->run()
INFO - 2023-08-13 05:49:57 --> Session: Class initialized using 'CodeIgniter\Session\Handlers\FileHandler' driver.
INFO - 2023-08-13 05:50:27 --> Session: Class initialized using 'CodeIgniter\Session\Handlers\FileHandler' driver.
INFO - 2023-08-13 05:50:31 --> Session: Class initialized using 'CodeIgniter\Session\Handlers\FileHandler' driver.
INFO - 2023-08-13 05:51:04 --> Session: Class initialized using 'CodeIgniter\Session\Handlers\FileHandler' driver.
INFO - 2023-08-13 05:51:35 --> Session: Class initialized using 'CodeIgniter\Session\Handlers\FileHandler' driver.
INFO - 2023-08-13 05:51:36 --> Session: Class initialized using 'CodeIgniter\Session\Handlers\FileHandler' driver.
INFO - 2023-08-13 05:51:36 --> Session: Class initialized using 'CodeIgniter\Session\Handlers\FileHandler' driver.
INFO - 2023-08-13 05:51:37 --> Session: Class initialized using 'CodeIgniter\Session\Handlers\FileHandler' driver.
INFO - 2023-08-13 05:51:38 --> Session: Class initialized using 'CodeIgniter\Session\Handlers\FileHandler' driver.
INFO - 2023-08-13 05:52:15 --> Session: Class initialized using 'CodeIgniter\Session\Handlers\FileHandler' driver.
INFO - 2023-08-13 05:52:32 --> Session: Class initialized using 'CodeIgniter\Session\Handlers\FileHandler' driver.
INFO - 2023-08-13 05:52:35 --> Session: Class initialized using 'CodeIgniter\Session\Handlers\FileHandler' driver.
INFO - 2023-08-13 05:52:38 --> Session: Class initialized using 'CodeIgniter\Session\Handlers\FileHandler' driver.
INFO - 2023-08-13 05:52:39 --> Session: Class initialized using 'CodeIgniter\Session\Handlers\FileHandler' driver.
INFO - 2023-08-13 05:52:41 --> Session: Class initialized using 'CodeIgniter\Session\Handlers\FileHandler' driver.
INFO - 2023-08-13 05:53:07 --> Session: Class initialized using 'CodeIgniter\Session\Handlers\FileHandler' driver.
INFO - 2023-08-13 05:53:48 --> Session: Class initialized using 'CodeIgniter\Session\Handlers\FileHandler' driver.
INFO - 2023-08-13 05:59:41 --> Session: Class initialized using 'CodeIgniter\Session\Handlers\FileHandler' driver.
INFO - 2023-08-13 05:59:58 --> Session: Class initialized using 'CodeIgniter\Session\Handlers\FileHandler' driver.
INFO - 2023-08-13 06:00:21 --> Session: Class initialized using 'CodeIgniter\Session\Handlers\FileHandler' driver.
INFO - 2023-08-13 06:02:07 --> Session: Class initialized using 'CodeIgniter\Session\Handlers\FileHandler' driver.
INFO - 2023-08-13 06:02:23 --> Session: Class initialized using 'CodeIgniter\Session\Handlers\FileHandler' driver.
INFO - 2023-08-13 06:02:38 --> Session: Class initialized using 'CodeIgniter\Session\Handlers\FileHandler' driver.
INFO - 2023-08-13 06:04:16 --> Session: Class initialized using 'CodeIgniter\Session\Handlers\FileHandler' driver.
INFO - 2023-08-13 06:04:24 --> Session: Class initialized using 'CodeIgniter\Session\Handlers\FileHandler' driver.
INFO - 2023-08-13 06:04:24 --> Session: Class initialized using 'CodeIgniter\Session\Handlers\FileHandler' driver.
INFO - 2023-08-13 06:05:03 --> Session: Class initialized using 'CodeIgniter\Session\Handlers\FileHandler' driver.
INFO - 2023-08-13 06:06:11 --> Session: Class initialized using 'CodeIgniter\Session\Handlers\FileHandler' driver.
INFO - 2023-08-13 06:06:23 --> Session: Class initialized using 'CodeIgniter\Session\Handlers\FileHandler' driver.
INFO - 2023-08-13 06:07:46 --> Session: Class initialized using 'CodeIgniter\Session\Handlers\FileHandler' driver.
INFO - 2023-08-13 06:22:12 --> Session: Class initialized using 'CodeIgniter\Session\Handlers\FileHandler' driver.
INFO - 2023-08-13 06:22:16 --> Session: Class initialized using 'CodeIgniter\Session\Handlers\FileHandler' driver.
INFO - 2023-08-13 06:22:23 --> Session: Class initialized using 'CodeIgniter\Session\Handlers\FileHandler' driver.
INFO - 2023-08-13 06:22:38 --> Session: Class initialized using 'CodeIgniter\Session\Handlers\FileHandler' driver.
INFO - 2023-08-13 06:23:39 --> Session: Class initialized using 'CodeIgniter\Session\Handlers\FileHandler' driver.
INFO - 2023-08-13 06:24:15 --> Session: Class initialized using 'CodeIgniter\Session\Handlers\FileHandler' driver.
INFO - 2023-08-13 06:24:16 --> Session: Class initialized using 'CodeIgniter\Session\Handlers\FileHandler' driver.
INFO - 2023-08-13 06:24:20 --> Session: Class initialized using 'CodeIgniter\Session\Handlers\FileHandler' driver.
INFO - 2023-08-13 06:42:31 --> Session: Class initialized using 'CodeIgniter\Session\Handlers\FileHandler' driver.
INFO - 2023-08-13 06:43:01 --> Session: Class initialized using 'CodeIgniter\Session\Handlers\FileHandler' driver.
INFO - 2023-08-13 06:43:02 --> Session: Class initialized using 'CodeIgniter\Session\Handlers\FileHandler' driver.
INFO - 2023-08-13 06:43:10 --> Session: Class initialized using 'CodeIgniter\Session\Handlers\FileHandler' driver.
INFO - 2023-08-13 06:43:18 --> Session: Class initialized using 'CodeIgniter\Session\Handlers\FileHandler' driver.
INFO - 2023-08-13 06:44:15 --> Session: Class initialized using 'CodeIgniter\Session\Handlers\FileHandler' driver.
INFO - 2023-08-13 06:44:31 --> Session: Class initialized using 'CodeIgniter\Session\Handlers\FileHandler' driver.
INFO - 2023-08-13 06:44:31 --> Session: Class initialized using 'CodeIgniter\Session\Handlers\FileHandler' driver.
INFO - 2023-08-13 06:44:49 --> Session: Class initialized using 'CodeIgniter\Session\Handlers\FileHandler' driver.
INFO - 2023-08-13 06:44:51 --> Session: Class initialized using 'CodeIgniter\Session\Handlers\FileHandler' driver.
INFO - 2023-08-13 06:56:17 --> Session: Class initialized using 'CodeIgniter\Session\Handlers\FileHandler' driver.
INFO - 2023-08-13 06:56:17 --> Session: Class initialized using 'CodeIgniter\Session\Handlers\FileHandler' driver.
INFO - 2023-08-13 06:56:42 --> Session: Class initialized using 'CodeIgniter\Session\Handlers\FileHandler' driver.
INFO - 2023-08-13 07:10:42 --> Session: Class initialized using 'CodeIgniter\Session\Handlers\FileHandler' driver.
INFO - 2023-08-13 07:10:42 --> Session: Class initialized using 'CodeIgniter\Session\Handlers\FileHandler' driver.
INFO - 2023-08-13 07:12:53 --> Session: Class initialized using 'CodeIgniter\Session\Handlers\FileHandler' driver.
CRITICAL - 2023-08-13 07:12:53 --> Undefined variable $datakk
in APPPATH\Views\datakk.php on line 94.
 1 APPPATH\Views\datakk.php(94): CodeIgniter\Debug\Exceptions->errorHandler(2, 'Undefined variable $datakk', 'C:\\xampp\\htdocs\\surat\\app\\Views\\datakk.php', 94)
 2 SYSTEMPATH\View\View.php(224): include('C:\\xampp\\htdocs\\surat\\app\\Views\\datakk.php')
 3 SYSTEMPATH\View\View.php(227): CodeIgniter\View\View->CodeIgniter\View\{closure}()
 4 SYSTEMPATH\Common.php(1180): CodeIgniter\View\View->render('datakk', [], true)
 5 APPPATH\Controllers\Kk.php(66): view('datakk', [...])
 6 SYSTEMPATH\CodeIgniter.php(932): App\Controllers\Kk->edit()
 7 SYSTEMPATH\CodeIgniter.php(497): CodeIgniter\CodeIgniter->runController(Object(App\Controllers\Kk))
 8 SYSTEMPATH\CodeIgniter.php(366): CodeIgniter\CodeIgniter->handleRequest(null, Object(Config\Cache), false)
 9 FCPATH\index.php(67): CodeIgniter\CodeIgniter->run()
INFO - 2023-08-13 07:14:15 --> Session: Class initialized using 'CodeIgniter\Session\Handlers\FileHandler' driver.
INFO - 2023-08-13 07:14:16 --> Session: Class initialized using 'CodeIgniter\Session\Handlers\FileHandler' driver.
INFO - 2023-08-13 07:14:26 --> Session: Class initialized using 'CodeIgniter\Session\Handlers\FileHandler' driver.
INFO - 2023-08-13 07:14:27 --> Session: Class initialized using 'CodeIgniter\Session\Handlers\FileHandler' driver.
INFO - 2023-08-13 07:19:16 --> Session: Class initialized using 'CodeIgniter\Session\Handlers\FileHandler' driver.
INFO - 2023-08-13 07:27:43 --> Session: Class initialized using 'CodeIgniter\Session\Handlers\FileHandler' driver.
INFO - 2023-08-13 07:27:48 --> Session: Class initialized using 'CodeIgniter\Session\Handlers\FileHandler' driver.
INFO - 2023-08-13 07:29:56 --> Session: Class initialized using 'CodeIgniter\Session\Handlers\FileHandler' driver.
INFO - 2023-08-13 07:43:37 --> Session: Class initialized using 'CodeIgniter\Session\Handlers\FileHandler' driver.
INFO - 2023-08-13 07:45:35 --> Session: Class initialized using 'CodeIgniter\Session\Handlers\FileHandler' driver.
INFO - 2023-08-13 07:46:32 --> Session: Class initialized using 'CodeIgniter\Session\Handlers\FileHandler' driver.
INFO - 2023-08-13 08:00:56 --> Session: Class initialized using 'CodeIgniter\Session\Handlers\FileHandler' driver.
INFO - 2023-08-13 08:06:58 --> Session: Class initialized using 'CodeIgniter\Session\Handlers\FileHandler' driver.
INFO - 2023-08-13 08:07:23 --> Session: Class initialized using 'CodeIgniter\Session\Handlers\FileHandler' driver.
INFO - 2023-08-13 08:14:24 --> Session: Class initialized using 'CodeIgniter\Session\Handlers\FileHandler' driver.
INFO - 2023-08-13 08:14:24 --> Session: Class initialized using 'CodeIgniter\Session\Handlers\FileHandler' driver.
INFO - 2023-08-13 08:15:10 --> Session: Class initialized using 'CodeIgniter\Session\Handlers\FileHandler' driver.
INFO - 2023-08-13 08:15:10 --> Session: Class initialized using 'CodeIgniter\Session\Handlers\FileHandler' driver.
INFO - 2023-08-13 08:19:29 --> Session: Class initialized using 'CodeIgniter\Session\Handlers\FileHandler' driver.
INFO - 2023-08-13 08:19:42 --> Session: Class initialized using 'CodeIgniter\Session\Handlers\FileHandler' driver.
INFO - 2023-08-13 08:19:58 --> Session: Class initialized using 'CodeIgniter\Session\Handlers\FileHandler' driver.
INFO - 2023-08-13 08:24:08 --> Session: Class initialized using 'CodeIgniter\Session\Handlers\FileHandler' driver.
INFO - 2023-08-13 08:24:23 --> Session: Class initialized using 'CodeIgniter\Session\Handlers\FileHandler' driver.
INFO - 2023-08-13 08:29:33 --> Session: Class initialized using 'CodeIgniter\Session\Handlers\FileHandler' driver.
INFO - 2023-08-13 08:30:24 --> Session: Class initialized using 'CodeIgniter\Session\Handlers\FileHandler' driver.
INFO - 2023-08-13 08:30:27 --> Session: Class initialized using 'CodeIgniter\Session\Handlers\FileHandler' driver.
INFO - 2023-08-13 08:30:34 --> Session: Class initialized using 'CodeIgniter\Session\Handlers\FileHandler' driver.
INFO - 2023-08-13 08:31:01 --> Session: Class initialized using 'CodeIgniter\Session\Handlers\FileHandler' driver.
INFO - 2023-08-13 08:31:26 --> Session: Class initialized using 'CodeIgniter\Session\Handlers\FileHandler' driver.
INFO - 2023-08-13 08:32:27 --> Session: Class initialized using 'CodeIgniter\Session\Handlers\FileHandler' driver.
CRITICAL - 2023-08-13 08:32:27 --> Undefined array key "id_kk"
in APPPATH\Views\datakk.php on line 233.
 1 APPPATH\Views\datakk.php(233): CodeIgniter\Debug\Exceptions->errorHandler(2, 'Undefined array key "id_kk"', 'C:\\xampp\\htdocs\\surat\\app\\Views\\datakk.php', 233)
 2 SYSTEMPATH\View\View.php(224): include('C:\\xampp\\htdocs\\surat\\app\\Views\\datakk.php')
 3 SYSTEMPATH\View\View.php(227): CodeIgniter\View\View->CodeIgniter\View\{closure}()
 4 SYSTEMPATH\Common.php(1180): CodeIgniter\View\View->render('/datakk', [], true)
 5 APPPATH\Controllers\Datakk.php(37): view('/datakk', [...])
 6 SYSTEMPATH\CodeIgniter.php(932): App\Controllers\Datakk->index()
 7 SYSTEMPATH\CodeIgniter.php(497): CodeIgniter\CodeIgniter->runController(Object(App\Controllers\Datakk))
 8 SYSTEMPATH\CodeIgniter.php(366): CodeIgniter\CodeIgniter->handleRequest(null, Object(Config\Cache), false)
 9 FCPATH\index.php(67): CodeIgniter\CodeIgniter->run()
INFO - 2023-08-13 08:32:44 --> Session: Class initialized using 'CodeIgniter\Session\Handlers\FileHandler' driver.
INFO - 2023-08-13 08:34:43 --> Session: Class initialized using 'CodeIgniter\Session\Handlers\FileHandler' driver.
INFO - 2023-08-13 08:35:05 --> Session: Class initialized using 'CodeIgniter\Session\Handlers\FileHandler' driver.
INFO - 2023-08-13 08:35:59 --> Session: Class initialized using 'CodeIgniter\Session\Handlers\FileHandler' driver.
INFO - 2023-08-13 08:36:15 --> Session: Class initialized using 'CodeIgniter\Session\Handlers\FileHandler' driver.
INFO - 2023-08-13 08:38:10 --> Session: Class initialized using 'CodeIgniter\Session\Handlers\FileHandler' driver.
INFO - 2023-08-13 08:43:03 --> Session: Class initialized using 'CodeIgniter\Session\Handlers\FileHandler' driver.
INFO - 2023-08-13 08:43:23 --> Session: Class initialized using 'CodeIgniter\Session\Handlers\FileHandler' driver.
INFO - 2023-08-13 08:45:38 --> Session: Class initialized using 'CodeIgniter\Session\Handlers\FileHandler' driver.
INFO - 2023-08-13 08:45:52 --> Session: Class initialized using 'CodeIgniter\Session\Handlers\FileHandler' driver.
INFO - 2023-08-13 08:46:07 --> Session: Class initialized using 'CodeIgniter\Session\Handlers\FileHandler' driver.
INFO - 2023-08-13 08:46:21 --> Session: Class initialized using 'CodeIgniter\Session\Handlers\FileHandler' driver.
INFO - 2023-08-13 08:46:35 --> Session: Class initialized using 'CodeIgniter\Session\Handlers\FileHandler' driver.
INFO - 2023-08-13 08:59:13 --> Session: Class initialized using 'CodeIgniter\Session\Handlers\FileHandler' driver.
INFO - 2023-08-13 08:59:28 --> Session: Class initialized using 'CodeIgniter\Session\Handlers\FileHandler' driver.
INFO - 2023-08-13 09:21:35 --> Session: Class initialized using 'CodeIgniter\Session\Handlers\FileHandler' driver.
INFO - 2023-08-13 09:21:53 --> Session: Class initialized using 'CodeIgniter\Session\Handlers\FileHandler' driver.
INFO - 2023-08-13 09:22:39 --> Session: Class initialized using 'CodeIgniter\Session\Handlers\FileHandler' driver.
INFO - 2023-08-13 09:23:24 --> Session: Class initialized using 'CodeIgniter\Session\Handlers\FileHandler' driver.
INFO - 2023-08-13 09:26:14 --> Session: Class initialized using 'CodeIgniter\Session\Handlers\FileHandler' driver.
INFO - 2023-08-13 09:26:29 --> Session: Class initialized using 'CodeIgniter\Session\Handlers\FileHandler' driver.
CRITICAL - 2023-08-13 09:44:20 --> syntax error, unexpected identifier "layout", expecting ")"
in APPPATH\Views\datakk.php on line 325.
 1 SYSTEMPATH\View\View.php(227): CodeIgniter\View\View->CodeIgniter\View\{closure}()
 2 SYSTEMPATH\Common.php(1180): CodeIgniter\View\View->render('/datakk', [], true)
 3 APPPATH\Controllers\Datakk.php(37): view('/datakk', [...])
 4 SYSTEMPATH\CodeIgniter.php(932): App\Controllers\Datakk->index()
 5 SYSTEMPATH\CodeIgniter.php(497): CodeIgniter\CodeIgniter->runController(Object(App\Controllers\Datakk))
 6 SYSTEMPATH\CodeIgniter.php(366): CodeIgniter\CodeIgniter->handleRequest(null, Object(Config\Cache), false)
 7 FCPATH\index.php(67): CodeIgniter\CodeIgniter->run()
INFO - 2023-08-13 09:46:42 --> Session: Class initialized using 'CodeIgniter\Session\Handlers\FileHandler' driver.
INFO - 2023-08-13 09:49:21 --> Session: Class initialized using 'CodeIgniter\Session\Handlers\FileHandler' driver.
INFO - 2023-08-13 09:49:40 --> Session: Class initialized using 'CodeIgniter\Session\Handlers\FileHandler' driver.
INFO - 2023-08-13 09:50:09 --> Session: Class initialized using 'CodeIgniter\Session\Handlers\FileHandler' driver.
INFO - 2023-08-13 09:50:27 --> Session: Class initialized using 'CodeIgniter\Session\Handlers\FileHandler' driver.
INFO - 2023-08-13 14:22:10 --> Session: Class initialized using 'CodeIgniter\Session\Handlers\FileHandler' driver.
INFO - 2023-08-13 14:23:11 --> Session: Class initialized using 'CodeIgniter\Session\Handlers\FileHandler' driver.
INFO - 2023-08-13 14:23:14 --> Session: Class initialized using 'CodeIgniter\Session\Handlers\FileHandler' driver.
INFO - 2023-08-13 14:23:32 --> Session: Class initialized using 'CodeIgniter\Session\Handlers\FileHandler' driver.
INFO - 2023-08-13 14:24:12 --> Session: Class initialized using 'CodeIgniter\Session\Handlers\FileHandler' driver.
INFO - 2023-08-13 14:52:51 --> Session: Class initialized using 'CodeIgniter\Session\Handlers\FileHandler' driver.
INFO - 2023-08-13 14:52:58 --> Session: Class initialized using 'CodeIgniter\Session\Handlers\FileHandler' driver.
INFO - 2023-08-13 14:53:03 --> Session: Class initialized using 'CodeIgniter\Session\Handlers\FileHandler' driver.
ERROR - 2023-08-13 14:54:06 --> mysqli_sql_exception: Cannot add or update a child row: a foreign key constraint fails (`surat`.`pengantar_kk`, CONSTRAINT `pengantar_kk_ibfk_1` FOREIGN KEY (`id_kategori`) REFERENCES `kategori_surat` (`id_kategori_surat`)) in C:\xampp\htdocs\surat\system\Database\MySQLi\Connection.php:295
Stack trace:
#0 C:\xampp\htdocs\surat\system\Database\MySQLi\Connection.php(295): mysqli->query('INSERT INTO `pe...', 0)
#1 C:\xampp\htdocs\surat\system\Database\BaseConnection.php(692): CodeIgniter\Database\MySQLi\Connection->execute('INSERT INTO `pe...')
#2 C:\xampp\htdocs\surat\system\Database\BaseConnection.php(606): CodeIgniter\Database\BaseConnection->simpleQuery('INSERT INTO `pe...')
#3 C:\xampp\htdocs\surat\system\Database\BaseBuilder.php(2309): CodeIgniter\Database\BaseConnection->query('INSERT INTO `pe...', Array, false)
#4 C:\xampp\htdocs\surat\system\Model.php(330): CodeIgniter\Database\BaseBuilder->insert()
#5 C:\xampp\htdocs\surat\system\BaseModel.php(782): CodeIgniter\Model->doInsert(Array)
#6 C:\xampp\htdocs\surat\system\Model.php(730): CodeIgniter\BaseModel->insert(Array, true)
#7 C:\xampp\htdocs\surat\app\Controllers\Kk.php(34): CodeIgniter\Model->insert(Array)
#8 C:\xampp\htdocs\surat\system\CodeIgniter.php(932): App\Controllers\Kk->addData()
#9 C:\xampp\htdocs\surat\system\CodeIgniter.php(497): CodeIgniter\CodeIgniter->runController(Object(App\Controllers\Kk))
#10 C:\xampp\htdocs\surat\system\CodeIgniter.php(366): CodeIgniter\CodeIgniter->handleRequest(NULL, Object(Config\Cache), false)
#11 C:\xampp\htdocs\surat\public\index.php(67): CodeIgniter\CodeIgniter->run()
#12 {main}
CRITICAL - 2023-08-13 14:54:06 --> Cannot add or update a child row: a foreign key constraint fails (`surat`.`pengantar_kk`, CONSTRAINT `pengantar_kk_ibfk_1` FOREIGN KEY (`id_kategori`) REFERENCES `kategori_surat` (`id_kategori_surat`))
in SYSTEMPATH\Database\MySQLi\Connection.php on line 295.
 1 SYSTEMPATH\Database\MySQLi\Connection.php(295): mysqli->query('INSERT INTO `pengantar_kk` (`nama_kk`, `nik_kk`, `alamat`, `desa_kelurahan`, `kecamatan`, `kabupaten_kota`, `provinsi`, `kode_pos`, `jml_anggota`, `tujuan`, `tgl_pembuatan`) VALUES (\'Tamarin\', \'2345671\', \'Kebumen\', \'Kebumen\', \'Kebumen \', \'Kebumen\', \'Jawa Tengah\', \'6436\', \'4\', \'Identifikasi Keluarga\', \'2022-12-19\')', 0)
 2 SYSTEMPATH\Database\BaseConnection.php(692): CodeIgniter\Database\MySQLi\Connection->execute('INSERT INTO `pengantar_kk` (`nama_kk`, `nik_kk`, `alamat`, `desa_kelurahan`, `kecamatan`, `kabupaten_kota`, `provinsi`, `kode_pos`, `jml_anggota`, `tujuan`, `tgl_pembuatan`) VALUES (\'Tamarin\', \'2345671\', \'Kebumen\', \'Kebumen\', \'Kebumen \', \'Kebumen\', \'Jawa Tengah\', \'6436\', \'4\', \'Identifikasi Keluarga\', \'2022-12-19\')')
 3 SYSTEMPATH\Database\BaseConnection.php(606): CodeIgniter\Database\BaseConnection->simpleQuery('INSERT INTO `pengantar_kk` (`nama_kk`, `nik_kk`, `alamat`, `desa_kelurahan`, `kecamatan`, `kabupaten_kota`, `provinsi`, `kode_pos`, `jml_anggota`, `tujuan`, `tgl_pembuatan`) VALUES (\'Tamarin\', \'2345671\', \'Kebumen\', \'Kebumen\', \'Kebumen \', \'Kebumen\', \'Jawa Tengah\', \'6436\', \'4\', \'Identifikasi Keluarga\', \'2022-12-19\')')
 4 SYSTEMPATH\Database\BaseBuilder.php(2309): CodeIgniter\Database\BaseConnection->query('INSERT INTO `pengantar_kk` (`nama_kk`, `nik_kk`, `alamat`, `desa_kelurahan`, `kecamatan`, `kabupaten_kota`, `provinsi`, `kode_pos`, `jml_anggota`, `tujuan`, `tgl_pembuatan`) VALUES (:nama_kk:, :nik_kk:, :alamat:, :desa_kelurahan:, :kecamatan:, :kabupaten_kota:, :provinsi:, :kode_pos:, :jml_anggota:, :tujuan:, :tgl_pembuatan:)', [...], false)
 5 SYSTEMPATH\Model.php(330): CodeIgniter\Database\BaseBuilder->insert()
 6 SYSTEMPATH\BaseModel.php(782): CodeIgniter\Model->doInsert([...])
 7 SYSTEMPATH\Model.php(730): CodeIgniter\BaseModel->insert([...], true)
 8 APPPATH\Controllers\Kk.php(34): CodeIgniter\Model->insert([...])
 9 SYSTEMPATH\CodeIgniter.php(932): App\Controllers\Kk->addData()
10 SYSTEMPATH\CodeIgniter.php(497): CodeIgniter\CodeIgniter->runController(Object(App\Controllers\Kk))
11 SYSTEMPATH\CodeIgniter.php(366): CodeIgniter\CodeIgniter->handleRequest(null, Object(Config\Cache), false)
12 FCPATH\index.php(67): CodeIgniter\CodeIgniter->run()
ERROR - 2023-08-13 14:55:44 --> mysqli_sql_exception: Column 'id_kategori' cannot be null in C:\xampp\htdocs\surat\system\Database\MySQLi\Connection.php:295
Stack trace:
#0 C:\xampp\htdocs\surat\system\Database\MySQLi\Connection.php(295): mysqli->query('INSERT INTO `pe...', 0)
#1 C:\xampp\htdocs\surat\system\Database\BaseConnection.php(692): CodeIgniter\Database\MySQLi\Connection->execute('INSERT INTO `pe...')
#2 C:\xampp\htdocs\surat\system\Database\BaseConnection.php(606): CodeIgniter\Database\BaseConnection->simpleQuery('INSERT INTO `pe...')
#3 C:\xampp\htdocs\surat\system\Database\BaseBuilder.php(2309): CodeIgniter\Database\BaseConnection->query('INSERT INTO `pe...', Array, false)
#4 C:\xampp\htdocs\surat\system\Model.php(330): CodeIgniter\Database\BaseBuilder->insert()
#5 C:\xampp\htdocs\surat\system\BaseModel.php(782): CodeIgniter\Model->doInsert(Array)
#6 C:\xampp\htdocs\surat\system\Model.php(730): CodeIgniter\BaseModel->insert(Array, true)
#7 C:\xampp\htdocs\surat\app\Controllers\Kk.php(35): CodeIgniter\Model->insert(Array)
#8 C:\xampp\htdocs\surat\system\CodeIgniter.php(932): App\Controllers\Kk->addData()
#9 C:\xampp\htdocs\surat\system\CodeIgniter.php(497): CodeIgniter\CodeIgniter->runController(Object(App\Controllers\Kk))
#10 C:\xampp\htdocs\surat\system\CodeIgniter.php(366): CodeIgniter\CodeIgniter->handleRequest(NULL, Object(Config\Cache), false)
#11 C:\xampp\htdocs\surat\public\index.php(67): CodeIgniter\CodeIgniter->run()
#12 {main}
CRITICAL - 2023-08-13 14:55:44 --> Column 'id_kategori' cannot be null
in SYSTEMPATH\Database\MySQLi\Connection.php on line 295.
 1 SYSTEMPATH\Database\MySQLi\Connection.php(295): mysqli->query('INSERT INTO `pengantar_kk` (`nama_kk`, `id_kategori`, `nik_kk`, `alamat`, `desa_kelurahan`, `kecamatan`, `kabupaten_kota`, `provinsi`, `kode_pos`, `jml_anggota`, `tujuan`, `tgl_pembuatan`) VALUES (\'Tamarin\', NULL, \'2345671\', \'Kebumen\', \'Kebumen\', \'Kebumen \', \'Kebumen\', \'Jawa Tengah\', \'6436\', \'4\', \'Identifikasi Keluarga\', \'2022-12-19\')', 0)
 2 SYSTEMPATH\Database\BaseConnection.php(692): CodeIgniter\Database\MySQLi\Connection->execute('INSERT INTO `pengantar_kk` (`nama_kk`, `id_kategori`, `nik_kk`, `alamat`, `desa_kelurahan`, `kecamatan`, `kabupaten_kota`, `provinsi`, `kode_pos`, `jml_anggota`, `tujuan`, `tgl_pembuatan`) VALUES (\'Tamarin\', NULL, \'2345671\', \'Kebumen\', \'Kebumen\', \'Kebumen \', \'Kebumen\', \'Jawa Tengah\', \'6436\', \'4\', \'Identifikasi Keluarga\', \'2022-12-19\')')
 3 SYSTEMPATH\Database\BaseConnection.php(606): CodeIgniter\Database\BaseConnection->simpleQuery('INSERT INTO `pengantar_kk` (`nama_kk`, `id_kategori`, `nik_kk`, `alamat`, `desa_kelurahan`, `kecamatan`, `kabupaten_kota`, `provinsi`, `kode_pos`, `jml_anggota`, `tujuan`, `tgl_pembuatan`) VALUES (\'Tamarin\', NULL, \'2345671\', \'Kebumen\', \'Kebumen\', \'Kebumen \', \'Kebumen\', \'Jawa Tengah\', \'6436\', \'4\', \'Identifikasi Keluarga\', \'2022-12-19\')')
 4 SYSTEMPATH\Database\BaseBuilder.php(2309): CodeIgniter\Database\BaseConnection->query('INSERT INTO `pengantar_kk` (`nama_kk`, `id_kategori`, `nik_kk`, `alamat`, `desa_kelurahan`, `kecamatan`, `kabupaten_kota`, `provinsi`, `kode_pos`, `jml_anggota`, `tujuan`, `tgl_pembuatan`) VALUES (:nama_kk:, :id_kategori:, :nik_kk:, :alamat:, :desa_kelurahan:, :kecamatan:, :kabupaten_kota:, :provinsi:, :kode_pos:, :jml_anggota:, :tujuan:, :tgl_pembuatan:)', [...], false)
 5 SYSTEMPATH\Model.php(330): CodeIgniter\Database\BaseBuilder->insert()
 6 SYSTEMPATH\BaseModel.php(782): CodeIgniter\Model->doInsert([...])
 7 SYSTEMPATH\Model.php(730): CodeIgniter\BaseModel->insert([...], true)
 8 APPPATH\Controllers\Kk.php(35): CodeIgniter\Model->insert([...])
 9 SYSTEMPATH\CodeIgniter.php(932): App\Controllers\Kk->addData()
10 SYSTEMPATH\CodeIgniter.php(497): CodeIgniter\CodeIgniter->runController(Object(App\Controllers\Kk))
11 SYSTEMPATH\CodeIgniter.php(366): CodeIgniter\CodeIgniter->handleRequest(null, Object(Config\Cache), false)
12 FCPATH\index.php(67): CodeIgniter\CodeIgniter->run()
ERROR - 2023-08-13 14:56:50 --> mysqli_sql_exception: Column 'id_kategori' cannot be null in C:\xampp\htdocs\surat\system\Database\MySQLi\Connection.php:295
Stack trace:
#0 C:\xampp\htdocs\surat\system\Database\MySQLi\Connection.php(295): mysqli->query('INSERT INTO `pe...', 0)
#1 C:\xampp\htdocs\surat\system\Database\BaseConnection.php(692): CodeIgniter\Database\MySQLi\Connection->execute('INSERT INTO `pe...')
#2 C:\xampp\htdocs\surat\system\Database\BaseConnection.php(606): CodeIgniter\Database\BaseConnection->simpleQuery('INSERT INTO `pe...')
#3 C:\xampp\htdocs\surat\system\Database\BaseBuilder.php(2309): CodeIgniter\Database\BaseConnection->query('INSERT INTO `pe...', Array, false)
#4 C:\xampp\htdocs\surat\system\Model.php(330): CodeIgniter\Database\BaseBuilder->insert()
#5 C:\xampp\htdocs\surat\system\BaseModel.php(782): CodeIgniter\Model->doInsert(Array)
#6 C:\xampp\htdocs\surat\system\Model.php(730): CodeIgniter\BaseModel->insert(Array, true)
#7 C:\xampp\htdocs\surat\app\Controllers\Kk.php(35): CodeIgniter\Model->insert(Array)
#8 C:\xampp\htdocs\surat\system\CodeIgniter.php(932): App\Controllers\Kk->addData()
#9 C:\xampp\htdocs\surat\system\CodeIgniter.php(497): CodeIgniter\CodeIgniter->runController(Object(App\Controllers\Kk))
#10 C:\xampp\htdocs\surat\system\CodeIgniter.php(366): CodeIgniter\CodeIgniter->handleRequest(NULL, Object(Config\Cache), false)
#11 C:\xampp\htdocs\surat\public\index.php(67): CodeIgniter\CodeIgniter->run()
#12 {main}
CRITICAL - 2023-08-13 14:56:50 --> Column 'id_kategori' cannot be null
in SYSTEMPATH\Database\MySQLi\Connection.php on line 295.
 1 SYSTEMPATH\Database\MySQLi\Connection.php(295): mysqli->query('INSERT INTO `pengantar_kk` (`nama_kk`, `id_kategori`, `nik_kk`, `alamat`, `desa_kelurahan`, `kecamatan`, `kabupaten_kota`, `provinsi`, `kode_pos`, `jml_anggota`, `tujuan`, `tgl_pembuatan`) VALUES (\'Tamarin\', NULL, \'2345671\', \'Kebumen\', \'Kebumen\', \'Kebumen \', \'Kebumen\', \'Jawa Tengah\', \'6436\', \'4\', \'Identifikasi Keluarga\', \'2022-12-19\')', 0)
 2 SYSTEMPATH\Database\BaseConnection.php(692): CodeIgniter\Database\MySQLi\Connection->execute('INSERT INTO `pengantar_kk` (`nama_kk`, `id_kategori`, `nik_kk`, `alamat`, `desa_kelurahan`, `kecamatan`, `kabupaten_kota`, `provinsi`, `kode_pos`, `jml_anggota`, `tujuan`, `tgl_pembuatan`) VALUES (\'Tamarin\', NULL, \'2345671\', \'Kebumen\', \'Kebumen\', \'Kebumen \', \'Kebumen\', \'Jawa Tengah\', \'6436\', \'4\', \'Identifikasi Keluarga\', \'2022-12-19\')')
 3 SYSTEMPATH\Database\BaseConnection.php(606): CodeIgniter\Database\BaseConnection->simpleQuery('INSERT INTO `pengantar_kk` (`nama_kk`, `id_kategori`, `nik_kk`, `alamat`, `desa_kelurahan`, `kecamatan`, `kabupaten_kota`, `provinsi`, `kode_pos`, `jml_anggota`, `tujuan`, `tgl_pembuatan`) VALUES (\'Tamarin\', NULL, \'2345671\', \'Kebumen\', \'Kebumen\', \'Kebumen \', \'Kebumen\', \'Jawa Tengah\', \'6436\', \'4\', \'Identifikasi Keluarga\', \'2022-12-19\')')
 4 SYSTEMPATH\Database\BaseBuilder.php(2309): CodeIgniter\Database\BaseConnection->query('INSERT INTO `pengantar_kk` (`nama_kk`, `id_kategori`, `nik_kk`, `alamat`, `desa_kelurahan`, `kecamatan`, `kabupaten_kota`, `provinsi`, `kode_pos`, `jml_anggota`, `tujuan`, `tgl_pembuatan`) VALUES (:nama_kk:, :id_kategori:, :nik_kk:, :alamat:, :desa_kelurahan:, :kecamatan:, :kabupaten_kota:, :provinsi:, :kode_pos:, :jml_anggota:, :tujuan:, :tgl_pembuatan:)', [...], false)
 5 SYSTEMPATH\Model.php(330): CodeIgniter\Database\BaseBuilder->insert()
 6 SYSTEMPATH\BaseModel.php(782): CodeIgniter\Model->doInsert([...])
 7 SYSTEMPATH\Model.php(730): CodeIgniter\BaseModel->insert([...], true)
 8 APPPATH\Controllers\Kk.php(35): CodeIgniter\Model->insert([...])
 9 SYSTEMPATH\CodeIgniter.php(932): App\Controllers\Kk->addData()
10 SYSTEMPATH\CodeIgniter.php(497): CodeIgniter\CodeIgniter->runController(Object(App\Controllers\Kk))
11 SYSTEMPATH\CodeIgniter.php(366): CodeIgniter\CodeIgniter->handleRequest(null, Object(Config\Cache), false)
12 FCPATH\index.php(67): CodeIgniter\CodeIgniter->run()
ERROR - 2023-08-13 14:58:36 --> mysqli_sql_exception: Column 'id_kategori' cannot be null in C:\xampp\htdocs\surat\system\Database\MySQLi\Connection.php:295
Stack trace:
#0 C:\xampp\htdocs\surat\system\Database\MySQLi\Connection.php(295): mysqli->query('INSERT INTO `pe...', 0)
#1 C:\xampp\htdocs\surat\system\Database\BaseConnection.php(692): CodeIgniter\Database\MySQLi\Connection->execute('INSERT INTO `pe...')
#2 C:\xampp\htdocs\surat\system\Database\BaseConnection.php(606): CodeIgniter\Database\BaseConnection->simpleQuery('INSERT INTO `pe...')
#3 C:\xampp\htdocs\surat\system\Database\BaseBuilder.php(2309): CodeIgniter\Database\BaseConnection->query('INSERT INTO `pe...', Array, false)
#4 C:\xampp\htdocs\surat\system\Model.php(330): CodeIgniter\Database\BaseBuilder->insert()
#5 C:\xampp\htdocs\surat\system\BaseModel.php(782): CodeIgniter\Model->doInsert(Array)
#6 C:\xampp\htdocs\surat\system\Model.php(730): CodeIgniter\BaseModel->insert(Array, true)
#7 C:\xampp\htdocs\surat\app\Controllers\Kk.php(35): CodeIgniter\Model->insert(Array)
#8 C:\xampp\htdocs\surat\system\CodeIgniter.php(932): App\Controllers\Kk->addData()
#9 C:\xampp\htdocs\surat\system\CodeIgniter.php(497): CodeIgniter\CodeIgniter->runController(Object(App\Controllers\Kk))
#10 C:\xampp\htdocs\surat\system\CodeIgniter.php(366): CodeIgniter\CodeIgniter->handleRequest(NULL, Object(Config\Cache), false)
#11 C:\xampp\htdocs\surat\public\index.php(67): CodeIgniter\CodeIgniter->run()
#12 {main}
CRITICAL - 2023-08-13 14:58:36 --> Column 'id_kategori' cannot be null
in SYSTEMPATH\Database\MySQLi\Connection.php on line 295.
 1 SYSTEMPATH\Database\MySQLi\Connection.php(295): mysqli->query('INSERT INTO `pengantar_kk` (`id_kategori`, `nama_kk`, `nik_kk`, `alamat`, `desa_kelurahan`, `kecamatan`, `kabupaten_kota`, `provinsi`, `kode_pos`, `jml_anggota`, `tujuan`, `tgl_pembuatan`) VALUES (NULL, \'Tamarin\', \'2345671\', \'Kebumen\', \'Kebumen\', \'Kebumen \', \'Kebumen\', \'Jawa Tengah\', \'6436\', \'4\', \'Identifikasi Keluarga\', \'2022-12-19\')', 0)
 2 SYSTEMPATH\Database\BaseConnection.php(692): CodeIgniter\Database\MySQLi\Connection->execute('INSERT INTO `pengantar_kk` (`id_kategori`, `nama_kk`, `nik_kk`, `alamat`, `desa_kelurahan`, `kecamatan`, `kabupaten_kota`, `provinsi`, `kode_pos`, `jml_anggota`, `tujuan`, `tgl_pembuatan`) VALUES (NULL, \'Tamarin\', \'2345671\', \'Kebumen\', \'Kebumen\', \'Kebumen \', \'Kebumen\', \'Jawa Tengah\', \'6436\', \'4\', \'Identifikasi Keluarga\', \'2022-12-19\')')
 3 SYSTEMPATH\Database\BaseConnection.php(606): CodeIgniter\Database\BaseConnection->simpleQuery('INSERT INTO `pengantar_kk` (`id_kategori`, `nama_kk`, `nik_kk`, `alamat`, `desa_kelurahan`, `kecamatan`, `kabupaten_kota`, `provinsi`, `kode_pos`, `jml_anggota`, `tujuan`, `tgl_pembuatan`) VALUES (NULL, \'Tamarin\', \'2345671\', \'Kebumen\', \'Kebumen\', \'Kebumen \', \'Kebumen\', \'Jawa Tengah\', \'6436\', \'4\', \'Identifikasi Keluarga\', \'2022-12-19\')')
 4 SYSTEMPATH\Database\BaseBuilder.php(2309): CodeIgniter\Database\BaseConnection->query('INSERT INTO `pengantar_kk` (`id_kategori`, `nama_kk`, `nik_kk`, `alamat`, `desa_kelurahan`, `kecamatan`, `kabupaten_kota`, `provinsi`, `kode_pos`, `jml_anggota`, `tujuan`, `tgl_pembuatan`) VALUES (:id_kategori:, :nama_kk:, :nik_kk:, :alamat:, :desa_kelurahan:, :kecamatan:, :kabupaten_kota:, :provinsi:, :kode_pos:, :jml_anggota:, :tujuan:, :tgl_pembuatan:)', [...], false)
 5 SYSTEMPATH\Model.php(330): CodeIgniter\Database\BaseBuilder->insert()
 6 SYSTEMPATH\BaseModel.php(782): CodeIgniter\Model->doInsert([...])
 7 SYSTEMPATH\Model.php(730): CodeIgniter\BaseModel->insert([...], true)
 8 APPPATH\Controllers\Kk.php(35): CodeIgniter\Model->insert([...])
 9 SYSTEMPATH\CodeIgniter.php(932): App\Controllers\Kk->addData()
10 SYSTEMPATH\CodeIgniter.php(497): CodeIgniter\CodeIgniter->runController(Object(App\Controllers\Kk))
11 SYSTEMPATH\CodeIgniter.php(366): CodeIgniter\CodeIgniter->handleRequest(null, Object(Config\Cache), false)
12 FCPATH\index.php(67): CodeIgniter\CodeIgniter->run()
INFO - 2023-08-13 14:59:13 --> Session: Class initialized using 'CodeIgniter\Session\Handlers\FileHandler' driver.
INFO - 2023-08-13 14:59:30 --> Session: Class initialized using 'CodeIgniter\Session\Handlers\FileHandler' driver.
INFO - 2023-08-13 14:59:31 --> Session: Class initialized using 'CodeIgniter\Session\Handlers\FileHandler' driver.
INFO - 2023-08-13 14:59:36 --> Session: Class initialized using 'CodeIgniter\Session\Handlers\FileHandler' driver.
INFO - 2023-08-13 14:59:42 --> Session: Class initialized using 'CodeIgniter\Session\Handlers\FileHandler' driver.
INFO - 2023-08-13 15:02:26 --> Session: Class initialized using 'CodeIgniter\Session\Handlers\FileHandler' driver.
INFO - 2023-08-13 15:03:08 --> Session: Class initialized using 'CodeIgniter\Session\Handlers\FileHandler' driver.
INFO - 2023-08-13 15:03:32 --> Session: Class initialized using 'CodeIgniter\Session\Handlers\FileHandler' driver.
INFO - 2023-08-13 15:04:19 --> Session: Class initialized using 'CodeIgniter\Session\Handlers\FileHandler' driver.
INFO - 2023-08-13 15:07:39 --> Session: Class initialized using 'CodeIgniter\Session\Handlers\FileHandler' driver.
INFO - 2023-08-13 15:07:50 --> Session: Class initialized using 'CodeIgniter\Session\Handlers\FileHandler' driver.
ERROR - 2023-08-13 15:08:41 --> mysqli_sql_exception: Cannot add or update a child row: a foreign key constraint fails (`surat`.`pengantar_kk`, CONSTRAINT `pengantar_kk_ibfk_1` FOREIGN KEY (`id_kategori`) REFERENCES `kategori_surat` (`id_kategori_surat`)) in C:\xampp\htdocs\surat\system\Database\MySQLi\Connection.php:295
Stack trace:
#0 C:\xampp\htdocs\surat\system\Database\MySQLi\Connection.php(295): mysqli->query('INSERT INTO `pe...', 0)
#1 C:\xampp\htdocs\surat\system\Database\BaseConnection.php(692): CodeIgniter\Database\MySQLi\Connection->execute('INSERT INTO `pe...')
#2 C:\xampp\htdocs\surat\system\Database\BaseConnection.php(606): CodeIgniter\Database\BaseConnection->simpleQuery('INSERT INTO `pe...')
#3 C:\xampp\htdocs\surat\system\Database\BaseBuilder.php(2309): CodeIgniter\Database\BaseConnection->query('INSERT INTO `pe...', Array, false)
#4 C:\xampp\htdocs\surat\system\Model.php(330): CodeIgniter\Database\BaseBuilder->insert()
#5 C:\xampp\htdocs\surat\system\BaseModel.php(782): CodeIgniter\Model->doInsert(Array)
#6 C:\xampp\htdocs\surat\system\Model.php(730): CodeIgniter\BaseModel->insert(Array, true)
#7 C:\xampp\htdocs\surat\app\Controllers\Kk.php(35): CodeIgniter\Model->insert(Array)
#8 C:\xampp\htdocs\surat\system\CodeIgniter.php(932): App\Controllers\Kk->addData()
#9 C:\xampp\htdocs\surat\system\CodeIgniter.php(497): CodeIgniter\CodeIgniter->runController(Object(App\Controllers\Kk))
#10 C:\xampp\htdocs\surat\system\CodeIgniter.php(366): CodeIgniter\CodeIgniter->handleRequest(NULL, Object(Config\Cache), false)
#11 C:\xampp\htdocs\surat\public\index.php(67): CodeIgniter\CodeIgniter->run()
#12 {main}
CRITICAL - 2023-08-13 15:08:41 --> Cannot add or update a child row: a foreign key constraint fails (`surat`.`pengantar_kk`, CONSTRAINT `pengantar_kk_ibfk_1` FOREIGN KEY (`id_kategori`) REFERENCES `kategori_surat` (`id_kategori_surat`))
in SYSTEMPATH\Database\MySQLi\Connection.php on line 295.
 1 SYSTEMPATH\Database\MySQLi\Connection.php(295): mysqli->query('INSERT INTO `pengantar_kk` (`id_kategori`, `nama_kk`, `nik_kk`, `alamat`, `desa_kelurahan`, `kecamatan`, `kabupaten_kota`, `provinsi`, `kode_pos`, `jml_anggota`, `tujuan`, `tgl_pembuatan`) VALUES (\'Surat Pengantar KK\', \'Tamarin\', \'1234\', \'Kebumen\', \'Kebumen\', \'Kebumen \', \'Kebumen\', \'Jawa Tengah\', \'6436\', \'5\', \'Pembaruan data\', \'2023-08-13\')', 0)
 2 SYSTEMPATH\Database\BaseConnection.php(692): CodeIgniter\Database\MySQLi\Connection->execute('INSERT INTO `pengantar_kk` (`id_kategori`, `nama_kk`, `nik_kk`, `alamat`, `desa_kelurahan`, `kecamatan`, `kabupaten_kota`, `provinsi`, `kode_pos`, `jml_anggota`, `tujuan`, `tgl_pembuatan`) VALUES (\'Surat Pengantar KK\', \'Tamarin\', \'1234\', \'Kebumen\', \'Kebumen\', \'Kebumen \', \'Kebumen\', \'Jawa Tengah\', \'6436\', \'5\', \'Pembaruan data\', \'2023-08-13\')')
 3 SYSTEMPATH\Database\BaseConnection.php(606): CodeIgniter\Database\BaseConnection->simpleQuery('INSERT INTO `pengantar_kk` (`id_kategori`, `nama_kk`, `nik_kk`, `alamat`, `desa_kelurahan`, `kecamatan`, `kabupaten_kota`, `provinsi`, `kode_pos`, `jml_anggota`, `tujuan`, `tgl_pembuatan`) VALUES (\'Surat Pengantar KK\', \'Tamarin\', \'1234\', \'Kebumen\', \'Kebumen\', \'Kebumen \', \'Kebumen\', \'Jawa Tengah\', \'6436\', \'5\', \'Pembaruan data\', \'2023-08-13\')')
 4 SYSTEMPATH\Database\BaseBuilder.php(2309): CodeIgniter\Database\BaseConnection->query('INSERT INTO `pengantar_kk` (`id_kategori`, `nama_kk`, `nik_kk`, `alamat`, `desa_kelurahan`, `kecamatan`, `kabupaten_kota`, `provinsi`, `kode_pos`, `jml_anggota`, `tujuan`, `tgl_pembuatan`) VALUES (:id_kategori:, :nama_kk:, :nik_kk:, :alamat:, :desa_kelurahan:, :kecamatan:, :kabupaten_kota:, :provinsi:, :kode_pos:, :jml_anggota:, :tujuan:, :tgl_pembuatan:)', [...], false)
 5 SYSTEMPATH\Model.php(330): CodeIgniter\Database\BaseBuilder->insert()
 6 SYSTEMPATH\BaseModel.php(782): CodeIgniter\Model->doInsert([...])
 7 SYSTEMPATH\Model.php(730): CodeIgniter\BaseModel->insert([...], true)
 8 APPPATH\Controllers\Kk.php(35): CodeIgniter\Model->insert([...])
 9 SYSTEMPATH\CodeIgniter.php(932): App\Controllers\Kk->addData()
10 SYSTEMPATH\CodeIgniter.php(497): CodeIgniter\CodeIgniter->runController(Object(App\Controllers\Kk))
11 SYSTEMPATH\CodeIgniter.php(366): CodeIgniter\CodeIgniter->handleRequest(null, Object(Config\Cache), false)
12 FCPATH\index.php(67): CodeIgniter\CodeIgniter->run()
ERROR - 2023-08-13 15:21:43 --> mysqli_sql_exception: Cannot add or update a child row: a foreign key constraint fails (`surat`.`pengantar_kk`, CONSTRAINT `pengantar_kk_ibfk_1` FOREIGN KEY (`id_kategori`) REFERENCES `kategori_surat` (`id_kategori_surat`)) in C:\xampp\htdocs\surat\system\Database\MySQLi\Connection.php:295
Stack trace:
#0 C:\xampp\htdocs\surat\system\Database\MySQLi\Connection.php(295): mysqli->query('INSERT INTO `pe...', 0)
#1 C:\xampp\htdocs\surat\system\Database\BaseConnection.php(692): CodeIgniter\Database\MySQLi\Connection->execute('INSERT INTO `pe...')
#2 C:\xampp\htdocs\surat\system\Database\BaseConnection.php(606): CodeIgniter\Database\BaseConnection->simpleQuery('INSERT INTO `pe...')
#3 C:\xampp\htdocs\surat\system\Database\BaseBuilder.php(2309): CodeIgniter\Database\BaseConnection->query('INSERT INTO `pe...', Array, false)
#4 C:\xampp\htdocs\surat\system\Model.php(330): CodeIgniter\Database\BaseBuilder->insert()
#5 C:\xampp\htdocs\surat\system\BaseModel.php(782): CodeIgniter\Model->doInsert(Array)
#6 C:\xampp\htdocs\surat\system\Model.php(730): CodeIgniter\BaseModel->insert(Array, true)
#7 C:\xampp\htdocs\surat\app\Controllers\Kk.php(35): CodeIgniter\Model->insert(Array)
#8 C:\xampp\htdocs\surat\system\CodeIgniter.php(932): App\Controllers\Kk->addData()
#9 C:\xampp\htdocs\surat\system\CodeIgniter.php(497): CodeIgniter\CodeIgniter->runController(Object(App\Controllers\Kk))
#10 C:\xampp\htdocs\surat\system\CodeIgniter.php(366): CodeIgniter\CodeIgniter->handleRequest(NULL, Object(Config\Cache), false)
#11 C:\xampp\htdocs\surat\public\index.php(67): CodeIgniter\CodeIgniter->run()
#12 {main}
CRITICAL - 2023-08-13 15:21:43 --> Cannot add or update a child row: a foreign key constraint fails (`surat`.`pengantar_kk`, CONSTRAINT `pengantar_kk_ibfk_1` FOREIGN KEY (`id_kategori`) REFERENCES `kategori_surat` (`id_kategori_surat`))
in SYSTEMPATH\Database\MySQLi\Connection.php on line 295.
 1 SYSTEMPATH\Database\MySQLi\Connection.php(295): mysqli->query('INSERT INTO `pengantar_kk` (`id_kategori`, `nama_kk`, `nik_kk`, `alamat`, `desa_kelurahan`, `kecamatan`, `kabupaten_kota`, `provinsi`, `kode_pos`, `jml_anggota`, `tujuan`, `tgl_pembuatan`) VALUES (\'Surat Pengantar KK\', \'Tamarin\', \'1234\', \'Kebumen\', \'Kebumen\', \'Kebumen \', \'Kebumen\', \'Jawa Tengah\', \'6436\', \'5\', \'Pembaruan data\', \'2023-08-13\')', 0)
 2 SYSTEMPATH\Database\BaseConnection.php(692): CodeIgniter\Database\MySQLi\Connection->execute('INSERT INTO `pengantar_kk` (`id_kategori`, `nama_kk`, `nik_kk`, `alamat`, `desa_kelurahan`, `kecamatan`, `kabupaten_kota`, `provinsi`, `kode_pos`, `jml_anggota`, `tujuan`, `tgl_pembuatan`) VALUES (\'Surat Pengantar KK\', \'Tamarin\', \'1234\', \'Kebumen\', \'Kebumen\', \'Kebumen \', \'Kebumen\', \'Jawa Tengah\', \'6436\', \'5\', \'Pembaruan data\', \'2023-08-13\')')
 3 SYSTEMPATH\Database\BaseConnection.php(606): CodeIgniter\Database\BaseConnection->simpleQuery('INSERT INTO `pengantar_kk` (`id_kategori`, `nama_kk`, `nik_kk`, `alamat`, `desa_kelurahan`, `kecamatan`, `kabupaten_kota`, `provinsi`, `kode_pos`, `jml_anggota`, `tujuan`, `tgl_pembuatan`) VALUES (\'Surat Pengantar KK\', \'Tamarin\', \'1234\', \'Kebumen\', \'Kebumen\', \'Kebumen \', \'Kebumen\', \'Jawa Tengah\', \'6436\', \'5\', \'Pembaruan data\', \'2023-08-13\')')
 4 SYSTEMPATH\Database\BaseBuilder.php(2309): CodeIgniter\Database\BaseConnection->query('INSERT INTO `pengantar_kk` (`id_kategori`, `nama_kk`, `nik_kk`, `alamat`, `desa_kelurahan`, `kecamatan`, `kabupaten_kota`, `provinsi`, `kode_pos`, `jml_anggota`, `tujuan`, `tgl_pembuatan`) VALUES (:id_kategori:, :nama_kk:, :nik_kk:, :alamat:, :desa_kelurahan:, :kecamatan:, :kabupaten_kota:, :provinsi:, :kode_pos:, :jml_anggota:, :tujuan:, :tgl_pembuatan:)', [...], false)
 5 SYSTEMPATH\Model.php(330): CodeIgniter\Database\BaseBuilder->insert()
 6 SYSTEMPATH\BaseModel.php(782): CodeIgniter\Model->doInsert([...])
 7 SYSTEMPATH\Model.php(730): CodeIgniter\BaseModel->insert([...], true)
 8 APPPATH\Controllers\Kk.php(35): CodeIgniter\Model->insert([...])
 9 SYSTEMPATH\CodeIgniter.php(932): App\Controllers\Kk->addData()
10 SYSTEMPATH\CodeIgniter.php(497): CodeIgniter\CodeIgniter->runController(Object(App\Controllers\Kk))
11 SYSTEMPATH\CodeIgniter.php(366): CodeIgniter\CodeIgniter->handleRequest(null, Object(Config\Cache), false)
12 FCPATH\index.php(67): CodeIgniter\CodeIgniter->run()
ERROR - 2023-08-13 15:28:57 --> mysqli_sql_exception: Column 'id_kategori_surat' cannot be null in C:\xampp\htdocs\surat\system\Database\MySQLi\Connection.php:295
Stack trace:
#0 C:\xampp\htdocs\surat\system\Database\MySQLi\Connection.php(295): mysqli->query('INSERT INTO `pe...', 0)
#1 C:\xampp\htdocs\surat\system\Database\BaseConnection.php(692): CodeIgniter\Database\MySQLi\Connection->execute('INSERT INTO `pe...')
#2 C:\xampp\htdocs\surat\system\Database\BaseConnection.php(606): CodeIgniter\Database\BaseConnection->simpleQuery('INSERT INTO `pe...')
#3 C:\xampp\htdocs\surat\system\Database\BaseBuilder.php(2309): CodeIgniter\Database\BaseConnection->query('INSERT INTO `pe...', Array, false)
#4 C:\xampp\htdocs\surat\system\Model.php(330): CodeIgniter\Database\BaseBuilder->insert()
#5 C:\xampp\htdocs\surat\system\BaseModel.php(782): CodeIgniter\Model->doInsert(Array)
#6 C:\xampp\htdocs\surat\system\Model.php(730): CodeIgniter\BaseModel->insert(Array, true)
#7 C:\xampp\htdocs\surat\app\Controllers\Kk.php(35): CodeIgniter\Model->insert(Array)
#8 C:\xampp\htdocs\surat\system\CodeIgniter.php(932): App\Controllers\Kk->addData()
#9 C:\xampp\htdocs\surat\system\CodeIgniter.php(497): CodeIgniter\CodeIgniter->runController(Object(App\Controllers\Kk))
#10 C:\xampp\htdocs\surat\system\CodeIgniter.php(366): CodeIgniter\CodeIgniter->handleRequest(NULL, Object(Config\Cache), false)
#11 C:\xampp\htdocs\surat\public\index.php(67): CodeIgniter\CodeIgniter->run()
#12 {main}
CRITICAL - 2023-08-13 15:28:57 --> Column 'id_kategori_surat' cannot be null
in SYSTEMPATH\Database\MySQLi\Connection.php on line 295.
 1 SYSTEMPATH\Database\MySQLi\Connection.php(295): mysqli->query('INSERT INTO `pengantar_kk` (`id_kategori_surat`, `nama_kk`, `nik_kk`, `alamat`, `desa_kelurahan`, `kecamatan`, `kabupaten_kota`, `provinsi`, `kode_pos`, `jml_anggota`, `tujuan`, `tgl_pembuatan`) VALUES (NULL, \'Tamarin\', \'1234\', \'Kebumen\', \'Kebumen\', \'Kebumen \', \'Kebumen\', \'Jawa Tengah\', \'6436\', \'5\', \'Pembaruan data\', \'2023-08-13\')', 0)
 2 SYSTEMPATH\Database\BaseConnection.php(692): CodeIgniter\Database\MySQLi\Connection->execute('INSERT INTO `pengantar_kk` (`id_kategori_surat`, `nama_kk`, `nik_kk`, `alamat`, `desa_kelurahan`, `kecamatan`, `kabupaten_kota`, `provinsi`, `kode_pos`, `jml_anggota`, `tujuan`, `tgl_pembuatan`) VALUES (NULL, \'Tamarin\', \'1234\', \'Kebumen\', \'Kebumen\', \'Kebumen \', \'Kebumen\', \'Jawa Tengah\', \'6436\', \'5\', \'Pembaruan data\', \'2023-08-13\')')
 3 SYSTEMPATH\Database\BaseConnection.php(606): CodeIgniter\Database\BaseConnection->simpleQuery('INSERT INTO `pengantar_kk` (`id_kategori_surat`, `nama_kk`, `nik_kk`, `alamat`, `desa_kelurahan`, `kecamatan`, `kabupaten_kota`, `provinsi`, `kode_pos`, `jml_anggota`, `tujuan`, `tgl_pembuatan`) VALUES (NULL, \'Tamarin\', \'1234\', \'Kebumen\', \'Kebumen\', \'Kebumen \', \'Kebumen\', \'Jawa Tengah\', \'6436\', \'5\', \'Pembaruan data\', \'2023-08-13\')')
 4 SYSTEMPATH\Database\BaseBuilder.php(2309): CodeIgniter\Database\BaseConnection->query('INSERT INTO `pengantar_kk` (`id_kategori_surat`, `nama_kk`, `nik_kk`, `alamat`, `desa_kelurahan`, `kecamatan`, `kabupaten_kota`, `provinsi`, `kode_pos`, `jml_anggota`, `tujuan`, `tgl_pembuatan`) VALUES (:id_kategori_surat:, :nama_kk:, :nik_kk:, :alamat:, :desa_kelurahan:, :kecamatan:, :kabupaten_kota:, :provinsi:, :kode_pos:, :jml_anggota:, :tujuan:, :tgl_pembuatan:)', [...], false)
 5 SYSTEMPATH\Model.php(330): CodeIgniter\Database\BaseBuilder->insert()
 6 SYSTEMPATH\BaseModel.php(782): CodeIgniter\Model->doInsert([...])
 7 SYSTEMPATH\Model.php(730): CodeIgniter\BaseModel->insert([...], true)
 8 APPPATH\Controllers\Kk.php(35): CodeIgniter\Model->insert([...])
 9 SYSTEMPATH\CodeIgniter.php(932): App\Controllers\Kk->addData()
10 SYSTEMPATH\CodeIgniter.php(497): CodeIgniter\CodeIgniter->runController(Object(App\Controllers\Kk))
11 SYSTEMPATH\CodeIgniter.php(366): CodeIgniter\CodeIgniter->handleRequest(null, Object(Config\Cache), false)
12 FCPATH\index.php(67): CodeIgniter\CodeIgniter->run()
ERROR - 2023-08-13 15:30:05 --> mysqli_sql_exception: Column 'id_kategori_surat' cannot be null in C:\xampp\htdocs\surat\system\Database\MySQLi\Connection.php:295
Stack trace:
#0 C:\xampp\htdocs\surat\system\Database\MySQLi\Connection.php(295): mysqli->query('INSERT INTO `pe...', 0)
#1 C:\xampp\htdocs\surat\system\Database\BaseConnection.php(692): CodeIgniter\Database\MySQLi\Connection->execute('INSERT INTO `pe...')
#2 C:\xampp\htdocs\surat\system\Database\BaseConnection.php(606): CodeIgniter\Database\BaseConnection->simpleQuery('INSERT INTO `pe...')
#3 C:\xampp\htdocs\surat\system\Database\BaseBuilder.php(2309): CodeIgniter\Database\BaseConnection->query('INSERT INTO `pe...', Array, false)
#4 C:\xampp\htdocs\surat\system\Model.php(330): CodeIgniter\Database\BaseBuilder->insert()
#5 C:\xampp\htdocs\surat\system\BaseModel.php(782): CodeIgniter\Model->doInsert(Array)
#6 C:\xampp\htdocs\surat\system\Model.php(730): CodeIgniter\BaseModel->insert(Array, true)
#7 C:\xampp\htdocs\surat\app\Controllers\Kk.php(35): CodeIgniter\Model->insert(Array)
#8 C:\xampp\htdocs\surat\system\CodeIgniter.php(932): App\Controllers\Kk->addData()
#9 C:\xampp\htdocs\surat\system\CodeIgniter.php(497): CodeIgniter\CodeIgniter->runController(Object(App\Controllers\Kk))
#10 C:\xampp\htdocs\surat\system\CodeIgniter.php(366): CodeIgniter\CodeIgniter->handleRequest(NULL, Object(Config\Cache), false)
#11 C:\xampp\htdocs\surat\public\index.php(67): CodeIgniter\CodeIgniter->run()
#12 {main}
CRITICAL - 2023-08-13 15:30:05 --> Column 'id_kategori_surat' cannot be null
in SYSTEMPATH\Database\MySQLi\Connection.php on line 295.
 1 SYSTEMPATH\Database\MySQLi\Connection.php(295): mysqli->query('INSERT INTO `pengantar_kk` (`id_kategori_surat`, `nama_kk`, `nik_kk`, `alamat`, `desa_kelurahan`, `kecamatan`, `kabupaten_kota`, `provinsi`, `kode_pos`, `jml_anggota`, `tujuan`, `tgl_pembuatan`) VALUES (NULL, \'Tamarin\', \'1234\', \'Kebumen\', \'Kebumen\', \'Kebumen \', \'Kebumen\', \'Jawa Tengah\', \'6436\', \'5\', \'Pembaruan data\', \'2023-08-13\')', 0)
 2 SYSTEMPATH\Database\BaseConnection.php(692): CodeIgniter\Database\MySQLi\Connection->execute('INSERT INTO `pengantar_kk` (`id_kategori_surat`, `nama_kk`, `nik_kk`, `alamat`, `desa_kelurahan`, `kecamatan`, `kabupaten_kota`, `provinsi`, `kode_pos`, `jml_anggota`, `tujuan`, `tgl_pembuatan`) VALUES (NULL, \'Tamarin\', \'1234\', \'Kebumen\', \'Kebumen\', \'Kebumen \', \'Kebumen\', \'Jawa Tengah\', \'6436\', \'5\', \'Pembaruan data\', \'2023-08-13\')')
 3 SYSTEMPATH\Database\BaseConnection.php(606): CodeIgniter\Database\BaseConnection->simpleQuery('INSERT INTO `pengantar_kk` (`id_kategori_surat`, `nama_kk`, `nik_kk`, `alamat`, `desa_kelurahan`, `kecamatan`, `kabupaten_kota`, `provinsi`, `kode_pos`, `jml_anggota`, `tujuan`, `tgl_pembuatan`) VALUES (NULL, \'Tamarin\', \'1234\', \'Kebumen\', \'Kebumen\', \'Kebumen \', \'Kebumen\', \'Jawa Tengah\', \'6436\', \'5\', \'Pembaruan data\', \'2023-08-13\')')
 4 SYSTEMPATH\Database\BaseBuilder.php(2309): CodeIgniter\Database\BaseConnection->query('INSERT INTO `pengantar_kk` (`id_kategori_surat`, `nama_kk`, `nik_kk`, `alamat`, `desa_kelurahan`, `kecamatan`, `kabupaten_kota`, `provinsi`, `kode_pos`, `jml_anggota`, `tujuan`, `tgl_pembuatan`) VALUES (:id_kategori_surat:, :nama_kk:, :nik_kk:, :alamat:, :desa_kelurahan:, :kecamatan:, :kabupaten_kota:, :provinsi:, :kode_pos:, :jml_anggota:, :tujuan:, :tgl_pembuatan:)', [...], false)
 5 SYSTEMPATH\Model.php(330): CodeIgniter\Database\BaseBuilder->insert()
 6 SYSTEMPATH\BaseModel.php(782): CodeIgniter\Model->doInsert([...])
 7 SYSTEMPATH\Model.php(730): CodeIgniter\BaseModel->insert([...], true)
 8 APPPATH\Controllers\Kk.php(35): CodeIgniter\Model->insert([...])
 9 SYSTEMPATH\CodeIgniter.php(932): App\Controllers\Kk->addData()
10 SYSTEMPATH\CodeIgniter.php(497): CodeIgniter\CodeIgniter->runController(Object(App\Controllers\Kk))
11 SYSTEMPATH\CodeIgniter.php(366): CodeIgniter\CodeIgniter->handleRequest(null, Object(Config\Cache), false)
12 FCPATH\index.php(67): CodeIgniter\CodeIgniter->run()
INFO - 2023-08-13 15:31:16 --> Session: Class initialized using 'CodeIgniter\Session\Handlers\FileHandler' driver.
CRITICAL - 2023-08-13 15:31:16 --> Undefined variable $kategoriOptions
in APPPATH\Views\kk.php on line 37.
 1 APPPATH\Views\kk.php(37): CodeIgniter\Debug\Exceptions->errorHandler(2, 'Undefined variable $kategoriOptions', 'C:\\xampp\\htdocs\\surat\\app\\Views\\kk.php', 37)
 2 SYSTEMPATH\View\View.php(224): include('C:\\xampp\\htdocs\\surat\\app\\Views\\kk.php')
 3 SYSTEMPATH\View\View.php(227): CodeIgniter\View\View->CodeIgniter\View\{closure}()
 4 SYSTEMPATH\Common.php(1180): CodeIgniter\View\View->render('/kk', [], true)
 5 APPPATH\Controllers\Kk.php(12): view('/kk')
 6 SYSTEMPATH\CodeIgniter.php(932): App\Controllers\Kk->index()
 7 SYSTEMPATH\CodeIgniter.php(497): CodeIgniter\CodeIgniter->runController(Object(App\Controllers\Kk))
 8 SYSTEMPATH\CodeIgniter.php(366): CodeIgniter\CodeIgniter->handleRequest(null, Object(Config\Cache), false)
 9 FCPATH\index.php(67): CodeIgniter\CodeIgniter->run()
CRITICAL - 2023-08-13 15:55:42 --> syntax error, unexpected token "public"
in APPPATH\Controllers\Kk.php on line 91.
 1 SYSTEMPATH\Autoloader\Autoloader.php(289): CodeIgniter\Autoloader\Autoloader->includeFile('C:\\xampp\\htdocs\\surat\\app\\Controllers\\Kk.php')
 2 SYSTEMPATH\Autoloader\Autoloader.php(267): CodeIgniter\Autoloader\Autoloader->loadInNamespace('App\\Controllers\\Kk')
 3 [internal function]: CodeIgniter\Autoloader\Autoloader->loadClass('App\\Controllers\\Kk')
 4 SYSTEMPATH\CodeIgniter.php(890): class_exists('\\App\\Controllers\\Kk', true)
 5 SYSTEMPATH\CodeIgniter.php(484): CodeIgniter\CodeIgniter->startController()
 6 SYSTEMPATH\CodeIgniter.php(366): CodeIgniter\CodeIgniter->handleRequest(null, Object(Config\Cache), false)
 7 FCPATH\index.php(67): CodeIgniter\CodeIgniter->run()
CRITICAL - 2023-08-13 15:55:48 --> syntax error, unexpected token "public"
in APPPATH\Controllers\Kk.php on line 91.
 1 SYSTEMPATH\Autoloader\Autoloader.php(289): CodeIgniter\Autoloader\Autoloader->includeFile('C:\\xampp\\htdocs\\surat\\app\\Controllers\\Kk.php')
 2 SYSTEMPATH\Autoloader\Autoloader.php(267): CodeIgniter\Autoloader\Autoloader->loadInNamespace('App\\Controllers\\Kk')
 3 [internal function]: CodeIgniter\Autoloader\Autoloader->loadClass('App\\Controllers\\Kk')
 4 SYSTEMPATH\CodeIgniter.php(890): class_exists('\\App\\Controllers\\Kk', true)
 5 SYSTEMPATH\CodeIgniter.php(484): CodeIgniter\CodeIgniter->startController()
 6 SYSTEMPATH\CodeIgniter.php(366): CodeIgniter\CodeIgniter->handleRequest(null, Object(Config\Cache), false)
 7 FCPATH\index.php(67): CodeIgniter\CodeIgniter->run()
INFO - 2023-08-13 16:01:21 --> Session: Class initialized using 'CodeIgniter\Session\Handlers\FileHandler' driver.
CRITICAL - 2023-08-13 16:01:21 --> Undefined variable $kategoriOptions
in APPPATH\Views\kk.php on line 37.
 1 APPPATH\Views\kk.php(37): CodeIgniter\Debug\Exceptions->errorHandler(2, 'Undefined variable $kategoriOptions', 'C:\\xampp\\htdocs\\surat\\app\\Views\\kk.php', 37)
 2 SYSTEMPATH\View\View.php(224): include('C:\\xampp\\htdocs\\surat\\app\\Views\\kk.php')
 3 SYSTEMPATH\View\View.php(227): CodeIgniter\View\View->CodeIgniter\View\{closure}()
 4 SYSTEMPATH\Common.php(1180): CodeIgniter\View\View->render('/kk', [], true)
 5 APPPATH\Controllers\Kk.php(13): view('/kk')
 6 SYSTEMPATH\CodeIgniter.php(932): App\Controllers\Kk->index()
 7 SYSTEMPATH\CodeIgniter.php(497): CodeIgniter\CodeIgniter->runController(Object(App\Controllers\Kk))
 8 SYSTEMPATH\CodeIgniter.php(366): CodeIgniter\CodeIgniter->handleRequest(null, Object(Config\Cache), false)
 9 FCPATH\index.php(67): CodeIgniter\CodeIgniter->run()
INFO - 2023-08-13 16:05:32 --> Session: Class initialized using 'CodeIgniter\Session\Handlers\FileHandler' driver.
INFO - 2023-08-13 16:06:27 --> Session: Class initialized using 'CodeIgniter\Session\Handlers\FileHandler' driver.
INFO - 2023-08-13 16:07:40 --> Session: Class initialized using 'CodeIgniter\Session\Handlers\FileHandler' driver.
ERROR - 2023-08-13 16:08:16 --> mysqli_sql_exception: Cannot add or update a child row: a foreign key constraint fails (`surat`.`pengantar_kk`, CONSTRAINT `pengantar_kk_ibfk_1` FOREIGN KEY (`id_kategori_surat`) REFERENCES `kategori_surat` (`id_kategori_surat`)) in C:\xampp\htdocs\surat\system\Database\MySQLi\Connection.php:295
Stack trace:
#0 C:\xampp\htdocs\surat\system\Database\MySQLi\Connection.php(295): mysqli->query('INSERT INTO `pe...', 0)
#1 C:\xampp\htdocs\surat\system\Database\BaseConnection.php(692): CodeIgniter\Database\MySQLi\Connection->execute('INSERT INTO `pe...')
#2 C:\xampp\htdocs\surat\system\Database\BaseConnection.php(606): CodeIgniter\Database\BaseConnection->simpleQuery('INSERT INTO `pe...')
#3 C:\xampp\htdocs\surat\system\Database\BaseBuilder.php(2309): CodeIgniter\Database\BaseConnection->query('INSERT INTO `pe...', Array, false)
#4 C:\xampp\htdocs\surat\system\Model.php(330): CodeIgniter\Database\BaseBuilder->insert()
#5 C:\xampp\htdocs\surat\system\BaseModel.php(782): CodeIgniter\Model->doInsert(Array)
#6 C:\xampp\htdocs\surat\system\Model.php(730): CodeIgniter\BaseModel->insert(Array, true)
#7 C:\xampp\htdocs\surat\app\Controllers\Kk.php(46): CodeIgniter\Model->insert(Array)
#8 C:\xampp\htdocs\surat\system\CodeIgniter.php(932): App\Controllers\Kk->addData()
#9 C:\xampp\htdocs\surat\system\CodeIgniter.php(497): CodeIgniter\CodeIgniter->runController(Object(App\Controllers\Kk))
#10 C:\xampp\htdocs\surat\system\CodeIgniter.php(366): CodeIgniter\CodeIgniter->handleRequest(NULL, Object(Config\Cache), false)
#11 C:\xampp\htdocs\surat\public\index.php(67): CodeIgniter\CodeIgniter->run()
#12 {main}
CRITICAL - 2023-08-13 16:08:16 --> Cannot add or update a child row: a foreign key constraint fails (`surat`.`pengantar_kk`, CONSTRAINT `pengantar_kk_ibfk_1` FOREIGN KEY (`id_kategori_surat`) REFERENCES `kategori_surat` (`id_kategori_surat`))
in SYSTEMPATH\Database\MySQLi\Connection.php on line 295.
 1 SYSTEMPATH\Database\MySQLi\Connection.php(295): mysqli->query('INSERT INTO `pengantar_kk` (`nama_kk`, `nik_kk`, `alamat`, `desa_kelurahan`, `kecamatan`, `kabupaten_kota`, `provinsi`, `kode_pos`, `jml_anggota`, `tujuan`, `tgl_pembuatan`) VALUES (\'Elsa Kamilaa\', \'654321\', \'Kebumen\', \'Kebumen\', \'Kebumen \', \'Kebumen\', \'Jawa Tengah\', \'6436\', \'3\', \'Pembaruan data\', \'2023-08-13\')', 0)
 2 SYSTEMPATH\Database\BaseConnection.php(692): CodeIgniter\Database\MySQLi\Connection->execute('INSERT INTO `pengantar_kk` (`nama_kk`, `nik_kk`, `alamat`, `desa_kelurahan`, `kecamatan`, `kabupaten_kota`, `provinsi`, `kode_pos`, `jml_anggota`, `tujuan`, `tgl_pembuatan`) VALUES (\'Elsa Kamilaa\', \'654321\', \'Kebumen\', \'Kebumen\', \'Kebumen \', \'Kebumen\', \'Jawa Tengah\', \'6436\', \'3\', \'Pembaruan data\', \'2023-08-13\')')
 3 SYSTEMPATH\Database\BaseConnection.php(606): CodeIgniter\Database\BaseConnection->simpleQuery('INSERT INTO `pengantar_kk` (`nama_kk`, `nik_kk`, `alamat`, `desa_kelurahan`, `kecamatan`, `kabupaten_kota`, `provinsi`, `kode_pos`, `jml_anggota`, `tujuan`, `tgl_pembuatan`) VALUES (\'Elsa Kamilaa\', \'654321\', \'Kebumen\', \'Kebumen\', \'Kebumen \', \'Kebumen\', \'Jawa Tengah\', \'6436\', \'3\', \'Pembaruan data\', \'2023-08-13\')')
 4 SYSTEMPATH\Database\BaseBuilder.php(2309): CodeIgniter\Database\BaseConnection->query('INSERT INTO `pengantar_kk` (`nama_kk`, `nik_kk`, `alamat`, `desa_kelurahan`, `kecamatan`, `kabupaten_kota`, `provinsi`, `kode_pos`, `jml_anggota`, `tujuan`, `tgl_pembuatan`) VALUES (:nama_kk:, :nik_kk:, :alamat:, :desa_kelurahan:, :kecamatan:, :kabupaten_kota:, :provinsi:, :kode_pos:, :jml_anggota:, :tujuan:, :tgl_pembuatan:)', [...], false)
 5 SYSTEMPATH\Model.php(330): CodeIgniter\Database\BaseBuilder->insert()
 6 SYSTEMPATH\BaseModel.php(782): CodeIgniter\Model->doInsert([...])
 7 SYSTEMPATH\Model.php(730): CodeIgniter\BaseModel->insert([...], true)
 8 APPPATH\Controllers\Kk.php(46): CodeIgniter\Model->insert([...])
 9 SYSTEMPATH\CodeIgniter.php(932): App\Controllers\Kk->addData()
10 SYSTEMPATH\CodeIgniter.php(497): CodeIgniter\CodeIgniter->runController(Object(App\Controllers\Kk))
11 SYSTEMPATH\CodeIgniter.php(366): CodeIgniter\CodeIgniter->handleRequest(null, Object(Config\Cache), false)
12 FCPATH\index.php(67): CodeIgniter\CodeIgniter->run()
ERROR - 2023-08-13 16:18:12 --> mysqli_sql_exception: Cannot add or update a child row: a foreign key constraint fails (`surat`.`pengantar_kk`, CONSTRAINT `pengantar_kk_ibfk_1` FOREIGN KEY (`id_kategori_surat`) REFERENCES `kategori_surat` (`id_kategori_surat`)) in C:\xampp\htdocs\surat\system\Database\MySQLi\Connection.php:295
Stack trace:
#0 C:\xampp\htdocs\surat\system\Database\MySQLi\Connection.php(295): mysqli->query('INSERT INTO `pe...', 0)
#1 C:\xampp\htdocs\surat\system\Database\BaseConnection.php(692): CodeIgniter\Database\MySQLi\Connection->execute('INSERT INTO `pe...')
#2 C:\xampp\htdocs\surat\system\Database\BaseConnection.php(606): CodeIgniter\Database\BaseConnection->simpleQuery('INSERT INTO `pe...')
#3 C:\xampp\htdocs\surat\system\Database\BaseBuilder.php(2309): CodeIgniter\Database\BaseConnection->query('INSERT INTO `pe...', Array, false)
#4 C:\xampp\htdocs\surat\system\Model.php(330): CodeIgniter\Database\BaseBuilder->insert()
#5 C:\xampp\htdocs\surat\system\BaseModel.php(782): CodeIgniter\Model->doInsert(Array)
#6 C:\xampp\htdocs\surat\system\Model.php(730): CodeIgniter\BaseModel->insert(Array, true)
#7 C:\xampp\htdocs\surat\app\Controllers\Kk.php(44): CodeIgniter\Model->insert(Array)
#8 C:\xampp\htdocs\surat\system\CodeIgniter.php(932): App\Controllers\Kk->addData()
#9 C:\xampp\htdocs\surat\system\CodeIgniter.php(497): CodeIgniter\CodeIgniter->runController(Object(App\Controllers\Kk))
#10 C:\xampp\htdocs\surat\system\CodeIgniter.php(366): CodeIgniter\CodeIgniter->handleRequest(NULL, Object(Config\Cache), false)
#11 C:\xampp\htdocs\surat\public\index.php(67): CodeIgniter\CodeIgniter->run()
#12 {main}
CRITICAL - 2023-08-13 16:18:12 --> Cannot add or update a child row: a foreign key constraint fails (`surat`.`pengantar_kk`, CONSTRAINT `pengantar_kk_ibfk_1` FOREIGN KEY (`id_kategori_surat`) REFERENCES `kategori_surat` (`id_kategori_surat`))
in SYSTEMPATH\Database\MySQLi\Connection.php on line 295.
 1 SYSTEMPATH\Database\MySQLi\Connection.php(295): mysqli->query('INSERT INTO `pengantar_kk` (`nama_kk`, `nik_kk`, `alamat`, `desa_kelurahan`, `kecamatan`, `kabupaten_kota`, `provinsi`, `kode_pos`, `jml_anggota`, `tujuan`, `tgl_pembuatan`) VALUES (\'Elsa Kamilaa\', \'654321\', \'Kebumen\', \'Kebumen\', \'Kebumen \', \'Kebumen\', \'Jawa Tengah\', \'6436\', \'3\', \'Pembaruan data\', \'2023-08-13\')', 0)
 2 SYSTEMPATH\Database\BaseConnection.php(692): CodeIgniter\Database\MySQLi\Connection->execute('INSERT INTO `pengantar_kk` (`nama_kk`, `nik_kk`, `alamat`, `desa_kelurahan`, `kecamatan`, `kabupaten_kota`, `provinsi`, `kode_pos`, `jml_anggota`, `tujuan`, `tgl_pembuatan`) VALUES (\'Elsa Kamilaa\', \'654321\', \'Kebumen\', \'Kebumen\', \'Kebumen \', \'Kebumen\', \'Jawa Tengah\', \'6436\', \'3\', \'Pembaruan data\', \'2023-08-13\')')
 3 SYSTEMPATH\Database\BaseConnection.php(606): CodeIgniter\Database\BaseConnection->simpleQuery('INSERT INTO `pengantar_kk` (`nama_kk`, `nik_kk`, `alamat`, `desa_kelurahan`, `kecamatan`, `kabupaten_kota`, `provinsi`, `kode_pos`, `jml_anggota`, `tujuan`, `tgl_pembuatan`) VALUES (\'Elsa Kamilaa\', \'654321\', \'Kebumen\', \'Kebumen\', \'Kebumen \', \'Kebumen\', \'Jawa Tengah\', \'6436\', \'3\', \'Pembaruan data\', \'2023-08-13\')')
 4 SYSTEMPATH\Database\BaseBuilder.php(2309): CodeIgniter\Database\BaseConnection->query('INSERT INTO `pengantar_kk` (`nama_kk`, `nik_kk`, `alamat`, `desa_kelurahan`, `kecamatan`, `kabupaten_kota`, `provinsi`, `kode_pos`, `jml_anggota`, `tujuan`, `tgl_pembuatan`) VALUES (:nama_kk:, :nik_kk:, :alamat:, :desa_kelurahan:, :kecamatan:, :kabupaten_kota:, :provinsi:, :kode_pos:, :jml_anggota:, :tujuan:, :tgl_pembuatan:)', [...], false)
 5 SYSTEMPATH\Model.php(330): CodeIgniter\Database\BaseBuilder->insert()
 6 SYSTEMPATH\BaseModel.php(782): CodeIgniter\Model->doInsert([...])
 7 SYSTEMPATH\Model.php(730): CodeIgniter\BaseModel->insert([...], true)
 8 APPPATH\Controllers\Kk.php(44): CodeIgniter\Model->insert([...])
 9 SYSTEMPATH\CodeIgniter.php(932): App\Controllers\Kk->addData()
10 SYSTEMPATH\CodeIgniter.php(497): CodeIgniter\CodeIgniter->runController(Object(App\Controllers\Kk))
11 SYSTEMPATH\CodeIgniter.php(366): CodeIgniter\CodeIgniter->handleRequest(null, Object(Config\Cache), false)
12 FCPATH\index.php(67): CodeIgniter\CodeIgniter->run()
ERROR - 2023-08-13 16:19:02 --> mysqli_sql_exception: Cannot add or update a child row: a foreign key constraint fails (`surat`.`pengantar_kk`, CONSTRAINT `pengantar_kk_ibfk_1` FOREIGN KEY (`id_kategori_surat`) REFERENCES `kategori_surat` (`id_kategori_surat`)) in C:\xampp\htdocs\surat\system\Database\MySQLi\Connection.php:295
Stack trace:
#0 C:\xampp\htdocs\surat\system\Database\MySQLi\Connection.php(295): mysqli->query('INSERT INTO `pe...', 0)
#1 C:\xampp\htdocs\surat\system\Database\BaseConnection.php(692): CodeIgniter\Database\MySQLi\Connection->execute('INSERT INTO `pe...')
#2 C:\xampp\htdocs\surat\system\Database\BaseConnection.php(606): CodeIgniter\Database\BaseConnection->simpleQuery('INSERT INTO `pe...')
#3 C:\xampp\htdocs\surat\system\Database\BaseBuilder.php(2309): CodeIgniter\Database\BaseConnection->query('INSERT INTO `pe...', Array, false)
#4 C:\xampp\htdocs\surat\system\Model.php(330): CodeIgniter\Database\BaseBuilder->insert()
#5 C:\xampp\htdocs\surat\system\BaseModel.php(782): CodeIgniter\Model->doInsert(Array)
#6 C:\xampp\htdocs\surat\system\Model.php(730): CodeIgniter\BaseModel->insert(Array, true)
#7 C:\xampp\htdocs\surat\app\Controllers\Kk.php(44): CodeIgniter\Model->insert(Array)
#8 C:\xampp\htdocs\surat\system\CodeIgniter.php(932): App\Controllers\Kk->addData()
#9 C:\xampp\htdocs\surat\system\CodeIgniter.php(497): CodeIgniter\CodeIgniter->runController(Object(App\Controllers\Kk))
#10 C:\xampp\htdocs\surat\system\CodeIgniter.php(366): CodeIgniter\CodeIgniter->handleRequest(NULL, Object(Config\Cache), false)
#11 C:\xampp\htdocs\surat\public\index.php(67): CodeIgniter\CodeIgniter->run()
#12 {main}
CRITICAL - 2023-08-13 16:19:02 --> Cannot add or update a child row: a foreign key constraint fails (`surat`.`pengantar_kk`, CONSTRAINT `pengantar_kk_ibfk_1` FOREIGN KEY (`id_kategori_surat`) REFERENCES `kategori_surat` (`id_kategori_surat`))
in SYSTEMPATH\Database\MySQLi\Connection.php on line 295.
 1 SYSTEMPATH\Database\MySQLi\Connection.php(295): mysqli->query('INSERT INTO `pengantar_kk` (`nama_kk`, `nik_kk`, `alamat`, `desa_kelurahan`, `kecamatan`, `kabupaten_kota`, `provinsi`, `kode_pos`, `jml_anggota`, `tujuan`, `tgl_pembuatan`) VALUES (\'Elsa Kamilaa\', \'654321\', \'Kebumen\', \'Kebumen\', \'Kebumen \', \'Kebumen\', \'Jawa Tengah\', \'6436\', \'3\', \'Pembaruan data\', \'2023-08-13\')', 0)
 2 SYSTEMPATH\Database\BaseConnection.php(692): CodeIgniter\Database\MySQLi\Connection->execute('INSERT INTO `pengantar_kk` (`nama_kk`, `nik_kk`, `alamat`, `desa_kelurahan`, `kecamatan`, `kabupaten_kota`, `provinsi`, `kode_pos`, `jml_anggota`, `tujuan`, `tgl_pembuatan`) VALUES (\'Elsa Kamilaa\', \'654321\', \'Kebumen\', \'Kebumen\', \'Kebumen \', \'Kebumen\', \'Jawa Tengah\', \'6436\', \'3\', \'Pembaruan data\', \'2023-08-13\')')
 3 SYSTEMPATH\Database\BaseConnection.php(606): CodeIgniter\Database\BaseConnection->simpleQuery('INSERT INTO `pengantar_kk` (`nama_kk`, `nik_kk`, `alamat`, `desa_kelurahan`, `kecamatan`, `kabupaten_kota`, `provinsi`, `kode_pos`, `jml_anggota`, `tujuan`, `tgl_pembuatan`) VALUES (\'Elsa Kamilaa\', \'654321\', \'Kebumen\', \'Kebumen\', \'Kebumen \', \'Kebumen\', \'Jawa Tengah\', \'6436\', \'3\', \'Pembaruan data\', \'2023-08-13\')')
 4 SYSTEMPATH\Database\BaseBuilder.php(2309): CodeIgniter\Database\BaseConnection->query('INSERT INTO `pengantar_kk` (`nama_kk`, `nik_kk`, `alamat`, `desa_kelurahan`, `kecamatan`, `kabupaten_kota`, `provinsi`, `kode_pos`, `jml_anggota`, `tujuan`, `tgl_pembuatan`) VALUES (:nama_kk:, :nik_kk:, :alamat:, :desa_kelurahan:, :kecamatan:, :kabupaten_kota:, :provinsi:, :kode_pos:, :jml_anggota:, :tujuan:, :tgl_pembuatan:)', [...], false)
 5 SYSTEMPATH\Model.php(330): CodeIgniter\Database\BaseBuilder->insert()
 6 SYSTEMPATH\BaseModel.php(782): CodeIgniter\Model->doInsert([...])
 7 SYSTEMPATH\Model.php(730): CodeIgniter\BaseModel->insert([...], true)
 8 APPPATH\Controllers\Kk.php(44): CodeIgniter\Model->insert([...])
 9 SYSTEMPATH\CodeIgniter.php(932): App\Controllers\Kk->addData()
10 SYSTEMPATH\CodeIgniter.php(497): CodeIgniter\CodeIgniter->runController(Object(App\Controllers\Kk))
11 SYSTEMPATH\CodeIgniter.php(366): CodeIgniter\CodeIgniter->handleRequest(null, Object(Config\Cache), false)
12 FCPATH\index.php(67): CodeIgniter\CodeIgniter->run()
INFO - 2023-08-13 16:29:18 --> Session: Class initialized using 'CodeIgniter\Session\Handlers\FileHandler' driver.
INFO - 2023-08-13 16:29:20 --> Session: Class initialized using 'CodeIgniter\Session\Handlers\FileHandler' driver.
INFO - 2023-08-13 16:29:30 --> Session: Class initialized using 'CodeIgniter\Session\Handlers\FileHandler' driver.
CRITICAL - 2023-08-13 16:29:30 --> Undefined variable $kategoriOptions
in APPPATH\Views\datakk.php on line 186.
 1 APPPATH\Views\datakk.php(186): CodeIgniter\Debug\Exceptions->errorHandler(2, 'Undefined variable $kategoriOptions', 'C:\\xampp\\htdocs\\surat\\app\\Views\\datakk.php', 186)
 2 SYSTEMPATH\View\View.php(224): include('C:\\xampp\\htdocs\\surat\\app\\Views\\datakk.php')
 3 SYSTEMPATH\View\View.php(227): CodeIgniter\View\View->CodeIgniter\View\{closure}()
 4 SYSTEMPATH\Common.php(1180): CodeIgniter\View\View->render('/datakk', [], true)
 5 APPPATH\Controllers\Datakk.php(37): view('/datakk', [...])
 6 SYSTEMPATH\CodeIgniter.php(932): App\Controllers\Datakk->index()
 7 SYSTEMPATH\CodeIgniter.php(497): CodeIgniter\CodeIgniter->runController(Object(App\Controllers\Datakk))
 8 SYSTEMPATH\CodeIgniter.php(366): CodeIgniter\CodeIgniter->handleRequest(null, Object(Config\Cache), false)
 9 FCPATH\index.php(67): CodeIgniter\CodeIgniter->run()
INFO - 2023-08-13 16:55:32 --> Session: Class initialized using 'CodeIgniter\Session\Handlers\FileHandler' driver.
INFO - 2023-08-13 16:55:32 --> Session: Class initialized using 'CodeIgniter\Session\Handlers\FileHandler' driver.
CRITICAL - 2023-08-13 16:55:32 --> Undefined variable $kategoriOptions
in APPPATH\Views\datakk.php on line 185.
 1 APPPATH\Views\datakk.php(185): CodeIgniter\Debug\Exceptions->errorHandler(2, 'Undefined variable $kategoriOptions', 'C:\\xampp\\htdocs\\surat\\app\\Views\\datakk.php', 185)
 2 SYSTEMPATH\View\View.php(224): include('C:\\xampp\\htdocs\\surat\\app\\Views\\datakk.php')
 3 SYSTEMPATH\View\View.php(227): CodeIgniter\View\View->CodeIgniter\View\{closure}()
 4 SYSTEMPATH\Common.php(1180): CodeIgniter\View\View->render('/datakk', [], true)
 5 APPPATH\Controllers\Datakk.php(37): view('/datakk', [...])
 6 SYSTEMPATH\CodeIgniter.php(932): App\Controllers\Datakk->index()
 7 SYSTEMPATH\CodeIgniter.php(497): CodeIgniter\CodeIgniter->runController(Object(App\Controllers\Datakk))
 8 SYSTEMPATH\CodeIgniter.php(366): CodeIgniter\CodeIgniter->handleRequest(null, Object(Config\Cache), false)
 9 FCPATH\index.php(67): CodeIgniter\CodeIgniter->run()
CRITICAL - 2023-08-13 16:55:32 --> Undefined variable $kategoriOptions
in APPPATH\Views\datakk.php on line 185.
 1 APPPATH\Views\datakk.php(185): CodeIgniter\Debug\Exceptions->errorHandler(2, 'Undefined variable $kategoriOptions', 'C:\\xampp\\htdocs\\surat\\app\\Views\\datakk.php', 185)
 2 SYSTEMPATH\View\View.php(224): include('C:\\xampp\\htdocs\\surat\\app\\Views\\datakk.php')
 3 SYSTEMPATH\View\View.php(227): CodeIgniter\View\View->CodeIgniter\View\{closure}()
 4 SYSTEMPATH\Common.php(1180): CodeIgniter\View\View->render('/datakk', [], true)
 5 APPPATH\Controllers\Datakk.php(37): view('/datakk', [...])
 6 SYSTEMPATH\CodeIgniter.php(932): App\Controllers\Datakk->index()
 7 SYSTEMPATH\CodeIgniter.php(497): CodeIgniter\CodeIgniter->runController(Object(App\Controllers\Datakk))
 8 SYSTEMPATH\CodeIgniter.php(366): CodeIgniter\CodeIgniter->handleRequest(null, Object(Config\Cache), false)
 9 FCPATH\index.php(67): CodeIgniter\CodeIgniter->run()
INFO - 2023-08-13 16:55:34 --> Session: Class initialized using 'CodeIgniter\Session\Handlers\FileHandler' driver.
CRITICAL - 2023-08-13 16:55:34 --> Undefined variable $kategoriOptions
in APPPATH\Views\datakk.php on line 185.
 1 APPPATH\Views\datakk.php(185): CodeIgniter\Debug\Exceptions->errorHandler(2, 'Undefined variable $kategoriOptions', 'C:\\xampp\\htdocs\\surat\\app\\Views\\datakk.php', 185)
 2 SYSTEMPATH\View\View.php(224): include('C:\\xampp\\htdocs\\surat\\app\\Views\\datakk.php')
 3 SYSTEMPATH\View\View.php(227): CodeIgniter\View\View->CodeIgniter\View\{closure}()
 4 SYSTEMPATH\Common.php(1180): CodeIgniter\View\View->render('/datakk', [], true)
 5 APPPATH\Controllers\Datakk.php(37): view('/datakk', [...])
 6 SYSTEMPATH\CodeIgniter.php(932): App\Controllers\Datakk->index()
 7 SYSTEMPATH\CodeIgniter.php(497): CodeIgniter\CodeIgniter->runController(Object(App\Controllers\Datakk))
 8 SYSTEMPATH\CodeIgniter.php(366): CodeIgniter\CodeIgniter->handleRequest(null, Object(Config\Cache), false)
 9 FCPATH\index.php(67): CodeIgniter\CodeIgniter->run()
INFO - 2023-08-13 16:55:38 --> Session: Class initialized using 'CodeIgniter\Session\Handlers\FileHandler' driver.
CRITICAL - 2023-08-13 16:55:38 --> Undefined variable $kategoriOptions
in APPPATH\Views\datakk.php on line 185.
 1 APPPATH\Views\datakk.php(185): CodeIgniter\Debug\Exceptions->errorHandler(2, 'Undefined variable $kategoriOptions', 'C:\\xampp\\htdocs\\surat\\app\\Views\\datakk.php', 185)
 2 SYSTEMPATH\View\View.php(224): include('C:\\xampp\\htdocs\\surat\\app\\Views\\datakk.php')
 3 SYSTEMPATH\View\View.php(227): CodeIgniter\View\View->CodeIgniter\View\{closure}()
 4 SYSTEMPATH\Common.php(1180): CodeIgniter\View\View->render('/datakk', [], true)
 5 APPPATH\Controllers\Datakk.php(37): view('/datakk', [...])
 6 SYSTEMPATH\CodeIgniter.php(932): App\Controllers\Datakk->index()
 7 SYSTEMPATH\CodeIgniter.php(497): CodeIgniter\CodeIgniter->runController(Object(App\Controllers\Datakk))
 8 SYSTEMPATH\CodeIgniter.php(366): CodeIgniter\CodeIgniter->handleRequest(null, Object(Config\Cache), false)
 9 FCPATH\index.php(67): CodeIgniter\CodeIgniter->run()
INFO - 2023-08-13 16:55:39 --> Session: Class initialized using 'CodeIgniter\Session\Handlers\FileHandler' driver.
CRITICAL - 2023-08-13 16:55:39 --> Undefined variable $kategoriOptions
in APPPATH\Views\datakk.php on line 185.
 1 APPPATH\Views\datakk.php(185): CodeIgniter\Debug\Exceptions->errorHandler(2, 'Undefined variable $kategoriOptions', 'C:\\xampp\\htdocs\\surat\\app\\Views\\datakk.php', 185)
 2 SYSTEMPATH\View\View.php(224): include('C:\\xampp\\htdocs\\surat\\app\\Views\\datakk.php')
 3 SYSTEMPATH\View\View.php(227): CodeIgniter\View\View->CodeIgniter\View\{closure}()
 4 SYSTEMPATH\Common.php(1180): CodeIgniter\View\View->render('/datakk', [], true)
 5 APPPATH\Controllers\Datakk.php(37): view('/datakk', [...])
 6 SYSTEMPATH\CodeIgniter.php(932): App\Controllers\Datakk->index()
 7 SYSTEMPATH\CodeIgniter.php(497): CodeIgniter\CodeIgniter->runController(Object(App\Controllers\Datakk))
 8 SYSTEMPATH\CodeIgniter.php(366): CodeIgniter\CodeIgniter->handleRequest(null, Object(Config\Cache), false)
 9 FCPATH\index.php(67): CodeIgniter\CodeIgniter->run()
INFO - 2023-08-13 16:55:40 --> Session: Class initialized using 'CodeIgniter\Session\Handlers\FileHandler' driver.
CRITICAL - 2023-08-13 16:55:40 --> Undefined variable $kategoriOptions
in APPPATH\Views\datakk.php on line 185.
 1 APPPATH\Views\datakk.php(185): CodeIgniter\Debug\Exceptions->errorHandler(2, 'Undefined variable $kategoriOptions', 'C:\\xampp\\htdocs\\surat\\app\\Views\\datakk.php', 185)
 2 SYSTEMPATH\View\View.php(224): include('C:\\xampp\\htdocs\\surat\\app\\Views\\datakk.php')
 3 SYSTEMPATH\View\View.php(227): CodeIgniter\View\View->CodeIgniter\View\{closure}()
 4 SYSTEMPATH\Common.php(1180): CodeIgniter\View\View->render('/datakk', [], true)
 5 APPPATH\Controllers\Datakk.php(37): view('/datakk', [...])
 6 SYSTEMPATH\CodeIgniter.php(932): App\Controllers\Datakk->index()
 7 SYSTEMPATH\CodeIgniter.php(497): CodeIgniter\CodeIgniter->runController(Object(App\Controllers\Datakk))
 8 SYSTEMPATH\CodeIgniter.php(366): CodeIgniter\CodeIgniter->handleRequest(null, Object(Config\Cache), false)
 9 FCPATH\index.php(67): CodeIgniter\CodeIgniter->run()
INFO - 2023-08-13 16:56:28 --> Session: Class initialized using 'CodeIgniter\Session\Handlers\FileHandler' driver.
CRITICAL - 2023-08-13 16:56:28 --> Undefined variable $kategoriOptions
in APPPATH\Views\datakk.php on line 185.
 1 APPPATH\Views\datakk.php(185): CodeIgniter\Debug\Exceptions->errorHandler(2, 'Undefined variable $kategoriOptions', 'C:\\xampp\\htdocs\\surat\\app\\Views\\datakk.php', 185)
 2 SYSTEMPATH\View\View.php(224): include('C:\\xampp\\htdocs\\surat\\app\\Views\\datakk.php')
 3 SYSTEMPATH\View\View.php(227): CodeIgniter\View\View->CodeIgniter\View\{closure}()
 4 SYSTEMPATH\Common.php(1180): CodeIgniter\View\View->render('/datakk', [], true)
 5 APPPATH\Controllers\Datakk.php(37): view('/datakk', [...])
 6 SYSTEMPATH\CodeIgniter.php(932): App\Controllers\Datakk->index()
 7 SYSTEMPATH\CodeIgniter.php(497): CodeIgniter\CodeIgniter->runController(Object(App\Controllers\Datakk))
 8 SYSTEMPATH\CodeIgniter.php(366): CodeIgniter\CodeIgniter->handleRequest(null, Object(Config\Cache), false)
 9 FCPATH\index.php(67): CodeIgniter\CodeIgniter->run()
INFO - 2023-08-13 16:56:33 --> Session: Class initialized using 'CodeIgniter\Session\Handlers\FileHandler' driver.
CRITICAL - 2023-08-13 16:56:34 --> Undefined variable $kategoriOptions
in APPPATH\Views\datakk.php on line 185.
 1 APPPATH\Views\datakk.php(185): CodeIgniter\Debug\Exceptions->errorHandler(2, 'Undefined variable $kategoriOptions', 'C:\\xampp\\htdocs\\surat\\app\\Views\\datakk.php', 185)
 2 SYSTEMPATH\View\View.php(224): include('C:\\xampp\\htdocs\\surat\\app\\Views\\datakk.php')
 3 SYSTEMPATH\View\View.php(227): CodeIgniter\View\View->CodeIgniter\View\{closure}()
 4 SYSTEMPATH\Common.php(1180): CodeIgniter\View\View->render('/datakk', [], true)
 5 APPPATH\Controllers\Datakk.php(37): view('/datakk', [...])
 6 SYSTEMPATH\CodeIgniter.php(932): App\Controllers\Datakk->index()
 7 SYSTEMPATH\CodeIgniter.php(497): CodeIgniter\CodeIgniter->runController(Object(App\Controllers\Datakk))
 8 SYSTEMPATH\CodeIgniter.php(366): CodeIgniter\CodeIgniter->handleRequest(null, Object(Config\Cache), false)
 9 FCPATH\index.php(67): CodeIgniter\CodeIgniter->run()
CRITICAL - 2023-08-13 17:11:41 --> Call to undefined method App\Models\ModelKategori::getKategoriOptions
in SYSTEMPATH\Model.php on line 838.
 1 APPPATH\Controllers\Datakk.php(23): CodeIgniter\Model->__call('getKategoriOptions', [])
 2 SYSTEMPATH\CodeIgniter.php(932): App\Controllers\Datakk->index()
 3 SYSTEMPATH\CodeIgniter.php(497): CodeIgniter\CodeIgniter->runController(Object(App\Controllers\Datakk))
 4 SYSTEMPATH\CodeIgniter.php(366): CodeIgniter\CodeIgniter->handleRequest(null, Object(Config\Cache), false)
 5 FCPATH\index.php(67): CodeIgniter\CodeIgniter->run()
INFO - 2023-08-13 17:14:14 --> Session: Class initialized using 'CodeIgniter\Session\Handlers\FileHandler' driver.
INFO - 2023-08-13 17:14:14 --> Session: Class initialized using 'CodeIgniter\Session\Handlers\FileHandler' driver.
INFO - 2023-08-13 17:14:14 --> Session: Class initialized using 'CodeIgniter\Session\Handlers\FileHandler' driver.
INFO - 2023-08-13 17:14:15 --> Session: Class initialized using 'CodeIgniter\Session\Handlers\FileHandler' driver.
INFO - 2023-08-13 17:16:33 --> Session: Class initialized using 'CodeIgniter\Session\Handlers\FileHandler' driver.
CRITICAL - 2023-08-13 17:16:33 --> Undefined array key "kategori_surat"
in APPPATH\Views\datakk.php on line 186.
 1 APPPATH\Views\datakk.php(186): CodeIgniter\Debug\Exceptions->errorHandler(2, 'Undefined array key "kategori_surat"', 'C:\\xampp\\htdocs\\surat\\app\\Views\\datakk.php', 186)
 2 SYSTEMPATH\View\View.php(224): include('C:\\xampp\\htdocs\\surat\\app\\Views\\datakk.php')
 3 SYSTEMPATH\View\View.php(227): CodeIgniter\View\View->CodeIgniter\View\{closure}()
 4 SYSTEMPATH\Common.php(1180): CodeIgniter\View\View->render('/datakk', [], true)
 5 APPPATH\Controllers\Datakk.php(42): view('/datakk', [...])
 6 SYSTEMPATH\CodeIgniter.php(932): App\Controllers\Datakk->index()
 7 SYSTEMPATH\CodeIgniter.php(497): CodeIgniter\CodeIgniter->runController(Object(App\Controllers\Datakk))
 8 SYSTEMPATH\CodeIgniter.php(366): CodeIgniter\CodeIgniter->handleRequest(null, Object(Config\Cache), false)
 9 FCPATH\index.php(67): CodeIgniter\CodeIgniter->run()
INFO - 2023-08-13 17:17:10 --> Session: Class initialized using 'CodeIgniter\Session\Handlers\FileHandler' driver.
INFO - 2023-08-13 17:17:19 --> Session: Class initialized using 'CodeIgniter\Session\Handlers\FileHandler' driver.
INFO - 2023-08-13 17:17:33 --> Session: Class initialized using 'CodeIgniter\Session\Handlers\FileHandler' driver.
INFO - 2023-08-13 17:17:51 --> Session: Class initialized using 'CodeIgniter\Session\Handlers\FileHandler' driver.
INFO - 2023-08-13 17:18:42 --> Session: Class initialized using 'CodeIgniter\Session\Handlers\FileHandler' driver.
INFO - 2023-08-13 17:18:43 --> Session: Class initialized using 'CodeIgniter\Session\Handlers\FileHandler' driver.
INFO - 2023-08-13 17:18:47 --> Session: Class initialized using 'CodeIgniter\Session\Handlers\FileHandler' driver.
INFO - 2023-08-13 17:19:05 --> Session: Class initialized using 'CodeIgniter\Session\Handlers\FileHandler' driver.
INFO - 2023-08-13 17:20:11 --> Session: Class initialized using 'CodeIgniter\Session\Handlers\FileHandler' driver.
INFO - 2023-08-13 17:20:28 --> Session: Class initialized using 'CodeIgniter\Session\Handlers\FileHandler' driver.
INFO - 2023-08-13 17:22:47 --> Session: Class initialized using 'CodeIgniter\Session\Handlers\FileHandler' driver.
CRITICAL - 2023-08-13 17:23:21 --> Undefined array key "nama_kategori"
in APPPATH\Controllers\Kk.php on line 82.
 1 APPPATH\Controllers\Kk.php(82): CodeIgniter\Debug\Exceptions->errorHandler(2, 'Undefined array key "nama_kategori"', 'C:\\xampp\\htdocs\\surat\\app\\Controllers\\Kk.php', 82)
 2 SYSTEMPATH\CodeIgniter.php(932): App\Controllers\Kk->edit('10')
 3 SYSTEMPATH\CodeIgniter.php(497): CodeIgniter\CodeIgniter->runController(Object(App\Controllers\Kk))
 4 SYSTEMPATH\CodeIgniter.php(366): CodeIgniter\CodeIgniter->handleRequest(null, Object(Config\Cache), false)
 5 FCPATH\index.php(67): CodeIgniter\CodeIgniter->run()
INFO - 2023-08-13 17:23:24 --> Session: Class initialized using 'CodeIgniter\Session\Handlers\FileHandler' driver.
INFO - 2023-08-13 17:23:35 --> Session: Class initialized using 'CodeIgniter\Session\Handlers\FileHandler' driver.
INFO - 2023-08-13 17:25:15 --> Session: Class initialized using 'CodeIgniter\Session\Handlers\FileHandler' driver.
INFO - 2023-08-13 17:37:40 --> Session: Class initialized using 'CodeIgniter\Session\Handlers\FileHandler' driver.
INFO - 2023-08-13 17:38:26 --> Session: Class initialized using 'CodeIgniter\Session\Handlers\FileHandler' driver.
INFO - 2023-08-13 17:40:25 --> Session: Class initialized using 'CodeIgniter\Session\Handlers\FileHandler' driver.
INFO - 2023-08-13 17:40:49 --> Session: Class initialized using 'CodeIgniter\Session\Handlers\FileHandler' driver.
INFO - 2023-08-13 17:41:15 --> Session: Class initialized using 'CodeIgniter\Session\Handlers\FileHandler' driver.
INFO - 2023-08-13 17:41:41 --> Session: Class initialized using 'CodeIgniter\Session\Handlers\FileHandler' driver.
INFO - 2023-08-13 17:42:01 --> Session: Class initialized using 'CodeIgniter\Session\Handlers\FileHandler' driver.
INFO - 2023-08-13 17:42:07 --> Session: Class initialized using 'CodeIgniter\Session\Handlers\FileHandler' driver.
INFO - 2023-08-13 17:42:17 --> Session: Class initialized using 'CodeIgniter\Session\Handlers\FileHandler' driver.
INFO - 2023-08-13 17:42:27 --> Session: Class initialized using 'CodeIgniter\Session\Handlers\FileHandler' driver.
INFO - 2023-08-13 17:42:31 --> Session: Class initialized using 'CodeIgniter\Session\Handlers\FileHandler' driver.
INFO - 2023-08-13 17:42:56 --> Session: Class initialized using 'CodeIgniter\Session\Handlers\FileHandler' driver.
INFO - 2023-08-13 17:42:57 --> Session: Class initialized using 'CodeIgniter\Session\Handlers\FileHandler' driver.
INFO - 2023-08-13 17:43:01 --> Session: Class initialized using 'CodeIgniter\Session\Handlers\FileHandler' driver.
INFO - 2023-08-13 17:43:19 --> Session: Class initialized using 'CodeIgniter\Session\Handlers\FileHandler' driver.
INFO - 2023-08-13 17:43:32 --> Session: Class initialized using 'CodeIgniter\Session\Handlers\FileHandler' driver.
INFO - 2023-08-13 17:48:57 --> Session: Class initialized using 'CodeIgniter\Session\Handlers\FileHandler' driver.
INFO - 2023-08-13 17:51:07 --> Session: Class initialized using 'CodeIgniter\Session\Handlers\FileHandler' driver.
INFO - 2023-08-13 17:58:03 --> Session: Class initialized using 'CodeIgniter\Session\Handlers\FileHandler' driver.
INFO - 2023-08-13 17:58:19 --> Session: Class initialized using 'CodeIgniter\Session\Handlers\FileHandler' driver.
INFO - 2023-08-13 17:59:08 --> Session: Class initialized using 'CodeIgniter\Session\Handlers\FileHandler' driver.
INFO - 2023-08-13 18:01:34 --> Session: Class initialized using 'CodeIgniter\Session\Handlers\FileHandler' driver.
INFO - 2023-08-13 18:01:53 --> Session: Class initialized using 'CodeIgniter\Session\Handlers\FileHandler' driver.
INFO - 2023-08-13 18:04:49 --> Session: Class initialized using 'CodeIgniter\Session\Handlers\FileHandler' driver.
INFO - 2023-08-13 18:04:49 --> Session: Class initialized using 'CodeIgniter\Session\Handlers\FileHandler' driver.
CRITICAL - 2023-08-13 18:06:05 --> syntax error, unexpected token ":", expecting "," or ";"
in APPPATH\Views\datakk.php on line 186.
 1 SYSTEMPATH\View\View.php(227): CodeIgniter\View\View->CodeIgniter\View\{closure}()
 2 SYSTEMPATH\Common.php(1180): CodeIgniter\View\View->render('/datakk', [], true)
 3 APPPATH\Controllers\Datakk.php(42): view('/datakk', [...])
 4 SYSTEMPATH\CodeIgniter.php(932): App\Controllers\Datakk->index()
 5 SYSTEMPATH\CodeIgniter.php(497): CodeIgniter\CodeIgniter->runController(Object(App\Controllers\Datakk))
 6 SYSTEMPATH\CodeIgniter.php(366): CodeIgniter\CodeIgniter->handleRequest(null, Object(Config\Cache), false)
 7 FCPATH\index.php(67): CodeIgniter\CodeIgniter->run()
INFO - 2023-08-13 18:06:37 --> Session: Class initialized using 'CodeIgniter\Session\Handlers\FileHandler' driver.
INFO - 2023-08-13 18:08:22 --> Session: Class initialized using 'CodeIgniter\Session\Handlers\FileHandler' driver.
INFO - 2023-08-13 18:10:47 --> Session: Class initialized using 'CodeIgniter\Session\Handlers\FileHandler' driver.
INFO - 2023-08-13 18:12:21 --> Session: Class initialized using 'CodeIgniter\Session\Handlers\FileHandler' driver.
INFO - 2023-08-13 18:12:57 --> Session: Class initialized using 'CodeIgniter\Session\Handlers\FileHandler' driver.
INFO - 2023-08-13 18:19:55 --> Session: Class initialized using 'CodeIgniter\Session\Handlers\FileHandler' driver.
CRITICAL - 2023-08-13 18:20:17 --> CodeIgniter\BaseModel::transformDataToArray(): Return value must be of type array, string returned
in SYSTEMPATH\BaseModel.php on line 1706.
 1 SYSTEMPATH\BaseModel.php(910): CodeIgniter\BaseModel->transformDataToArray('Surat Pengantar Kartu Keluarga', 'update')
 2 SYSTEMPATH\Model.php(756): CodeIgniter\BaseModel->update([...], 'Surat Pengantar Kartu Keluarga')
 3 APPPATH\Controllers\Kategori.php(56): CodeIgniter\Model->update('2', 'Surat Pengantar Kartu Keluarga')
 4 SYSTEMPATH\CodeIgniter.php(932): App\Controllers\Kategori->edit()
 5 SYSTEMPATH\CodeIgniter.php(497): CodeIgniter\CodeIgniter->runController(Object(App\Controllers\Kategori))
 6 SYSTEMPATH\CodeIgniter.php(366): CodeIgniter\CodeIgniter->handleRequest(null, Object(Config\Cache), false)
 7 FCPATH\index.php(67): CodeIgniter\CodeIgniter->run()
INFO - 2023-08-13 18:20:24 --> Session: Class initialized using 'CodeIgniter\Session\Handlers\FileHandler' driver.
INFO - 2023-08-13 18:21:31 --> Session: Class initialized using 'CodeIgniter\Session\Handlers\FileHandler' driver.
INFO - 2023-08-13 18:22:01 --> Session: Class initialized using 'CodeIgniter\Session\Handlers\FileHandler' driver.
INFO - 2023-08-13 18:24:53 --> Session: Class initialized using 'CodeIgniter\Session\Handlers\FileHandler' driver.
INFO - 2023-08-13 18:24:54 --> Session: Class initialized using 'CodeIgniter\Session\Handlers\FileHandler' driver.
INFO - 2023-08-13 18:24:55 --> Session: Class initialized using 'CodeIgniter\Session\Handlers\FileHandler' driver.
INFO - 2023-08-13 18:25:02 --> Session: Class initialized using 'CodeIgniter\Session\Handlers\FileHandler' driver.
INFO - 2023-08-13 19:40:22 --> Session: Class initialized using 'CodeIgniter\Session\Handlers\FileHandler' driver.
INFO - 2023-08-13 19:40:22 --> Session: Class initialized using 'CodeIgniter\Session\Handlers\FileHandler' driver.
INFO - 2023-08-13 19:40:41 --> Session: Class initialized using 'CodeIgniter\Session\Handlers\FileHandler' driver.
INFO - 2023-08-13 19:40:44 --> Session: Class initialized using 'CodeIgniter\Session\Handlers\FileHandler' driver.
INFO - 2023-08-13 19:49:38 --> Session: Class initialized using 'CodeIgniter\Session\Handlers\FileHandler' driver.
INFO - 2023-08-13 19:52:15 --> Session: Class initialized using 'CodeIgniter\Session\Handlers\FileHandler' driver.
