INFO - 2023-07-19 13:12:30 --> Session: Class initialized using 'CodeIgniter\Session\Handlers\FileHandler' driver.
INFO - 2023-07-19 13:12:38 --> Session: Class initialized using 'CodeIgniter\Session\Handlers\FileHandler' driver.
INFO - 2023-07-19 13:12:38 --> Session: Class initialized using 'CodeIgniter\Session\Handlers\FileHandler' driver.
INFO - 2023-07-19 13:12:47 --> Session: Class initialized using 'CodeIgniter\Session\Handlers\FileHandler' driver.
INFO - 2023-07-19 13:13:08 --> Session: Class initialized using 'CodeIgniter\Session\Handlers\FileHandler' driver.
INFO - 2023-07-19 13:17:48 --> Session: Class initialized using 'CodeIgniter\Session\Handlers\FileHandler' driver.
INFO - 2023-07-19 13:21:50 --> Session: Class initialized using 'CodeIgniter\Session\Handlers\FileHandler' driver.
INFO - 2023-07-19 13:22:04 --> Session: Class initialized using 'CodeIgniter\Session\Handlers\FileHandler' driver.
INFO - 2023-07-19 13:23:14 --> Session: Class initialized using 'CodeIgniter\Session\Handlers\FileHandler' driver.
INFO - 2023-07-19 13:24:39 --> Session: Class initialized using 'CodeIgniter\Session\Handlers\FileHandler' driver.
INFO - 2023-07-19 13:24:44 --> Session: Class initialized using 'CodeIgniter\Session\Handlers\FileHandler' driver.
INFO - 2023-07-19 13:25:37 --> Session: Class initialized using 'CodeIgniter\Session\Handlers\FileHandler' driver.
INFO - 2023-07-19 13:25:41 --> Session: Class initialized using 'CodeIgniter\Session\Handlers\FileHandler' driver.
INFO - 2023-07-19 13:26:37 --> Session: Class initialized using 'CodeIgniter\Session\Handlers\FileHandler' driver.
INFO - 2023-07-19 13:26:41 --> Session: Class initialized using 'CodeIgniter\Session\Handlers\FileHandler' driver.
INFO - 2023-07-19 13:29:29 --> Session: Class initialized using 'CodeIgniter\Session\Handlers\FileHandler' driver.
INFO - 2023-07-19 13:29:30 --> Session: Class initialized using 'CodeIgniter\Session\Handlers\FileHandler' driver.
CRITICAL - 2023-07-19 13:30:22 --> syntax error, unexpected single-quoted string "kategori/simpan", expecting "," or ";"
in APPPATH\Views\kategori.php on line 45.
 1 SYSTEMPATH\View\View.php(227): CodeIgniter\View\View->CodeIgniter\View\{closure}()
 2 SYSTEMPATH\Common.php(1180): CodeIgniter\View\View->render('/kategori', [], true)
 3 APPPATH\Controllers\Kategori.php(23): view('/kategori', [...])
 4 SYSTEMPATH\CodeIgniter.php(932): App\Controllers\Kategori->index()
 5 SYSTEMPATH\CodeIgniter.php(497): CodeIgniter\CodeIgniter->runController(Object(App\Controllers\Kategori))
 6 SYSTEMPATH\CodeIgniter.php(366): CodeIgniter\CodeIgniter->handleRequest(null, Object(Config\Cache), false)
 7 FCPATH\index.php(67): CodeIgniter\CodeIgniter->run()
CRITICAL - 2023-07-19 13:30:25 --> syntax error, unexpected single-quoted string "kategori/simpan", expecting "," or ";"
in APPPATH\Views\kategori.php on line 45.
 1 SYSTEMPATH\View\View.php(227): CodeIgniter\View\View->CodeIgniter\View\{closure}()
 2 SYSTEMPATH\Common.php(1180): CodeIgniter\View\View->render('/kategori', [], true)
 3 APPPATH\Controllers\Kategori.php(23): view('/kategori', [...])
 4 SYSTEMPATH\CodeIgniter.php(932): App\Controllers\Kategori->index()
 5 SYSTEMPATH\CodeIgniter.php(497): CodeIgniter\CodeIgniter->runController(Object(App\Controllers\Kategori))
 6 SYSTEMPATH\CodeIgniter.php(366): CodeIgniter\CodeIgniter->handleRequest(null, Object(Config\Cache), false)
 7 FCPATH\index.php(67): CodeIgniter\CodeIgniter->run()
INFO - 2023-07-19 13:31:06 --> Session: Class initialized using 'CodeIgniter\Session\Handlers\FileHandler' driver.
INFO - 2023-07-19 13:37:44 --> Session: Class initialized using 'CodeIgniter\Session\Handlers\FileHandler' driver.
INFO - 2023-07-19 13:37:48 --> Session: Class initialized using 'CodeIgniter\Session\Handlers\FileHandler' driver.
INFO - 2023-07-19 13:38:42 --> Session: Class initialized using 'CodeIgniter\Session\Handlers\FileHandler' driver.
INFO - 2023-07-19 13:38:45 --> Session: Class initialized using 'CodeIgniter\Session\Handlers\FileHandler' driver.
INFO - 2023-07-19 13:48:40 --> Session: Class initialized using 'CodeIgniter\Session\Handlers\FileHandler' driver.
INFO - 2023-07-19 13:49:38 --> Session: Class initialized using 'CodeIgniter\Session\Handlers\FileHandler' driver.
INFO - 2023-07-19 13:49:42 --> Session: Class initialized using 'CodeIgniter\Session\Handlers\FileHandler' driver.
INFO - 2023-07-19 13:49:42 --> Session: Class initialized using 'CodeIgniter\Session\Handlers\FileHandler' driver.
INFO - 2023-07-19 13:49:43 --> Session: Class initialized using 'CodeIgniter\Session\Handlers\FileHandler' driver.
INFO - 2023-07-19 13:52:35 --> Session: Class initialized using 'CodeIgniter\Session\Handlers\FileHandler' driver.
INFO - 2023-07-19 13:52:38 --> Session: Class initialized using 'CodeIgniter\Session\Handlers\FileHandler' driver.
INFO - 2023-07-19 13:52:49 --> Session: Class initialized using 'CodeIgniter\Session\Handlers\FileHandler' driver.
INFO - 2023-07-19 13:58:54 --> Session: Class initialized using 'CodeIgniter\Session\Handlers\FileHandler' driver.
INFO - 2023-07-19 13:58:54 --> Session: Class initialized using 'CodeIgniter\Session\Handlers\FileHandler' driver.
INFO - 2023-07-19 13:58:55 --> Session: Class initialized using 'CodeIgniter\Session\Handlers\FileHandler' driver.
INFO - 2023-07-19 13:59:00 --> Session: Class initialized using 'CodeIgniter\Session\Handlers\FileHandler' driver.
INFO - 2023-07-19 14:00:15 --> Session: Class initialized using 'CodeIgniter\Session\Handlers\FileHandler' driver.
INFO - 2023-07-19 14:04:09 --> Session: Class initialized using 'CodeIgniter\Session\Handlers\FileHandler' driver.
INFO - 2023-07-19 14:05:04 --> Session: Class initialized using 'CodeIgniter\Session\Handlers\FileHandler' driver.
INFO - 2023-07-19 14:07:03 --> Session: Class initialized using 'CodeIgniter\Session\Handlers\FileHandler' driver.
INFO - 2023-07-19 14:07:12 --> Session: Class initialized using 'CodeIgniter\Session\Handlers\FileHandler' driver.
INFO - 2023-07-19 14:08:07 --> Session: Class initialized using 'CodeIgniter\Session\Handlers\FileHandler' driver.
INFO - 2023-07-19 14:08:08 --> Session: Class initialized using 'CodeIgniter\Session\Handlers\FileHandler' driver.
INFO - 2023-07-19 14:08:08 --> Session: Class initialized using 'CodeIgniter\Session\Handlers\FileHandler' driver.
INFO - 2023-07-19 14:12:31 --> Session: Class initialized using 'CodeIgniter\Session\Handlers\FileHandler' driver.
INFO - 2023-07-19 14:12:54 --> Session: Class initialized using 'CodeIgniter\Session\Handlers\FileHandler' driver.
INFO - 2023-07-19 14:13:49 --> Session: Class initialized using 'CodeIgniter\Session\Handlers\FileHandler' driver.
INFO - 2023-07-19 14:14:13 --> Session: Class initialized using 'CodeIgniter\Session\Handlers\FileHandler' driver.
INFO - 2023-07-19 14:20:00 --> Session: Class initialized using 'CodeIgniter\Session\Handlers\FileHandler' driver.
ERROR - 2023-07-19 14:32:33 --> mysqli_sql_exception: Unknown column 'kategori_surat' in 'order clause' in C:\xampp\htdocs\surat\system\Database\MySQLi\Connection.php:295
Stack trace:
#0 C:\xampp\htdocs\surat\system\Database\MySQLi\Connection.php(295): mysqli->query('SELECT * FROM k...', 0)
#1 C:\xampp\htdocs\surat\system\Database\BaseConnection.php(692): CodeIgniter\Database\MySQLi\Connection->execute('SELECT * FROM k...')
#2 C:\xampp\htdocs\surat\system\Database\BaseConnection.php(606): CodeIgniter\Database\BaseConnection->simpleQuery('SELECT * FROM k...')
#3 C:\xampp\htdocs\surat\app\Models\ModelKategori.php(44): CodeIgniter\Database\BaseConnection->query('SELECT * FROM k...')
#4 C:\xampp\htdocs\surat\app\Controllers\Kategori.php(19): App\Models\ModelKategori->getdata()
#5 C:\xampp\htdocs\surat\system\CodeIgniter.php(932): App\Controllers\Kategori->index()
#6 C:\xampp\htdocs\surat\system\CodeIgniter.php(497): CodeIgniter\CodeIgniter->runController(Object(App\Controllers\Kategori))
#7 C:\xampp\htdocs\surat\system\CodeIgniter.php(366): CodeIgniter\CodeIgniter->handleRequest(NULL, Object(Config\Cache), false)
#8 C:\xampp\htdocs\surat\public\index.php(67): CodeIgniter\CodeIgniter->run()
#9 {main}
CRITICAL - 2023-07-19 14:32:34 --> Unknown column 'kategori_surat' in 'order clause'
in SYSTEMPATH\Database\MySQLi\Connection.php on line 295.
 1 SYSTEMPATH\Database\MySQLi\Connection.php(295): mysqli->query('SELECT * FROM kategori_surat ORDER BY kategori_surat ASC', 0)
 2 SYSTEMPATH\Database\BaseConnection.php(692): CodeIgniter\Database\MySQLi\Connection->execute('SELECT * FROM kategori_surat ORDER BY kategori_surat ASC')
 3 SYSTEMPATH\Database\BaseConnection.php(606): CodeIgniter\Database\BaseConnection->simpleQuery('SELECT * FROM kategori_surat ORDER BY kategori_surat ASC')
 4 APPPATH\Models\ModelKategori.php(44): CodeIgniter\Database\BaseConnection->query('SELECT * FROM kategori_surat ORDER BY kategori_surat ASC')
 5 APPPATH\Controllers\Kategori.php(19): App\Models\ModelKategori->getdata()
 6 SYSTEMPATH\CodeIgniter.php(932): App\Controllers\Kategori->index()
 7 SYSTEMPATH\CodeIgniter.php(497): CodeIgniter\CodeIgniter->runController(Object(App\Controllers\Kategori))
 8 SYSTEMPATH\CodeIgniter.php(366): CodeIgniter\CodeIgniter->handleRequest(null, Object(Config\Cache), false)
 9 FCPATH\index.php(67): CodeIgniter\CodeIgniter->run()
ERROR - 2023-07-19 14:33:12 --> mysqli_sql_exception: Unknown column 'kategori_surat' in 'order clause' in C:\xampp\htdocs\surat\system\Database\MySQLi\Connection.php:295
Stack trace:
#0 C:\xampp\htdocs\surat\system\Database\MySQLi\Connection.php(295): mysqli->query('SELECT * FROM k...', 0)
#1 C:\xampp\htdocs\surat\system\Database\BaseConnection.php(692): CodeIgniter\Database\MySQLi\Connection->execute('SELECT * FROM k...')
#2 C:\xampp\htdocs\surat\system\Database\BaseConnection.php(606): CodeIgniter\Database\BaseConnection->simpleQuery('SELECT * FROM k...')
#3 C:\xampp\htdocs\surat\app\Models\ModelKategori.php(45): CodeIgniter\Database\BaseConnection->query('SELECT * FROM k...')
#4 C:\xampp\htdocs\surat\app\Controllers\Kategori.php(19): App\Models\ModelKategori->getdata()
#5 C:\xampp\htdocs\surat\system\CodeIgniter.php(932): App\Controllers\Kategori->index()
#6 C:\xampp\htdocs\surat\system\CodeIgniter.php(497): CodeIgniter\CodeIgniter->runController(Object(App\Controllers\Kategori))
#7 C:\xampp\htdocs\surat\system\CodeIgniter.php(366): CodeIgniter\CodeIgniter->handleRequest(NULL, Object(Config\Cache), false)
#8 C:\xampp\htdocs\surat\public\index.php(67): CodeIgniter\CodeIgniter->run()
#9 {main}
CRITICAL - 2023-07-19 14:33:12 --> Unknown column 'kategori_surat' in 'order clause'
in SYSTEMPATH\Database\MySQLi\Connection.php on line 295.
 1 SYSTEMPATH\Database\MySQLi\Connection.php(295): mysqli->query('SELECT * FROM kategori_surat ORDER BY kategori_surat ASC', 0)
 2 SYSTEMPATH\Database\BaseConnection.php(692): CodeIgniter\Database\MySQLi\Connection->execute('SELECT * FROM kategori_surat ORDER BY kategori_surat ASC')
 3 SYSTEMPATH\Database\BaseConnection.php(606): CodeIgniter\Database\BaseConnection->simpleQuery('SELECT * FROM kategori_surat ORDER BY kategori_surat ASC')
 4 APPPATH\Models\ModelKategori.php(45): CodeIgniter\Database\BaseConnection->query('SELECT * FROM kategori_surat ORDER BY kategori_surat ASC')
 5 APPPATH\Controllers\Kategori.php(19): App\Models\ModelKategori->getdata()
 6 SYSTEMPATH\CodeIgniter.php(932): App\Controllers\Kategori->index()
 7 SYSTEMPATH\CodeIgniter.php(497): CodeIgniter\CodeIgniter->runController(Object(App\Controllers\Kategori))
 8 SYSTEMPATH\CodeIgniter.php(366): CodeIgniter\CodeIgniter->handleRequest(null, Object(Config\Cache), false)
 9 FCPATH\index.php(67): CodeIgniter\CodeIgniter->run()
ERROR - 2023-07-19 14:33:15 --> mysqli_sql_exception: Unknown column 'kategori_surat' in 'order clause' in C:\xampp\htdocs\surat\system\Database\MySQLi\Connection.php:295
Stack trace:
#0 C:\xampp\htdocs\surat\system\Database\MySQLi\Connection.php(295): mysqli->query('SELECT * FROM k...', 0)
#1 C:\xampp\htdocs\surat\system\Database\BaseConnection.php(692): CodeIgniter\Database\MySQLi\Connection->execute('SELECT * FROM k...')
#2 C:\xampp\htdocs\surat\system\Database\BaseConnection.php(606): CodeIgniter\Database\BaseConnection->simpleQuery('SELECT * FROM k...')
#3 C:\xampp\htdocs\surat\app\Models\ModelKategori.php(45): CodeIgniter\Database\BaseConnection->query('SELECT * FROM k...')
#4 C:\xampp\htdocs\surat\app\Controllers\Kategori.php(19): App\Models\ModelKategori->getdata()
#5 C:\xampp\htdocs\surat\system\CodeIgniter.php(932): App\Controllers\Kategori->index()
#6 C:\xampp\htdocs\surat\system\CodeIgniter.php(497): CodeIgniter\CodeIgniter->runController(Object(App\Controllers\Kategori))
#7 C:\xampp\htdocs\surat\system\CodeIgniter.php(366): CodeIgniter\CodeIgniter->handleRequest(NULL, Object(Config\Cache), false)
#8 C:\xampp\htdocs\surat\public\index.php(67): CodeIgniter\CodeIgniter->run()
#9 {main}
CRITICAL - 2023-07-19 14:33:15 --> Unknown column 'kategori_surat' in 'order clause'
in SYSTEMPATH\Database\MySQLi\Connection.php on line 295.
 1 SYSTEMPATH\Database\MySQLi\Connection.php(295): mysqli->query('SELECT * FROM kategori_surat ORDER BY kategori_surat ASC', 0)
 2 SYSTEMPATH\Database\BaseConnection.php(692): CodeIgniter\Database\MySQLi\Connection->execute('SELECT * FROM kategori_surat ORDER BY kategori_surat ASC')
 3 SYSTEMPATH\Database\BaseConnection.php(606): CodeIgniter\Database\BaseConnection->simpleQuery('SELECT * FROM kategori_surat ORDER BY kategori_surat ASC')
 4 APPPATH\Models\ModelKategori.php(45): CodeIgniter\Database\BaseConnection->query('SELECT * FROM kategori_surat ORDER BY kategori_surat ASC')
 5 APPPATH\Controllers\Kategori.php(19): App\Models\ModelKategori->getdata()
 6 SYSTEMPATH\CodeIgniter.php(932): App\Controllers\Kategori->index()
 7 SYSTEMPATH\CodeIgniter.php(497): CodeIgniter\CodeIgniter->runController(Object(App\Controllers\Kategori))
 8 SYSTEMPATH\CodeIgniter.php(366): CodeIgniter\CodeIgniter->handleRequest(null, Object(Config\Cache), false)
 9 FCPATH\index.php(67): CodeIgniter\CodeIgniter->run()
INFO - 2023-07-19 14:33:17 --> Session: Class initialized using 'CodeIgniter\Session\Handlers\FileHandler' driver.
ERROR - 2023-07-19 14:33:20 --> mysqli_sql_exception: Unknown column 'kategori_surat' in 'order clause' in C:\xampp\htdocs\surat\system\Database\MySQLi\Connection.php:295
Stack trace:
#0 C:\xampp\htdocs\surat\system\Database\MySQLi\Connection.php(295): mysqli->query('SELECT * FROM k...', 0)
#1 C:\xampp\htdocs\surat\system\Database\BaseConnection.php(692): CodeIgniter\Database\MySQLi\Connection->execute('SELECT * FROM k...')
#2 C:\xampp\htdocs\surat\system\Database\BaseConnection.php(606): CodeIgniter\Database\BaseConnection->simpleQuery('SELECT * FROM k...')
#3 C:\xampp\htdocs\surat\app\Models\ModelKategori.php(45): CodeIgniter\Database\BaseConnection->query('SELECT * FROM k...')
#4 C:\xampp\htdocs\surat\app\Controllers\Kategori.php(19): App\Models\ModelKategori->getdata()
#5 C:\xampp\htdocs\surat\system\CodeIgniter.php(932): App\Controllers\Kategori->index()
#6 C:\xampp\htdocs\surat\system\CodeIgniter.php(497): CodeIgniter\CodeIgniter->runController(Object(App\Controllers\Kategori))
#7 C:\xampp\htdocs\surat\system\CodeIgniter.php(366): CodeIgniter\CodeIgniter->handleRequest(NULL, Object(Config\Cache), false)
#8 C:\xampp\htdocs\surat\public\index.php(67): CodeIgniter\CodeIgniter->run()
#9 {main}
CRITICAL - 2023-07-19 14:33:20 --> Unknown column 'kategori_surat' in 'order clause'
in SYSTEMPATH\Database\MySQLi\Connection.php on line 295.
 1 SYSTEMPATH\Database\MySQLi\Connection.php(295): mysqli->query('SELECT * FROM kategori_surat ORDER BY kategori_surat ASC', 0)
 2 SYSTEMPATH\Database\BaseConnection.php(692): CodeIgniter\Database\MySQLi\Connection->execute('SELECT * FROM kategori_surat ORDER BY kategori_surat ASC')
 3 SYSTEMPATH\Database\BaseConnection.php(606): CodeIgniter\Database\BaseConnection->simpleQuery('SELECT * FROM kategori_surat ORDER BY kategori_surat ASC')
 4 APPPATH\Models\ModelKategori.php(45): CodeIgniter\Database\BaseConnection->query('SELECT * FROM kategori_surat ORDER BY kategori_surat ASC')
 5 APPPATH\Controllers\Kategori.php(19): App\Models\ModelKategori->getdata()
 6 SYSTEMPATH\CodeIgniter.php(932): App\Controllers\Kategori->index()
 7 SYSTEMPATH\CodeIgniter.php(497): CodeIgniter\CodeIgniter->runController(Object(App\Controllers\Kategori))
 8 SYSTEMPATH\CodeIgniter.php(366): CodeIgniter\CodeIgniter->handleRequest(null, Object(Config\Cache), false)
 9 FCPATH\index.php(67): CodeIgniter\CodeIgniter->run()
INFO - 2023-07-19 14:33:50 --> Session: Class initialized using 'CodeIgniter\Session\Handlers\FileHandler' driver.
INFO - 2023-07-19 14:34:06 --> Session: Class initialized using 'CodeIgniter\Session\Handlers\FileHandler' driver.
ERROR - 2023-07-19 14:34:59 --> mysqli_sql_exception: Table 'surat.kategori_surat' doesn't exist in C:\xampp\htdocs\surat\system\Database\MySQLi\Connection.php:295
Stack trace:
#0 C:\xampp\htdocs\surat\system\Database\MySQLi\Connection.php(295): mysqli->query('SELECT * FROM k...', 0)
#1 C:\xampp\htdocs\surat\system\Database\BaseConnection.php(692): CodeIgniter\Database\MySQLi\Connection->execute('SELECT * FROM k...')
#2 C:\xampp\htdocs\surat\system\Database\BaseConnection.php(606): CodeIgniter\Database\BaseConnection->simpleQuery('SELECT * FROM k...')
#3 C:\xampp\htdocs\surat\app\Models\ModelKategori.php(45): CodeIgniter\Database\BaseConnection->query('SELECT * FROM k...')
#4 C:\xampp\htdocs\surat\app\Controllers\Kategori.php(19): App\Models\ModelKategori->getdata()
#5 C:\xampp\htdocs\surat\system\CodeIgniter.php(932): App\Controllers\Kategori->index()
#6 C:\xampp\htdocs\surat\system\CodeIgniter.php(497): CodeIgniter\CodeIgniter->runController(Object(App\Controllers\Kategori))
#7 C:\xampp\htdocs\surat\system\CodeIgniter.php(366): CodeIgniter\CodeIgniter->handleRequest(NULL, Object(Config\Cache), false)
#8 C:\xampp\htdocs\surat\public\index.php(67): CodeIgniter\CodeIgniter->run()
#9 {main}
CRITICAL - 2023-07-19 14:34:59 --> Table 'surat.kategori_surat' doesn't exist
in SYSTEMPATH\Database\MySQLi\Connection.php on line 295.
 1 SYSTEMPATH\Database\MySQLi\Connection.php(295): mysqli->query('SELECT * FROM kategori_surat ORDER BY kategori_surat ASC', 0)
 2 SYSTEMPATH\Database\BaseConnection.php(692): CodeIgniter\Database\MySQLi\Connection->execute('SELECT * FROM kategori_surat ORDER BY kategori_surat ASC')
 3 SYSTEMPATH\Database\BaseConnection.php(606): CodeIgniter\Database\BaseConnection->simpleQuery('SELECT * FROM kategori_surat ORDER BY kategori_surat ASC')
 4 APPPATH\Models\ModelKategori.php(45): CodeIgniter\Database\BaseConnection->query('SELECT * FROM kategori_surat ORDER BY kategori_surat ASC')
 5 APPPATH\Controllers\Kategori.php(19): App\Models\ModelKategori->getdata()
 6 SYSTEMPATH\CodeIgniter.php(932): App\Controllers\Kategori->index()
 7 SYSTEMPATH\CodeIgniter.php(497): CodeIgniter\CodeIgniter->runController(Object(App\Controllers\Kategori))
 8 SYSTEMPATH\CodeIgniter.php(366): CodeIgniter\CodeIgniter->handleRequest(null, Object(Config\Cache), false)
 9 FCPATH\index.php(67): CodeIgniter\CodeIgniter->run()
INFO - 2023-07-19 14:35:20 --> Session: Class initialized using 'CodeIgniter\Session\Handlers\FileHandler' driver.
INFO - 2023-07-19 14:35:50 --> Session: Class initialized using 'CodeIgniter\Session\Handlers\FileHandler' driver.
INFO - 2023-07-19 14:36:26 --> Session: Class initialized using 'CodeIgniter\Session\Handlers\FileHandler' driver.
INFO - 2023-07-19 14:36:47 --> Session: Class initialized using 'CodeIgniter\Session\Handlers\FileHandler' driver.
INFO - 2023-07-19 14:37:12 --> Session: Class initialized using 'CodeIgniter\Session\Handlers\FileHandler' driver.
INFO - 2023-07-19 14:42:23 --> Session: Class initialized using 'CodeIgniter\Session\Handlers\FileHandler' driver.
INFO - 2023-07-19 14:49:54 --> Session: Class initialized using 'CodeIgniter\Session\Handlers\FileHandler' driver.
INFO - 2023-07-19 14:50:17 --> Session: Class initialized using 'CodeIgniter\Session\Handlers\FileHandler' driver.
INFO - 2023-07-19 14:50:20 --> Session: Class initialized using 'CodeIgniter\Session\Handlers\FileHandler' driver.
INFO - 2023-07-19 14:50:37 --> Session: Class initialized using 'CodeIgniter\Session\Handlers\FileHandler' driver.
INFO - 2023-07-19 14:51:15 --> Session: Class initialized using 'CodeIgniter\Session\Handlers\FileHandler' driver.
INFO - 2023-07-19 14:51:23 --> Session: Class initialized using 'CodeIgniter\Session\Handlers\FileHandler' driver.
INFO - 2023-07-19 15:03:54 --> Session: Class initialized using 'CodeIgniter\Session\Handlers\FileHandler' driver.
INFO - 2023-07-19 15:08:04 --> Session: Class initialized using 'CodeIgniter\Session\Handlers\FileHandler' driver.
INFO - 2023-07-19 15:08:10 --> Session: Class initialized using 'CodeIgniter\Session\Handlers\FileHandler' driver.
INFO - 2023-07-19 22:36:02 --> Session: Class initialized using 'CodeIgniter\Session\Handlers\FileHandler' driver.
INFO - 2023-07-19 22:36:17 --> Session: Class initialized using 'CodeIgniter\Session\Handlers\FileHandler' driver.
INFO - 2023-07-19 22:36:17 --> Session: Class initialized using 'CodeIgniter\Session\Handlers\FileHandler' driver.
INFO - 2023-07-19 22:36:22 --> Session: Class initialized using 'CodeIgniter\Session\Handlers\FileHandler' driver.
INFO - 2023-07-19 22:36:30 --> Session: Class initialized using 'CodeIgniter\Session\Handlers\FileHandler' driver.
INFO - 2023-07-19 22:36:34 --> Session: Class initialized using 'CodeIgniter\Session\Handlers\FileHandler' driver.
INFO - 2023-07-19 22:37:21 --> Session: Class initialized using 'CodeIgniter\Session\Handlers\FileHandler' driver.
INFO - 2023-07-19 22:38:33 --> Session: Class initialized using 'CodeIgniter\Session\Handlers\FileHandler' driver.
INFO - 2023-07-19 22:39:25 --> Session: Class initialized using 'CodeIgniter\Session\Handlers\FileHandler' driver.
INFO - 2023-07-19 22:39:38 --> Session: Class initialized using 'CodeIgniter\Session\Handlers\FileHandler' driver.
ERROR - 2023-07-19 22:39:48 --> mysqli_sql_exception: Table 'surat.kategori' doesn't exist in C:\xampp\htdocs\surat\system\Database\MySQLi\Connection.php:295
Stack trace:
#0 C:\xampp\htdocs\surat\system\Database\MySQLi\Connection.php(295): mysqli->query('INSERT INTO `ka...', 0)
#1 C:\xampp\htdocs\surat\system\Database\BaseConnection.php(692): CodeIgniter\Database\MySQLi\Connection->execute('INSERT INTO `ka...')
#2 C:\xampp\htdocs\surat\system\Database\BaseConnection.php(606): CodeIgniter\Database\BaseConnection->simpleQuery('INSERT INTO `ka...')
#3 C:\xampp\htdocs\surat\system\Database\BaseBuilder.php(2309): CodeIgniter\Database\BaseConnection->query('INSERT INTO `ka...', Array, false)
#4 C:\xampp\htdocs\surat\app\Models\ModelKategori.php(50): CodeIgniter\Database\BaseBuilder->insert(Array)
#5 C:\xampp\htdocs\surat\app\Controllers\Kategori.php(34): App\Models\ModelKategori->simpanData('kategori', Array)
#6 C:\xampp\htdocs\surat\system\CodeIgniter.php(932): App\Controllers\Kategori->add()
#7 C:\xampp\htdocs\surat\system\CodeIgniter.php(497): CodeIgniter\CodeIgniter->runController(Object(App\Controllers\Kategori))
#8 C:\xampp\htdocs\surat\system\CodeIgniter.php(366): CodeIgniter\CodeIgniter->handleRequest(NULL, Object(Config\Cache), false)
#9 C:\xampp\htdocs\surat\public\index.php(67): CodeIgniter\CodeIgniter->run()
#10 {main}
CRITICAL - 2023-07-19 22:39:48 --> Table 'surat.kategori' doesn't exist
in SYSTEMPATH\Database\MySQLi\Connection.php on line 295.
 1 SYSTEMPATH\Database\MySQLi\Connection.php(295): mysqli->query('INSERT INTO `kategori` (`kategori_surat`) VALUES (\'masuk\')', 0)
 2 SYSTEMPATH\Database\BaseConnection.php(692): CodeIgniter\Database\MySQLi\Connection->execute('INSERT INTO `kategori` (`kategori_surat`) VALUES (\'masuk\')')
 3 SYSTEMPATH\Database\BaseConnection.php(606): CodeIgniter\Database\BaseConnection->simpleQuery('INSERT INTO `kategori` (`kategori_surat`) VALUES (\'masuk\')')
 4 SYSTEMPATH\Database\BaseBuilder.php(2309): CodeIgniter\Database\BaseConnection->query('INSERT INTO `kategori` (`kategori_surat`) VALUES (:kategori_surat:)', [...], false)
 5 APPPATH\Models\ModelKategori.php(50): CodeIgniter\Database\BaseBuilder->insert([...])
 6 APPPATH\Controllers\Kategori.php(34): App\Models\ModelKategori->simpanData('kategori', [...])
 7 SYSTEMPATH\CodeIgniter.php(932): App\Controllers\Kategori->add()
 8 SYSTEMPATH\CodeIgniter.php(497): CodeIgniter\CodeIgniter->runController(Object(App\Controllers\Kategori))
 9 SYSTEMPATH\CodeIgniter.php(366): CodeIgniter\CodeIgniter->handleRequest(null, Object(Config\Cache), false)
10 FCPATH\index.php(67): CodeIgniter\CodeIgniter->run()
INFO - 2023-07-19 22:40:03 --> Session: Class initialized using 'CodeIgniter\Session\Handlers\FileHandler' driver.
INFO - 2023-07-19 22:41:20 --> Session: Class initialized using 'CodeIgniter\Session\Handlers\FileHandler' driver.
INFO - 2023-07-19 22:43:07 --> Session: Class initialized using 'CodeIgniter\Session\Handlers\FileHandler' driver.
INFO - 2023-07-19 22:44:41 --> Session: Class initialized using 'CodeIgniter\Session\Handlers\FileHandler' driver.
INFO - 2023-07-19 22:45:06 --> Session: Class initialized using 'CodeIgniter\Session\Handlers\FileHandler' driver.
CRITICAL - 2023-07-19 22:45:06 --> Array to string conversion
in APPPATH\Views\kategori.php on line 73.
 1 APPPATH\Views\kategori.php(73): CodeIgniter\Debug\Exceptions->errorHandler(2, 'Array to string conversion', 'C:\\xampp\\htdocs\\surat\\app\\Views\\kategori.php', 73)
 2 SYSTEMPATH\View\View.php(224): include('C:\\xampp\\htdocs\\surat\\app\\Views\\kategori.php')
 3 SYSTEMPATH\View\View.php(227): CodeIgniter\View\View->CodeIgniter\View\{closure}()
 4 SYSTEMPATH\Common.php(1180): CodeIgniter\View\View->render('/kategori', [], true)
 5 APPPATH\Controllers\Kategori.php(23): view('/kategori', [...])
 6 SYSTEMPATH\CodeIgniter.php(932): App\Controllers\Kategori->index()
 7 SYSTEMPATH\CodeIgniter.php(497): CodeIgniter\CodeIgniter->runController(Object(App\Controllers\Kategori))
 8 SYSTEMPATH\CodeIgniter.php(366): CodeIgniter\CodeIgniter->handleRequest(null, Object(Config\Cache), false)
 9 FCPATH\index.php(67): CodeIgniter\CodeIgniter->run()
INFO - 2023-07-19 22:45:25 --> Session: Class initialized using 'CodeIgniter\Session\Handlers\FileHandler' driver.
CRITICAL - 2023-07-19 22:45:25 --> Array to string conversion
in APPPATH\Views\kategori.php on line 73.
 1 APPPATH\Views\kategori.php(73): CodeIgniter\Debug\Exceptions->errorHandler(2, 'Array to string conversion', 'C:\\xampp\\htdocs\\surat\\app\\Views\\kategori.php', 73)
 2 SYSTEMPATH\View\View.php(224): include('C:\\xampp\\htdocs\\surat\\app\\Views\\kategori.php')
 3 SYSTEMPATH\View\View.php(227): CodeIgniter\View\View->CodeIgniter\View\{closure}()
 4 SYSTEMPATH\Common.php(1180): CodeIgniter\View\View->render('/kategori', [], true)
 5 APPPATH\Controllers\Kategori.php(23): view('/kategori', [...])
 6 SYSTEMPATH\CodeIgniter.php(932): App\Controllers\Kategori->index()
 7 SYSTEMPATH\CodeIgniter.php(497): CodeIgniter\CodeIgniter->runController(Object(App\Controllers\Kategori))
 8 SYSTEMPATH\CodeIgniter.php(366): CodeIgniter\CodeIgniter->handleRequest(null, Object(Config\Cache), false)
 9 FCPATH\index.php(67): CodeIgniter\CodeIgniter->run()
INFO - 2023-07-19 22:45:33 --> Session: Class initialized using 'CodeIgniter\Session\Handlers\FileHandler' driver.
INFO - 2023-07-19 22:46:48 --> Session: Class initialized using 'CodeIgniter\Session\Handlers\FileHandler' driver.
INFO - 2023-07-19 22:47:10 --> Session: Class initialized using 'CodeIgniter\Session\Handlers\FileHandler' driver.
INFO - 2023-07-19 23:04:19 --> Session: Class initialized using 'CodeIgniter\Session\Handlers\FileHandler' driver.
INFO - 2023-07-19 23:04:26 --> Session: Class initialized using 'CodeIgniter\Session\Handlers\FileHandler' driver.
INFO - 2023-07-19 23:04:32 --> Session: Class initialized using 'CodeIgniter\Session\Handlers\FileHandler' driver.
INFO - 2023-07-19 23:21:35 --> Session: Class initialized using 'CodeIgniter\Session\Handlers\FileHandler' driver.
INFO - 2023-07-19 23:21:40 --> Session: Class initialized using 'CodeIgniter\Session\Handlers\FileHandler' driver.
INFO - 2023-07-19 23:22:04 --> Session: Class initialized using 'CodeIgniter\Session\Handlers\FileHandler' driver.
INFO - 2023-07-19 23:22:19 --> Session: Class initialized using 'CodeIgniter\Session\Handlers\FileHandler' driver.
INFO - 2023-07-19 23:45:48 --> Session: Class initialized using 'CodeIgniter\Session\Handlers\FileHandler' driver.
INFO - 2023-07-19 23:46:38 --> Session: Class initialized using 'CodeIgniter\Session\Handlers\FileHandler' driver.
INFO - 2023-07-19 23:46:39 --> Session: Class initialized using 'CodeIgniter\Session\Handlers\FileHandler' driver.
