INFO - 2023-09-14 02:34:35 --> Session: Class initialized using 'CodeIgniter\Session\Handlers\FileHandler' driver.
INFO - 2023-09-14 02:38:33 --> Session: Class initialized using 'CodeIgniter\Session\Handlers\FileHandler' driver.
INFO - 2023-09-14 02:38:36 --> Session: Class initialized using 'CodeIgniter\Session\Handlers\FileHandler' driver.
INFO - 2023-09-14 02:39:04 --> Session: Class initialized using 'CodeIgniter\Session\Handlers\FileHandler' driver.
INFO - 2023-09-14 02:41:12 --> Session: Class initialized using 'CodeIgniter\Session\Handlers\FileHandler' driver.
INFO - 2023-09-14 02:41:54 --> Session: Class initialized using 'CodeIgniter\Session\Handlers\FileHandler' driver.
INFO - 2023-09-14 02:42:38 --> Session: Class initialized using 'CodeIgniter\Session\Handlers\FileHandler' driver.
INFO - 2023-09-14 02:45:23 --> Session: Class initialized using 'CodeIgniter\Session\Handlers\FileHandler' driver.
INFO - 2023-09-14 02:47:58 --> Session: Class initialized using 'CodeIgniter\Session\Handlers\FileHandler' driver.
INFO - 2023-09-14 02:48:23 --> Session: Class initialized using 'CodeIgniter\Session\Handlers\FileHandler' driver.
INFO - 2023-09-14 02:48:43 --> Session: Class initialized using 'CodeIgniter\Session\Handlers\FileHandler' driver.
INFO - 2023-09-14 02:49:13 --> Session: Class initialized using 'CodeIgniter\Session\Handlers\FileHandler' driver.
INFO - 2023-09-14 02:50:40 --> Session: Class initialized using 'CodeIgniter\Session\Handlers\FileHandler' driver.
INFO - 2023-09-14 02:51:59 --> Session: Class initialized using 'CodeIgniter\Session\Handlers\FileHandler' driver.
INFO - 2023-09-14 02:52:43 --> Session: Class initialized using 'CodeIgniter\Session\Handlers\FileHandler' driver.
INFO - 2023-09-14 03:04:01 --> Session: Class initialized using 'CodeIgniter\Session\Handlers\FileHandler' driver.
CRITICAL - 2023-09-14 03:04:01 --> Undefined array key "no_registrasi"
in APPPATH\Views\permohonan_pending.php on line 104.
 1 APPPATH\Views\permohonan_pending.php(104): CodeIgniter\Debug\Exceptions->errorHandler(2, 'Undefined array key "no_registrasi"', 'C:\\xampp\\htdocs\\surat\\app\\Views\\permohonan_pending.php', 104)
 2 SYSTEMPATH\View\View.php(224): include('C:\\xampp\\htdocs\\surat\\app\\Views\\permohonan_pending.php')
 3 SYSTEMPATH\View\View.php(227): CodeIgniter\View\View->CodeIgniter\View\{closure}()
 4 SYSTEMPATH\Common.php(1180): CodeIgniter\View\View->render('permohonan_pending', [], true)
 5 APPPATH\Controllers\Permohonan.php(29): view('permohonan_pending', [...])
 6 SYSTEMPATH\CodeIgniter.php(932): App\Controllers\Permohonan->index()
 7 SYSTEMPATH\CodeIgniter.php(497): CodeIgniter\CodeIgniter->runController(Object(App\Controllers\Permohonan))
 8 SYSTEMPATH\CodeIgniter.php(366): CodeIgniter\CodeIgniter->handleRequest(null, Object(Config\Cache), false)
 9 FCPATH\index.php(67): CodeIgniter\CodeIgniter->run()
INFO - 2023-09-14 03:04:03 --> Session: Class initialized using 'CodeIgniter\Session\Handlers\FileHandler' driver.
CRITICAL - 2023-09-14 03:04:03 --> Undefined array key "no_registrasi"
in APPPATH\Views\permohonan_pending.php on line 104.
 1 APPPATH\Views\permohonan_pending.php(104): CodeIgniter\Debug\Exceptions->errorHandler(2, 'Undefined array key "no_registrasi"', 'C:\\xampp\\htdocs\\surat\\app\\Views\\permohonan_pending.php', 104)
 2 SYSTEMPATH\View\View.php(224): include('C:\\xampp\\htdocs\\surat\\app\\Views\\permohonan_pending.php')
 3 SYSTEMPATH\View\View.php(227): CodeIgniter\View\View->CodeIgniter\View\{closure}()
 4 SYSTEMPATH\Common.php(1180): CodeIgniter\View\View->render('permohonan_pending', [], true)
 5 APPPATH\Controllers\Permohonan.php(29): view('permohonan_pending', [...])
 6 SYSTEMPATH\CodeIgniter.php(932): App\Controllers\Permohonan->index()
 7 SYSTEMPATH\CodeIgniter.php(497): CodeIgniter\CodeIgniter->runController(Object(App\Controllers\Permohonan))
 8 SYSTEMPATH\CodeIgniter.php(366): CodeIgniter\CodeIgniter->handleRequest(null, Object(Config\Cache), false)
 9 FCPATH\index.php(67): CodeIgniter\CodeIgniter->run()
INFO - 2023-09-14 03:04:51 --> Session: Class initialized using 'CodeIgniter\Session\Handlers\FileHandler' driver.
INFO - 2023-09-14 03:37:14 --> Session: Class initialized using 'CodeIgniter\Session\Handlers\FileHandler' driver.
INFO - 2023-09-14 03:41:02 --> Session: Class initialized using 'CodeIgniter\Session\Handlers\FileHandler' driver.
INFO - 2023-09-14 03:41:42 --> Session: Class initialized using 'CodeIgniter\Session\Handlers\FileHandler' driver.
INFO - 2023-09-14 03:42:09 --> Session: Class initialized using 'CodeIgniter\Session\Handlers\FileHandler' driver.
INFO - 2023-09-14 03:43:11 --> Session: Class initialized using 'CodeIgniter\Session\Handlers\FileHandler' driver.
INFO - 2023-09-14 03:56:16 --> Session: Class initialized using 'CodeIgniter\Session\Handlers\FileHandler' driver.
INFO - 2023-09-14 03:57:16 --> Session: Class initialized using 'CodeIgniter\Session\Handlers\FileHandler' driver.
INFO - 2023-09-14 03:58:42 --> Session: Class initialized using 'CodeIgniter\Session\Handlers\FileHandler' driver.
INFO - 2023-09-14 05:07:57 --> Session: Class initialized using 'CodeIgniter\Session\Handlers\FileHandler' driver.
INFO - 2023-09-14 05:07:57 --> Session: Class initialized using 'CodeIgniter\Session\Handlers\FileHandler' driver.
CRITICAL - 2023-09-14 05:07:57 --> Undefined variable $nextRegistrationNumber
in APPPATH\Views\ktp.php on line 62.
 1 APPPATH\Views\ktp.php(62): CodeIgniter\Debug\Exceptions->errorHandler(2, 'Undefined variable $nextRegistrationNumber', 'C:\\xampp\\htdocs\\surat\\app\\Views\\ktp.php', 62)
 2 SYSTEMPATH\View\View.php(224): include('C:\\xampp\\htdocs\\surat\\app\\Views\\ktp.php')
 3 SYSTEMPATH\View\View.php(227): CodeIgniter\View\View->CodeIgniter\View\{closure}()
 4 SYSTEMPATH\Common.php(1180): CodeIgniter\View\View->render('ktp', [], true)
 5 APPPATH\Controllers\Ktp.php(20): view('ktp', [...])
 6 SYSTEMPATH\CodeIgniter.php(932): App\Controllers\Ktp->index()
 7 SYSTEMPATH\CodeIgniter.php(497): CodeIgniter\CodeIgniter->runController(Object(App\Controllers\Ktp))
 8 SYSTEMPATH\CodeIgniter.php(366): CodeIgniter\CodeIgniter->handleRequest(null, Object(Config\Cache), false)
 9 FCPATH\index.php(67): CodeIgniter\CodeIgniter->run()
CRITICAL - 2023-09-14 05:07:57 --> Undefined variable $nextRegistrationNumber
in APPPATH\Views\ktp.php on line 62.
 1 APPPATH\Views\ktp.php(62): CodeIgniter\Debug\Exceptions->errorHandler(2, 'Undefined variable $nextRegistrationNumber', 'C:\\xampp\\htdocs\\surat\\app\\Views\\ktp.php', 62)
 2 SYSTEMPATH\View\View.php(224): include('C:\\xampp\\htdocs\\surat\\app\\Views\\ktp.php')
 3 SYSTEMPATH\View\View.php(227): CodeIgniter\View\View->CodeIgniter\View\{closure}()
 4 SYSTEMPATH\Common.php(1180): CodeIgniter\View\View->render('ktp', [], true)
 5 APPPATH\Controllers\Ktp.php(20): view('ktp', [...])
 6 SYSTEMPATH\CodeIgniter.php(932): App\Controllers\Ktp->index()
 7 SYSTEMPATH\CodeIgniter.php(497): CodeIgniter\CodeIgniter->runController(Object(App\Controllers\Ktp))
 8 SYSTEMPATH\CodeIgniter.php(366): CodeIgniter\CodeIgniter->handleRequest(null, Object(Config\Cache), false)
 9 FCPATH\index.php(67): CodeIgniter\CodeIgniter->run()
INFO - 2023-09-14 05:28:58 --> Session: Class initialized using 'CodeIgniter\Session\Handlers\FileHandler' driver.
INFO - 2023-09-14 05:28:58 --> Session: Class initialized using 'CodeIgniter\Session\Handlers\FileHandler' driver.
INFO - 2023-09-14 05:29:21 --> Session: Class initialized using 'CodeIgniter\Session\Handlers\FileHandler' driver.
INFO - 2023-09-14 05:33:30 --> Session: Class initialized using 'CodeIgniter\Session\Handlers\FileHandler' driver.
INFO - 2023-09-14 05:43:42 --> Session: Class initialized using 'CodeIgniter\Session\Handlers\FileHandler' driver.
CRITICAL - 2023-09-14 05:43:42 --> Undefined variable $nextRegistrationNumber
in APPPATH\Views\ktp.php on line 62.
 1 APPPATH\Views\ktp.php(62): CodeIgniter\Debug\Exceptions->errorHandler(2, 'Undefined variable $nextRegistrationNumber', 'C:\\xampp\\htdocs\\surat\\app\\Views\\ktp.php', 62)
 2 SYSTEMPATH\View\View.php(224): include('C:\\xampp\\htdocs\\surat\\app\\Views\\ktp.php')
 3 SYSTEMPATH\View\View.php(227): CodeIgniter\View\View->CodeIgniter\View\{closure}()
 4 SYSTEMPATH\Common.php(1180): CodeIgniter\View\View->render('ktp', [], true)
 5 APPPATH\Controllers\Ktp.php(20): view('ktp', [...])
 6 SYSTEMPATH\CodeIgniter.php(932): App\Controllers\Ktp->index()
 7 SYSTEMPATH\CodeIgniter.php(497): CodeIgniter\CodeIgniter->runController(Object(App\Controllers\Ktp))
 8 SYSTEMPATH\CodeIgniter.php(366): CodeIgniter\CodeIgniter->handleRequest(null, Object(Config\Cache), false)
 9 FCPATH\index.php(67): CodeIgniter\CodeIgniter->run()
INFO - 2023-09-14 05:46:38 --> Session: Class initialized using 'CodeIgniter\Session\Handlers\FileHandler' driver.
CRITICAL - 2023-09-14 05:46:38 --> Undefined variable $nextRegistrationNumber
in APPPATH\Views\ktp.php on line 62.
 1 APPPATH\Views\ktp.php(62): CodeIgniter\Debug\Exceptions->errorHandler(2, 'Undefined variable $nextRegistrationNumber', 'C:\\xampp\\htdocs\\surat\\app\\Views\\ktp.php', 62)
 2 SYSTEMPATH\View\View.php(224): include('C:\\xampp\\htdocs\\surat\\app\\Views\\ktp.php')
 3 SYSTEMPATH\View\View.php(227): CodeIgniter\View\View->CodeIgniter\View\{closure}()
 4 SYSTEMPATH\Common.php(1180): CodeIgniter\View\View->render('ktp', [], true)
 5 APPPATH\Controllers\Ktp.php(20): view('ktp', [...])
 6 SYSTEMPATH\CodeIgniter.php(932): App\Controllers\Ktp->index()
 7 SYSTEMPATH\CodeIgniter.php(497): CodeIgniter\CodeIgniter->runController(Object(App\Controllers\Ktp))
 8 SYSTEMPATH\CodeIgniter.php(366): CodeIgniter\CodeIgniter->handleRequest(null, Object(Config\Cache), false)
 9 FCPATH\index.php(67): CodeIgniter\CodeIgniter->run()
INFO - 2023-09-14 05:48:28 --> Session: Class initialized using 'CodeIgniter\Session\Handlers\FileHandler' driver.
CRITICAL - 2023-09-14 05:48:28 --> Undefined variable $nextRegistrationNumber
in APPPATH\Views\ktp.php on line 62.
 1 APPPATH\Views\ktp.php(62): CodeIgniter\Debug\Exceptions->errorHandler(2, 'Undefined variable $nextRegistrationNumber', 'C:\\xampp\\htdocs\\surat\\app\\Views\\ktp.php', 62)
 2 SYSTEMPATH\View\View.php(224): include('C:\\xampp\\htdocs\\surat\\app\\Views\\ktp.php')
 3 SYSTEMPATH\View\View.php(227): CodeIgniter\View\View->CodeIgniter\View\{closure}()
 4 SYSTEMPATH\Common.php(1180): CodeIgniter\View\View->render('ktp', [], true)
 5 APPPATH\Controllers\Ktp.php(20): view('ktp', [...])
 6 SYSTEMPATH\CodeIgniter.php(932): App\Controllers\Ktp->index()
 7 SYSTEMPATH\CodeIgniter.php(497): CodeIgniter\CodeIgniter->runController(Object(App\Controllers\Ktp))
 8 SYSTEMPATH\CodeIgniter.php(366): CodeIgniter\CodeIgniter->handleRequest(null, Object(Config\Cache), false)
 9 FCPATH\index.php(67): CodeIgniter\CodeIgniter->run()
INFO - 2023-09-14 13:58:26 --> Session: Class initialized using 'CodeIgniter\Session\Handlers\FileHandler' driver.
INFO - 2023-09-14 14:00:21 --> Session: Class initialized using 'CodeIgniter\Session\Handlers\FileHandler' driver.
INFO - 2023-09-14 14:00:21 --> Session: Class initialized using 'CodeIgniter\Session\Handlers\FileHandler' driver.
INFO - 2023-09-14 14:00:34 --> Session: Class initialized using 'CodeIgniter\Session\Handlers\FileHandler' driver.
INFO - 2023-09-14 14:00:43 --> Session: Class initialized using 'CodeIgniter\Session\Handlers\FileHandler' driver.
INFO - 2023-09-14 14:00:52 --> Session: Class initialized using 'CodeIgniter\Session\Handlers\FileHandler' driver.
INFO - 2023-09-14 14:02:39 --> Session: Class initialized using 'CodeIgniter\Session\Handlers\FileHandler' driver.
INFO - 2023-09-14 14:03:04 --> Session: Class initialized using 'CodeIgniter\Session\Handlers\FileHandler' driver.
INFO - 2023-09-14 14:03:29 --> Session: Class initialized using 'CodeIgniter\Session\Handlers\FileHandler' driver.
INFO - 2023-09-14 14:04:02 --> Session: Class initialized using 'CodeIgniter\Session\Handlers\FileHandler' driver.
INFO - 2023-09-14 14:04:36 --> Session: Class initialized using 'CodeIgniter\Session\Handlers\FileHandler' driver.
INFO - 2023-09-14 14:07:12 --> Session: Class initialized using 'CodeIgniter\Session\Handlers\FileHandler' driver.
INFO - 2023-09-14 14:07:24 --> Session: Class initialized using 'CodeIgniter\Session\Handlers\FileHandler' driver.
INFO - 2023-09-14 14:26:29 --> Session: Class initialized using 'CodeIgniter\Session\Handlers\FileHandler' driver.
INFO - 2023-09-14 14:27:20 --> Session: Class initialized using 'CodeIgniter\Session\Handlers\FileHandler' driver.
INFO - 2023-09-14 14:28:05 --> Session: Class initialized using 'CodeIgniter\Session\Handlers\FileHandler' driver.
INFO - 2023-09-14 14:32:08 --> Session: Class initialized using 'CodeIgniter\Session\Handlers\FileHandler' driver.
CRITICAL - 2023-09-14 14:32:08 --> Undefined variable $nextRegistrationNumber
in APPPATH\Views\ktp.php on line 62.
 1 APPPATH\Views\ktp.php(62): CodeIgniter\Debug\Exceptions->errorHandler(2, 'Undefined variable $nextRegistrationNumber', 'C:\\xampp\\htdocs\\surat\\app\\Views\\ktp.php', 62)
 2 SYSTEMPATH\View\View.php(224): include('C:\\xampp\\htdocs\\surat\\app\\Views\\ktp.php')
 3 SYSTEMPATH\View\View.php(227): CodeIgniter\View\View->CodeIgniter\View\{closure}()
 4 SYSTEMPATH\Common.php(1180): CodeIgniter\View\View->render('ktp', [], true)
 5 APPPATH\Controllers\Ktp.php(20): view('ktp', [...])
 6 SYSTEMPATH\CodeIgniter.php(932): App\Controllers\Ktp->index()
 7 SYSTEMPATH\CodeIgniter.php(497): CodeIgniter\CodeIgniter->runController(Object(App\Controllers\Ktp))
 8 SYSTEMPATH\CodeIgniter.php(366): CodeIgniter\CodeIgniter->handleRequest(null, Object(Config\Cache), false)
 9 FCPATH\index.php(67): CodeIgniter\CodeIgniter->run()
INFO - 2023-09-14 14:33:25 --> Session: Class initialized using 'CodeIgniter\Session\Handlers\FileHandler' driver.
INFO - 2023-09-14 14:33:40 --> Session: Class initialized using 'CodeIgniter\Session\Handlers\FileHandler' driver.
INFO - 2023-09-14 14:33:47 --> Session: Class initialized using 'CodeIgniter\Session\Handlers\FileHandler' driver.
INFO - 2023-09-14 14:42:24 --> Session: Class initialized using 'CodeIgniter\Session\Handlers\FileHandler' driver.
INFO - 2023-09-14 14:51:57 --> Session: Class initialized using 'CodeIgniter\Session\Handlers\FileHandler' driver.
INFO - 2023-09-14 14:54:06 --> Session: Class initialized using 'CodeIgniter\Session\Handlers\FileHandler' driver.
INFO - 2023-09-14 14:56:11 --> Session: Class initialized using 'CodeIgniter\Session\Handlers\FileHandler' driver.
CRITICAL - 2023-09-14 14:56:11 --> Undefined variable $nextRegistrationNumber
in APPPATH\Views\ktp.php on line 62.
 1 APPPATH\Views\ktp.php(62): CodeIgniter\Debug\Exceptions->errorHandler(2, 'Undefined variable $nextRegistrationNumber', 'C:\\xampp\\htdocs\\surat\\app\\Views\\ktp.php', 62)
 2 SYSTEMPATH\View\View.php(224): include('C:\\xampp\\htdocs\\surat\\app\\Views\\ktp.php')
 3 SYSTEMPATH\View\View.php(227): CodeIgniter\View\View->CodeIgniter\View\{closure}()
 4 SYSTEMPATH\Common.php(1180): CodeIgniter\View\View->render('ktp', [], true)
 5 APPPATH\Controllers\Ktp.php(20): view('ktp', [...])
 6 SYSTEMPATH\CodeIgniter.php(932): App\Controllers\Ktp->index()
 7 SYSTEMPATH\CodeIgniter.php(497): CodeIgniter\CodeIgniter->runController(Object(App\Controllers\Ktp))
 8 SYSTEMPATH\CodeIgniter.php(366): CodeIgniter\CodeIgniter->handleRequest(null, Object(Config\Cache), false)
 9 FCPATH\index.php(67): CodeIgniter\CodeIgniter->run()
INFO - 2023-09-14 14:59:58 --> Session: Class initialized using 'CodeIgniter\Session\Handlers\FileHandler' driver.
INFO - 2023-09-14 15:03:33 --> Session: Class initialized using 'CodeIgniter\Session\Handlers\FileHandler' driver.
INFO - 2023-09-14 15:05:50 --> Session: Class initialized using 'CodeIgniter\Session\Handlers\FileHandler' driver.
CRITICAL - 2023-09-14 15:05:50 --> Undefined variable $nomorRegistrasiTerakhir
in APPPATH\Views\ktp.php on line 140.
 1 APPPATH\Views\ktp.php(140): CodeIgniter\Debug\Exceptions->errorHandler(2, 'Undefined variable $nomorRegistrasiTerakhir', 'C:\\xampp\\htdocs\\surat\\app\\Views\\ktp.php', 140)
 2 SYSTEMPATH\View\View.php(224): include('C:\\xampp\\htdocs\\surat\\app\\Views\\ktp.php')
 3 SYSTEMPATH\View\View.php(227): CodeIgniter\View\View->CodeIgniter\View\{closure}()
 4 SYSTEMPATH\Common.php(1180): CodeIgniter\View\View->render('ktp', [], true)
 5 APPPATH\Controllers\Ktp.php(20): view('ktp', [...])
 6 SYSTEMPATH\CodeIgniter.php(932): App\Controllers\Ktp->index()
 7 SYSTEMPATH\CodeIgniter.php(497): CodeIgniter\CodeIgniter->runController(Object(App\Controllers\Ktp))
 8 SYSTEMPATH\CodeIgniter.php(366): CodeIgniter\CodeIgniter->handleRequest(null, Object(Config\Cache), false)
 9 FCPATH\index.php(67): CodeIgniter\CodeIgniter->run()
INFO - 2023-09-14 15:09:56 --> Session: Class initialized using 'CodeIgniter\Session\Handlers\FileHandler' driver.
INFO - 2023-09-14 15:13:19 --> Session: Class initialized using 'CodeIgniter\Session\Handlers\FileHandler' driver.
INFO - 2023-09-14 15:19:05 --> Session: Class initialized using 'CodeIgniter\Session\Handlers\FileHandler' driver.
INFO - 2023-09-14 15:23:51 --> Session: Class initialized using 'CodeIgniter\Session\Handlers\FileHandler' driver.
INFO - 2023-09-14 15:24:06 --> Session: Class initialized using 'CodeIgniter\Session\Handlers\FileHandler' driver.
INFO - 2023-09-14 15:32:37 --> Session: Class initialized using 'CodeIgniter\Session\Handlers\FileHandler' driver.
INFO - 2023-09-14 15:32:37 --> Session: Class initialized using 'CodeIgniter\Session\Handlers\FileHandler' driver.
INFO - 2023-09-14 15:32:59 --> Session: Class initialized using 'CodeIgniter\Session\Handlers\FileHandler' driver.
INFO - 2023-09-14 15:35:23 --> Session: Class initialized using 'CodeIgniter\Session\Handlers\FileHandler' driver.
INFO - 2023-09-14 15:35:25 --> Session: Class initialized using 'CodeIgniter\Session\Handlers\FileHandler' driver.
INFO - 2023-09-14 15:35:40 --> Session: Class initialized using 'CodeIgniter\Session\Handlers\FileHandler' driver.
INFO - 2023-09-14 15:55:12 --> Session: Class initialized using 'CodeIgniter\Session\Handlers\FileHandler' driver.
INFO - 2023-09-14 15:55:26 --> Session: Class initialized using 'CodeIgniter\Session\Handlers\FileHandler' driver.
INFO - 2023-09-14 15:59:20 --> Session: Class initialized using 'CodeIgniter\Session\Handlers\FileHandler' driver.
INFO - 2023-09-14 16:00:05 --> Session: Class initialized using 'CodeIgniter\Session\Handlers\FileHandler' driver.
INFO - 2023-09-14 16:03:40 --> Session: Class initialized using 'CodeIgniter\Session\Handlers\FileHandler' driver.
INFO - 2023-09-14 16:07:40 --> Session: Class initialized using 'CodeIgniter\Session\Handlers\FileHandler' driver.
INFO - 2023-09-14 16:22:40 --> Session: Class initialized using 'CodeIgniter\Session\Handlers\FileHandler' driver.
INFO - 2023-09-14 16:23:51 --> Session: Class initialized using 'CodeIgniter\Session\Handlers\FileHandler' driver.
INFO - 2023-09-14 16:27:05 --> Session: Class initialized using 'CodeIgniter\Session\Handlers\FileHandler' driver.
INFO - 2023-09-14 16:35:11 --> Session: Class initialized using 'CodeIgniter\Session\Handlers\FileHandler' driver.
CRITICAL - 2023-09-14 16:35:11 --> Undefined variable $nextRegistrationNumber
in APPPATH\Views\ktp.php on line 64.
 1 APPPATH\Views\ktp.php(64): CodeIgniter\Debug\Exceptions->errorHandler(2, 'Undefined variable $nextRegistrationNumber', 'C:\\xampp\\htdocs\\surat\\app\\Views\\ktp.php', 64)
 2 SYSTEMPATH\View\View.php(224): include('C:\\xampp\\htdocs\\surat\\app\\Views\\ktp.php')
 3 SYSTEMPATH\View\View.php(227): CodeIgniter\View\View->CodeIgniter\View\{closure}()
 4 SYSTEMPATH\Common.php(1180): CodeIgniter\View\View->render('ktp', [], true)
 5 APPPATH\Controllers\Ktp.php(21): view('ktp', [...])
 6 SYSTEMPATH\CodeIgniter.php(932): App\Controllers\Ktp->index()
 7 SYSTEMPATH\CodeIgniter.php(497): CodeIgniter\CodeIgniter->runController(Object(App\Controllers\Ktp))
 8 SYSTEMPATH\CodeIgniter.php(366): CodeIgniter\CodeIgniter->handleRequest(null, Object(Config\Cache), false)
 9 FCPATH\index.php(67): CodeIgniter\CodeIgniter->run()
INFO - 2023-09-14 16:41:16 --> Session: Class initialized using 'CodeIgniter\Session\Handlers\FileHandler' driver.
INFO - 2023-09-14 16:47:14 --> Session: Class initialized using 'CodeIgniter\Session\Handlers\FileHandler' driver.
CRITICAL - 2023-09-14 16:47:14 --> Undefined variable $nomorRegistrasiTerakhir
in APPPATH\Views\ktp.php on line 158.
 1 APPPATH\Views\ktp.php(158): CodeIgniter\Debug\Exceptions->errorHandler(2, 'Undefined variable $nomorRegistrasiTerakhir', 'C:\\xampp\\htdocs\\surat\\app\\Views\\ktp.php', 158)
 2 SYSTEMPATH\View\View.php(224): include('C:\\xampp\\htdocs\\surat\\app\\Views\\ktp.php')
 3 SYSTEMPATH\View\View.php(227): CodeIgniter\View\View->CodeIgniter\View\{closure}()
 4 SYSTEMPATH\Common.php(1180): CodeIgniter\View\View->render('ktp', [], true)
 5 APPPATH\Controllers\Ktp.php(21): view('ktp', [...])
 6 SYSTEMPATH\CodeIgniter.php(932): App\Controllers\Ktp->index()
 7 SYSTEMPATH\CodeIgniter.php(497): CodeIgniter\CodeIgniter->runController(Object(App\Controllers\Ktp))
 8 SYSTEMPATH\CodeIgniter.php(366): CodeIgniter\CodeIgniter->handleRequest(null, Object(Config\Cache), false)
 9 FCPATH\index.php(67): CodeIgniter\CodeIgniter->run()
INFO - 2023-09-14 16:49:05 --> Session: Class initialized using 'CodeIgniter\Session\Handlers\FileHandler' driver.
CRITICAL - 2023-09-14 16:51:50 --> Unsupported operand types: string + int
in APPPATH\Controllers\Ktp.php on line 55.
 1 SYSTEMPATH\CodeIgniter.php(932): App\Controllers\Ktp->addData()
 2 SYSTEMPATH\CodeIgniter.php(497): CodeIgniter\CodeIgniter->runController(Object(App\Controllers\Ktp))
 3 SYSTEMPATH\CodeIgniter.php(366): CodeIgniter\CodeIgniter->handleRequest(null, Object(Config\Cache), false)
 4 FCPATH\index.php(67): CodeIgniter\CodeIgniter->run()
INFO - 2023-09-14 16:55:16 --> Session: Class initialized using 'CodeIgniter\Session\Handlers\FileHandler' driver.
INFO - 2023-09-14 16:55:22 --> Session: Class initialized using 'CodeIgniter\Session\Handlers\FileHandler' driver.
INFO - 2023-09-14 16:55:44 --> Session: Class initialized using 'CodeIgniter\Session\Handlers\FileHandler' driver.
INFO - 2023-09-14 16:56:18 --> Session: Class initialized using 'CodeIgniter\Session\Handlers\FileHandler' driver.
INFO - 2023-09-14 16:56:27 --> Session: Class initialized using 'CodeIgniter\Session\Handlers\FileHandler' driver.
INFO - 2023-09-14 16:57:23 --> Session: Class initialized using 'CodeIgniter\Session\Handlers\FileHandler' driver.
INFO - 2023-09-14 16:58:48 --> Session: Class initialized using 'CodeIgniter\Session\Handlers\FileHandler' driver.
INFO - 2023-09-14 17:03:13 --> Session: Class initialized using 'CodeIgniter\Session\Handlers\FileHandler' driver.
INFO - 2023-09-14 17:05:08 --> Session: Class initialized using 'CodeIgniter\Session\Handlers\FileHandler' driver.
CRITICAL - 2023-09-14 17:05:08 --> Undefined variable $defaultCategory
in APPPATH\Views\ktp.php on line 56.
 1 APPPATH\Views\ktp.php(56): CodeIgniter\Debug\Exceptions->errorHandler(2, 'Undefined variable $defaultCategory', 'C:\\xampp\\htdocs\\surat\\app\\Views\\ktp.php', 56)
 2 SYSTEMPATH\View\View.php(224): include('C:\\xampp\\htdocs\\surat\\app\\Views\\ktp.php')
 3 SYSTEMPATH\View\View.php(227): CodeIgniter\View\View->CodeIgniter\View\{closure}()
 4 SYSTEMPATH\Common.php(1180): CodeIgniter\View\View->render('ktp', [], true)
 5 APPPATH\Controllers\Ktp.php(52): view('ktp', [...])
 6 SYSTEMPATH\CodeIgniter.php(932): App\Controllers\Ktp->addData()
 7 SYSTEMPATH\CodeIgniter.php(497): CodeIgniter\CodeIgniter->runController(Object(App\Controllers\Ktp))
 8 SYSTEMPATH\CodeIgniter.php(366): CodeIgniter\CodeIgniter->handleRequest(null, Object(Config\Cache), false)
 9 FCPATH\index.php(67): CodeIgniter\CodeIgniter->run()
INFO - 2023-09-14 17:05:56 --> Session: Class initialized using 'CodeIgniter\Session\Handlers\FileHandler' driver.
CRITICAL - 2023-09-14 17:05:56 --> Undefined variable $defaultCategory
in APPPATH\Views\ktp.php on line 56.
 1 APPPATH\Views\ktp.php(56): CodeIgniter\Debug\Exceptions->errorHandler(2, 'Undefined variable $defaultCategory', 'C:\\xampp\\htdocs\\surat\\app\\Views\\ktp.php', 56)
 2 SYSTEMPATH\View\View.php(224): include('C:\\xampp\\htdocs\\surat\\app\\Views\\ktp.php')
 3 SYSTEMPATH\View\View.php(227): CodeIgniter\View\View->CodeIgniter\View\{closure}()
 4 SYSTEMPATH\Common.php(1180): CodeIgniter\View\View->render('ktp', [], true)
 5 APPPATH\Controllers\Ktp.php(52): view('ktp', [...])
 6 SYSTEMPATH\CodeIgniter.php(932): App\Controllers\Ktp->addData()
 7 SYSTEMPATH\CodeIgniter.php(497): CodeIgniter\CodeIgniter->runController(Object(App\Controllers\Ktp))
 8 SYSTEMPATH\CodeIgniter.php(366): CodeIgniter\CodeIgniter->handleRequest(null, Object(Config\Cache), false)
 9 FCPATH\index.php(67): CodeIgniter\CodeIgniter->run()
INFO - 2023-09-14 17:06:51 --> Session: Class initialized using 'CodeIgniter\Session\Handlers\FileHandler' driver.
CRITICAL - 2023-09-14 17:06:51 --> Undefined variable $defaultCategory
in APPPATH\Views\ktp.php on line 56.
 1 APPPATH\Views\ktp.php(56): CodeIgniter\Debug\Exceptions->errorHandler(2, 'Undefined variable $defaultCategory', 'C:\\xampp\\htdocs\\surat\\app\\Views\\ktp.php', 56)
 2 SYSTEMPATH\View\View.php(224): include('C:\\xampp\\htdocs\\surat\\app\\Views\\ktp.php')
 3 SYSTEMPATH\View\View.php(227): CodeIgniter\View\View->CodeIgniter\View\{closure}()
 4 SYSTEMPATH\Common.php(1180): CodeIgniter\View\View->render('ktp', [], true)
 5 APPPATH\Controllers\Ktp.php(52): view('ktp', [...])
 6 SYSTEMPATH\CodeIgniter.php(932): App\Controllers\Ktp->addData()
 7 SYSTEMPATH\CodeIgniter.php(497): CodeIgniter\CodeIgniter->runController(Object(App\Controllers\Ktp))
 8 SYSTEMPATH\CodeIgniter.php(366): CodeIgniter\CodeIgniter->handleRequest(null, Object(Config\Cache), false)
 9 FCPATH\index.php(67): CodeIgniter\CodeIgniter->run()
INFO - 2023-09-14 17:07:19 --> Session: Class initialized using 'CodeIgniter\Session\Handlers\FileHandler' driver.
CRITICAL - 2023-09-14 17:07:19 --> Undefined variable $defaultCategory
in APPPATH\Views\ktp.php on line 56.
 1 APPPATH\Views\ktp.php(56): CodeIgniter\Debug\Exceptions->errorHandler(2, 'Undefined variable $defaultCategory', 'C:\\xampp\\htdocs\\surat\\app\\Views\\ktp.php', 56)
 2 SYSTEMPATH\View\View.php(224): include('C:\\xampp\\htdocs\\surat\\app\\Views\\ktp.php')
 3 SYSTEMPATH\View\View.php(227): CodeIgniter\View\View->CodeIgniter\View\{closure}()
 4 SYSTEMPATH\Common.php(1180): CodeIgniter\View\View->render('ktp', [], true)
 5 APPPATH\Controllers\Ktp.php(52): view('ktp', [...])
 6 SYSTEMPATH\CodeIgniter.php(932): App\Controllers\Ktp->addData()
 7 SYSTEMPATH\CodeIgniter.php(497): CodeIgniter\CodeIgniter->runController(Object(App\Controllers\Ktp))
 8 SYSTEMPATH\CodeIgniter.php(366): CodeIgniter\CodeIgniter->handleRequest(null, Object(Config\Cache), false)
 9 FCPATH\index.php(67): CodeIgniter\CodeIgniter->run()
INFO - 2023-09-14 17:07:48 --> Session: Class initialized using 'CodeIgniter\Session\Handlers\FileHandler' driver.
CRITICAL - 2023-09-14 17:07:48 --> Undefined variable $defaultCategory
in APPPATH\Views\ktp.php on line 56.
 1 APPPATH\Views\ktp.php(56): CodeIgniter\Debug\Exceptions->errorHandler(2, 'Undefined variable $defaultCategory', 'C:\\xampp\\htdocs\\surat\\app\\Views\\ktp.php', 56)
 2 SYSTEMPATH\View\View.php(224): include('C:\\xampp\\htdocs\\surat\\app\\Views\\ktp.php')
 3 SYSTEMPATH\View\View.php(227): CodeIgniter\View\View->CodeIgniter\View\{closure}()
 4 SYSTEMPATH\Common.php(1180): CodeIgniter\View\View->render('ktp', [], true)
 5 APPPATH\Controllers\Ktp.php(52): view('ktp', [...])
 6 SYSTEMPATH\CodeIgniter.php(932): App\Controllers\Ktp->addData()
 7 SYSTEMPATH\CodeIgniter.php(497): CodeIgniter\CodeIgniter->runController(Object(App\Controllers\Ktp))
 8 SYSTEMPATH\CodeIgniter.php(366): CodeIgniter\CodeIgniter->handleRequest(null, Object(Config\Cache), false)
 9 FCPATH\index.php(67): CodeIgniter\CodeIgniter->run()
INFO - 2023-09-14 17:08:16 --> Session: Class initialized using 'CodeIgniter\Session\Handlers\FileHandler' driver.
CRITICAL - 2023-09-14 17:08:16 --> Undefined variable $defaultCategory
in APPPATH\Views\ktp.php on line 56.
 1 APPPATH\Views\ktp.php(56): CodeIgniter\Debug\Exceptions->errorHandler(2, 'Undefined variable $defaultCategory', 'C:\\xampp\\htdocs\\surat\\app\\Views\\ktp.php', 56)
 2 SYSTEMPATH\View\View.php(224): include('C:\\xampp\\htdocs\\surat\\app\\Views\\ktp.php')
 3 SYSTEMPATH\View\View.php(227): CodeIgniter\View\View->CodeIgniter\View\{closure}()
 4 SYSTEMPATH\Common.php(1180): CodeIgniter\View\View->render('ktp', [], true)
 5 APPPATH\Controllers\Ktp.php(52): view('ktp', [...])
 6 SYSTEMPATH\CodeIgniter.php(932): App\Controllers\Ktp->addData()
 7 SYSTEMPATH\CodeIgniter.php(497): CodeIgniter\CodeIgniter->runController(Object(App\Controllers\Ktp))
 8 SYSTEMPATH\CodeIgniter.php(366): CodeIgniter\CodeIgniter->handleRequest(null, Object(Config\Cache), false)
 9 FCPATH\index.php(67): CodeIgniter\CodeIgniter->run()
INFO - 2023-09-14 17:15:06 --> Session: Class initialized using 'CodeIgniter\Session\Handlers\FileHandler' driver.
CRITICAL - 2023-09-14 17:15:06 --> Undefined variable $defaultCategory
in APPPATH\Views\ktp.php on line 56.
 1 APPPATH\Views\ktp.php(56): CodeIgniter\Debug\Exceptions->errorHandler(2, 'Undefined variable $defaultCategory', 'C:\\xampp\\htdocs\\surat\\app\\Views\\ktp.php', 56)
 2 SYSTEMPATH\View\View.php(224): include('C:\\xampp\\htdocs\\surat\\app\\Views\\ktp.php')
 3 SYSTEMPATH\View\View.php(227): CodeIgniter\View\View->CodeIgniter\View\{closure}()
 4 SYSTEMPATH\Common.php(1180): CodeIgniter\View\View->render('ktp', [], true)
 5 APPPATH\Controllers\Ktp.php(52): view('ktp', [...])
 6 SYSTEMPATH\CodeIgniter.php(932): App\Controllers\Ktp->addData()
 7 SYSTEMPATH\CodeIgniter.php(497): CodeIgniter\CodeIgniter->runController(Object(App\Controllers\Ktp))
 8 SYSTEMPATH\CodeIgniter.php(366): CodeIgniter\CodeIgniter->handleRequest(null, Object(Config\Cache), false)
 9 FCPATH\index.php(67): CodeIgniter\CodeIgniter->run()
INFO - 2023-09-14 17:15:41 --> Session: Class initialized using 'CodeIgniter\Session\Handlers\FileHandler' driver.
CRITICAL - 2023-09-14 17:15:41 --> Undefined variable $defaultCategory
in APPPATH\Views\ktp.php on line 56.
 1 APPPATH\Views\ktp.php(56): CodeIgniter\Debug\Exceptions->errorHandler(2, 'Undefined variable $defaultCategory', 'C:\\xampp\\htdocs\\surat\\app\\Views\\ktp.php', 56)
 2 SYSTEMPATH\View\View.php(224): include('C:\\xampp\\htdocs\\surat\\app\\Views\\ktp.php')
 3 SYSTEMPATH\View\View.php(227): CodeIgniter\View\View->CodeIgniter\View\{closure}()
 4 SYSTEMPATH\Common.php(1180): CodeIgniter\View\View->render('ktp', [], true)
 5 APPPATH\Controllers\Ktp.php(52): view('ktp', [...])
 6 SYSTEMPATH\CodeIgniter.php(932): App\Controllers\Ktp->addData()
 7 SYSTEMPATH\CodeIgniter.php(497): CodeIgniter\CodeIgniter->runController(Object(App\Controllers\Ktp))
 8 SYSTEMPATH\CodeIgniter.php(366): CodeIgniter\CodeIgniter->handleRequest(null, Object(Config\Cache), false)
 9 FCPATH\index.php(67): CodeIgniter\CodeIgniter->run()
INFO - 2023-09-14 17:17:02 --> Session: Class initialized using 'CodeIgniter\Session\Handlers\FileHandler' driver.
CRITICAL - 2023-09-14 17:17:02 --> Undefined variable $defaultCategory
in APPPATH\Views\ktp.php on line 56.
 1 APPPATH\Views\ktp.php(56): CodeIgniter\Debug\Exceptions->errorHandler(2, 'Undefined variable $defaultCategory', 'C:\\xampp\\htdocs\\surat\\app\\Views\\ktp.php', 56)
 2 SYSTEMPATH\View\View.php(224): include('C:\\xampp\\htdocs\\surat\\app\\Views\\ktp.php')
 3 SYSTEMPATH\View\View.php(227): CodeIgniter\View\View->CodeIgniter\View\{closure}()
 4 SYSTEMPATH\Common.php(1180): CodeIgniter\View\View->render('ktp', [], true)
 5 APPPATH\Controllers\Ktp.php(52): view('ktp', [...])
 6 SYSTEMPATH\CodeIgniter.php(932): App\Controllers\Ktp->addData()
 7 SYSTEMPATH\CodeIgniter.php(497): CodeIgniter\CodeIgniter->runController(Object(App\Controllers\Ktp))
 8 SYSTEMPATH\CodeIgniter.php(366): CodeIgniter\CodeIgniter->handleRequest(null, Object(Config\Cache), false)
 9 FCPATH\index.php(67): CodeIgniter\CodeIgniter->run()
INFO - 2023-09-14 17:18:11 --> Session: Class initialized using 'CodeIgniter\Session\Handlers\FileHandler' driver.
CRITICAL - 2023-09-14 17:18:11 --> Undefined variable $defaultCategory
in APPPATH\Views\ktp.php on line 56.
 1 APPPATH\Views\ktp.php(56): CodeIgniter\Debug\Exceptions->errorHandler(2, 'Undefined variable $defaultCategory', 'C:\\xampp\\htdocs\\surat\\app\\Views\\ktp.php', 56)
 2 SYSTEMPATH\View\View.php(224): include('C:\\xampp\\htdocs\\surat\\app\\Views\\ktp.php')
 3 SYSTEMPATH\View\View.php(227): CodeIgniter\View\View->CodeIgniter\View\{closure}()
 4 SYSTEMPATH\Common.php(1180): CodeIgniter\View\View->render('ktp', [], true)
 5 APPPATH\Controllers\Ktp.php(52): view('ktp', [...])
 6 SYSTEMPATH\CodeIgniter.php(932): App\Controllers\Ktp->addData()
 7 SYSTEMPATH\CodeIgniter.php(497): CodeIgniter\CodeIgniter->runController(Object(App\Controllers\Ktp))
 8 SYSTEMPATH\CodeIgniter.php(366): CodeIgniter\CodeIgniter->handleRequest(null, Object(Config\Cache), false)
 9 FCPATH\index.php(67): CodeIgniter\CodeIgniter->run()
INFO - 2023-09-14 17:19:07 --> Session: Class initialized using 'CodeIgniter\Session\Handlers\FileHandler' driver.
CRITICAL - 2023-09-14 17:19:07 --> Undefined variable $defaultCategory
in APPPATH\Views\ktp.php on line 56.
 1 APPPATH\Views\ktp.php(56): CodeIgniter\Debug\Exceptions->errorHandler(2, 'Undefined variable $defaultCategory', 'C:\\xampp\\htdocs\\surat\\app\\Views\\ktp.php', 56)
 2 SYSTEMPATH\View\View.php(224): include('C:\\xampp\\htdocs\\surat\\app\\Views\\ktp.php')
 3 SYSTEMPATH\View\View.php(227): CodeIgniter\View\View->CodeIgniter\View\{closure}()
 4 SYSTEMPATH\Common.php(1180): CodeIgniter\View\View->render('ktp', [], true)
 5 APPPATH\Controllers\Ktp.php(52): view('ktp', [...])
 6 SYSTEMPATH\CodeIgniter.php(932): App\Controllers\Ktp->addData()
 7 SYSTEMPATH\CodeIgniter.php(497): CodeIgniter\CodeIgniter->runController(Object(App\Controllers\Ktp))
 8 SYSTEMPATH\CodeIgniter.php(366): CodeIgniter\CodeIgniter->handleRequest(null, Object(Config\Cache), false)
 9 FCPATH\index.php(67): CodeIgniter\CodeIgniter->run()
INFO - 2023-09-14 17:25:38 --> Session: Class initialized using 'CodeIgniter\Session\Handlers\FileHandler' driver.
INFO - 2023-09-14 17:26:08 --> Session: Class initialized using 'CodeIgniter\Session\Handlers\FileHandler' driver.
INFO - 2023-09-14 17:26:38 --> Session: Class initialized using 'CodeIgniter\Session\Handlers\FileHandler' driver.
INFO - 2023-09-14 17:27:14 --> Session: Class initialized using 'CodeIgniter\Session\Handlers\FileHandler' driver.
INFO - 2023-09-14 17:27:15 --> Session: Class initialized using 'CodeIgniter\Session\Handlers\FileHandler' driver.
INFO - 2023-09-14 17:27:22 --> Session: Class initialized using 'CodeIgniter\Session\Handlers\FileHandler' driver.
INFO - 2023-09-14 17:28:08 --> Session: Class initialized using 'CodeIgniter\Session\Handlers\FileHandler' driver.
INFO - 2023-09-14 17:34:03 --> Session: Class initialized using 'CodeIgniter\Session\Handlers\FileHandler' driver.
CRITICAL - 2023-09-14 17:34:03 --> Undefined variable $nomorRegistrasiTerakhir
in APPPATH\Views\ktp.php on line 158.
 1 APPPATH\Views\ktp.php(158): CodeIgniter\Debug\Exceptions->errorHandler(2, 'Undefined variable $nomorRegistrasiTerakhir', 'C:\\xampp\\htdocs\\surat\\app\\Views\\ktp.php', 158)
 2 SYSTEMPATH\View\View.php(224): include('C:\\xampp\\htdocs\\surat\\app\\Views\\ktp.php')
 3 SYSTEMPATH\View\View.php(227): CodeIgniter\View\View->CodeIgniter\View\{closure}()
 4 SYSTEMPATH\Common.php(1180): CodeIgniter\View\View->render('ktp', [], true)
 5 APPPATH\Controllers\Ktp.php(21): view('ktp', [...])
 6 SYSTEMPATH\CodeIgniter.php(932): App\Controllers\Ktp->index()
 7 SYSTEMPATH\CodeIgniter.php(497): CodeIgniter\CodeIgniter->runController(Object(App\Controllers\Ktp))
 8 SYSTEMPATH\CodeIgniter.php(366): CodeIgniter\CodeIgniter->handleRequest(null, Object(Config\Cache), false)
 9 FCPATH\index.php(67): CodeIgniter\CodeIgniter->run()
INFO - 2023-09-14 17:37:11 --> Session: Class initialized using 'CodeIgniter\Session\Handlers\FileHandler' driver.
CRITICAL - 2023-09-14 17:37:11 --> Undefined variable $nomorRegistrasiTerakhir
in APPPATH\Views\ktp.php on line 158.
 1 APPPATH\Views\ktp.php(158): CodeIgniter\Debug\Exceptions->errorHandler(2, 'Undefined variable $nomorRegistrasiTerakhir', 'C:\\xampp\\htdocs\\surat\\app\\Views\\ktp.php', 158)
 2 SYSTEMPATH\View\View.php(224): include('C:\\xampp\\htdocs\\surat\\app\\Views\\ktp.php')
 3 SYSTEMPATH\View\View.php(227): CodeIgniter\View\View->CodeIgniter\View\{closure}()
 4 SYSTEMPATH\Common.php(1180): CodeIgniter\View\View->render('ktp', [], true)
 5 APPPATH\Controllers\Ktp.php(21): view('ktp', [...])
 6 SYSTEMPATH\CodeIgniter.php(932): App\Controllers\Ktp->index()
 7 SYSTEMPATH\CodeIgniter.php(497): CodeIgniter\CodeIgniter->runController(Object(App\Controllers\Ktp))
 8 SYSTEMPATH\CodeIgniter.php(366): CodeIgniter\CodeIgniter->handleRequest(null, Object(Config\Cache), false)
 9 FCPATH\index.php(67): CodeIgniter\CodeIgniter->run()
INFO - 2023-09-14 17:44:35 --> Session: Class initialized using 'CodeIgniter\Session\Handlers\FileHandler' driver.
INFO - 2023-09-14 17:47:30 --> Session: Class initialized using 'CodeIgniter\Session\Handlers\FileHandler' driver.
INFO - 2023-09-14 17:48:11 --> Session: Class initialized using 'CodeIgniter\Session\Handlers\FileHandler' driver.
INFO - 2023-09-14 17:51:46 --> Session: Class initialized using 'CodeIgniter\Session\Handlers\FileHandler' driver.
INFO - 2023-09-14 17:52:31 --> Session: Class initialized using 'CodeIgniter\Session\Handlers\FileHandler' driver.
INFO - 2023-09-14 18:10:08 --> Session: Class initialized using 'CodeIgniter\Session\Handlers\FileHandler' driver.
INFO - 2023-09-14 18:10:09 --> Session: Class initialized using 'CodeIgniter\Session\Handlers\FileHandler' driver.
INFO - 2023-09-14 18:10:39 --> Session: Class initialized using 'CodeIgniter\Session\Handlers\FileHandler' driver.
INFO - 2023-09-14 18:11:19 --> Session: Class initialized using 'CodeIgniter\Session\Handlers\FileHandler' driver.
INFO - 2023-09-14 18:13:09 --> Session: Class initialized using 'CodeIgniter\Session\Handlers\FileHandler' driver.
INFO - 2023-09-14 18:16:06 --> Session: Class initialized using 'CodeIgniter\Session\Handlers\FileHandler' driver.
INFO - 2023-09-14 18:18:54 --> Session: Class initialized using 'CodeIgniter\Session\Handlers\FileHandler' driver.
INFO - 2023-09-14 18:23:53 --> Session: Class initialized using 'CodeIgniter\Session\Handlers\FileHandler' driver.
INFO - 2023-09-14 18:25:35 --> Session: Class initialized using 'CodeIgniter\Session\Handlers\FileHandler' driver.
INFO - 2023-09-14 18:25:36 --> Session: Class initialized using 'CodeIgniter\Session\Handlers\FileHandler' driver.
INFO - 2023-09-14 18:25:47 --> Session: Class initialized using 'CodeIgniter\Session\Handlers\FileHandler' driver.
INFO - 2023-09-14 18:26:06 --> Session: Class initialized using 'CodeIgniter\Session\Handlers\FileHandler' driver.
INFO - 2023-09-14 18:37:15 --> Session: Class initialized using 'CodeIgniter\Session\Handlers\FileHandler' driver.
INFO - 2023-09-14 18:42:02 --> Session: Class initialized using 'CodeIgniter\Session\Handlers\FileHandler' driver.
INFO - 2023-09-14 18:44:14 --> Session: Class initialized using 'CodeIgniter\Session\Handlers\FileHandler' driver.
INFO - 2023-09-14 18:44:16 --> Session: Class initialized using 'CodeIgniter\Session\Handlers\FileHandler' driver.
INFO - 2023-09-14 18:44:29 --> Session: Class initialized using 'CodeIgniter\Session\Handlers\FileHandler' driver.
INFO - 2023-09-14 18:44:51 --> Session: Class initialized using 'CodeIgniter\Session\Handlers\FileHandler' driver.
INFO - 2023-09-14 19:10:01 --> Session: Class initialized using 'CodeIgniter\Session\Handlers\FileHandler' driver.
INFO - 2023-09-14 19:10:01 --> Session: Class initialized using 'CodeIgniter\Session\Handlers\FileHandler' driver.
INFO - 2023-09-14 19:12:48 --> Session: Class initialized using 'CodeIgniter\Session\Handlers\FileHandler' driver.
INFO - 2023-09-14 19:12:49 --> Session: Class initialized using 'CodeIgniter\Session\Handlers\FileHandler' driver.
INFO - 2023-09-14 19:13:14 --> Session: Class initialized using 'CodeIgniter\Session\Handlers\FileHandler' driver.
INFO - 2023-09-14 19:13:23 --> Session: Class initialized using 'CodeIgniter\Session\Handlers\FileHandler' driver.
INFO - 2023-09-14 19:27:12 --> Session: Class initialized using 'CodeIgniter\Session\Handlers\FileHandler' driver.
INFO - 2023-09-14 19:27:12 --> Session: Class initialized using 'CodeIgniter\Session\Handlers\FileHandler' driver.
INFO - 2023-09-14 19:29:41 --> Session: Class initialized using 'CodeIgniter\Session\Handlers\FileHandler' driver.
CRITICAL - 2023-09-14 19:29:41 --> Undefined variable $defaultCategory
in APPPATH\Views\ktp.php on line 56.
 1 APPPATH\Views\ktp.php(56): CodeIgniter\Debug\Exceptions->errorHandler(2, 'Undefined variable $defaultCategory', 'C:\\xampp\\htdocs\\surat\\app\\Views\\ktp.php', 56)
 2 SYSTEMPATH\View\View.php(224): include('C:\\xampp\\htdocs\\surat\\app\\Views\\ktp.php')
 3 SYSTEMPATH\View\View.php(227): CodeIgniter\View\View->CodeIgniter\View\{closure}()
 4 SYSTEMPATH\Common.php(1180): CodeIgniter\View\View->render('ktp', [], true)
 5 APPPATH\Controllers\Ktp.php(52): view('ktp', [...])
 6 SYSTEMPATH\CodeIgniter.php(932): App\Controllers\Ktp->addData()
 7 SYSTEMPATH\CodeIgniter.php(497): CodeIgniter\CodeIgniter->runController(Object(App\Controllers\Ktp))
 8 SYSTEMPATH\CodeIgniter.php(366): CodeIgniter\CodeIgniter->handleRequest(null, Object(Config\Cache), false)
 9 FCPATH\index.php(67): CodeIgniter\CodeIgniter->run()
INFO - 2023-09-14 19:30:42 --> Session: Class initialized using 'CodeIgniter\Session\Handlers\FileHandler' driver.
INFO - 2023-09-14 19:31:47 --> Session: Class initialized using 'CodeIgniter\Session\Handlers\FileHandler' driver.
INFO - 2023-09-14 19:32:37 --> Session: Class initialized using 'CodeIgniter\Session\Handlers\FileHandler' driver.
INFO - 2023-09-14 19:32:39 --> Session: Class initialized using 'CodeIgniter\Session\Handlers\FileHandler' driver.
INFO - 2023-09-14 19:32:53 --> Session: Class initialized using 'CodeIgniter\Session\Handlers\FileHandler' driver.
INFO - 2023-09-14 19:33:03 --> Session: Class initialized using 'CodeIgniter\Session\Handlers\FileHandler' driver.
INFO - 2023-09-14 19:45:59 --> Session: Class initialized using 'CodeIgniter\Session\Handlers\FileHandler' driver.
INFO - 2023-09-14 19:45:59 --> Session: Class initialized using 'CodeIgniter\Session\Handlers\FileHandler' driver.
INFO - 2023-09-14 19:53:53 --> Session: Class initialized using 'CodeIgniter\Session\Handlers\FileHandler' driver.
INFO - 2023-09-14 19:54:49 --> Session: Class initialized using 'CodeIgniter\Session\Handlers\FileHandler' driver.
INFO - 2023-09-14 19:54:53 --> Session: Class initialized using 'CodeIgniter\Session\Handlers\FileHandler' driver.
INFO - 2023-09-14 19:55:10 --> Session: Class initialized using 'CodeIgniter\Session\Handlers\FileHandler' driver.
INFO - 2023-09-14 19:55:27 --> Session: Class initialized using 'CodeIgniter\Session\Handlers\FileHandler' driver.
