INFO - 2023-08-07 02:55:21 --> Session: Class initialized using 'CodeIgniter\Session\Handlers\FileHandler' driver.
INFO - 2023-08-07 02:55:49 --> Session: Class initialized using 'CodeIgniter\Session\Handlers\FileHandler' driver.
INFO - 2023-08-07 02:55:49 --> Session: Class initialized using 'CodeIgniter\Session\Handlers\FileHandler' driver.
INFO - 2023-08-07 02:56:09 --> Session: Class initialized using 'CodeIgniter\Session\Handlers\FileHandler' driver.
INFO - 2023-08-07 02:56:35 --> Session: Class initialized using 'CodeIgniter\Session\Handlers\FileHandler' driver.
INFO - 2023-08-07 03:45:21 --> Session: Class initialized using 'CodeIgniter\Session\Handlers\FileHandler' driver.
INFO - 2023-08-07 03:47:55 --> Session: Class initialized using 'CodeIgniter\Session\Handlers\FileHandler' driver.
INFO - 2023-08-07 03:48:12 --> Session: Class initialized using 'CodeIgniter\Session\Handlers\FileHandler' driver.
INFO - 2023-08-07 03:48:37 --> Session: Class initialized using 'CodeIgniter\Session\Handlers\FileHandler' driver.
INFO - 2023-08-07 04:05:42 --> Session: Class initialized using 'CodeIgniter\Session\Handlers\FileHandler' driver.
CRITICAL - 2023-08-07 04:12:41 --> Call to undefined function form_open()
in APPPATH\Views\permohonan.php on line 11.
 1 SYSTEMPATH\View\View.php(224): include()
 2 SYSTEMPATH\View\View.php(227): CodeIgniter\View\View->CodeIgniter\View\{closure}()
 3 SYSTEMPATH\Common.php(1180): CodeIgniter\View\View->render('/permohonan', [], true)
 4 APPPATH\Controllers\PermohonanSurat.php(13): view('/permohonan')
 5 SYSTEMPATH\CodeIgniter.php(932): App\Controllers\PermohonanSurat->index()
 6 SYSTEMPATH\CodeIgniter.php(497): CodeIgniter\CodeIgniter->runController(Object(App\Controllers\PermohonanSurat))
 7 SYSTEMPATH\CodeIgniter.php(366): CodeIgniter\CodeIgniter->handleRequest(null, Object(Config\Cache), false)
 8 FCPATH\index.php(67): CodeIgniter\CodeIgniter->run()
CRITICAL - 2023-08-07 04:12:41 --> Call to undefined function form_open()
in APPPATH\Views\permohonan.php on line 11.
 1 SYSTEMPATH\View\View.php(224): include()
 2 SYSTEMPATH\View\View.php(227): CodeIgniter\View\View->CodeIgniter\View\{closure}()
 3 SYSTEMPATH\Common.php(1180): CodeIgniter\View\View->render('/permohonan', [], true)
 4 APPPATH\Controllers\PermohonanSurat.php(13): view('/permohonan')
 5 SYSTEMPATH\CodeIgniter.php(932): App\Controllers\PermohonanSurat->index()
 6 SYSTEMPATH\CodeIgniter.php(497): CodeIgniter\CodeIgniter->runController(Object(App\Controllers\PermohonanSurat))
 7 SYSTEMPATH\CodeIgniter.php(366): CodeIgniter\CodeIgniter->handleRequest(null, Object(Config\Cache), false)
 8 FCPATH\index.php(67): CodeIgniter\CodeIgniter->run()
CRITICAL - 2023-08-07 04:12:41 --> Call to undefined function form_open()
in APPPATH\Views\permohonan.php on line 11.
 1 SYSTEMPATH\View\View.php(224): include()
 2 SYSTEMPATH\View\View.php(227): CodeIgniter\View\View->CodeIgniter\View\{closure}()
 3 SYSTEMPATH\Common.php(1180): CodeIgniter\View\View->render('/permohonan', [], true)
 4 APPPATH\Controllers\PermohonanSurat.php(13): view('/permohonan')
 5 SYSTEMPATH\CodeIgniter.php(932): App\Controllers\PermohonanSurat->index()
 6 SYSTEMPATH\CodeIgniter.php(497): CodeIgniter\CodeIgniter->runController(Object(App\Controllers\PermohonanSurat))
 7 SYSTEMPATH\CodeIgniter.php(366): CodeIgniter\CodeIgniter->handleRequest(null, Object(Config\Cache), false)
 8 FCPATH\index.php(67): CodeIgniter\CodeIgniter->run()
CRITICAL - 2023-08-07 04:12:41 --> Call to undefined function form_open()
in APPPATH\Views\permohonan.php on line 11.
 1 SYSTEMPATH\View\View.php(224): include()
 2 SYSTEMPATH\View\View.php(227): CodeIgniter\View\View->CodeIgniter\View\{closure}()
 3 SYSTEMPATH\Common.php(1180): CodeIgniter\View\View->render('/permohonan', [], true)
 4 APPPATH\Controllers\PermohonanSurat.php(13): view('/permohonan')
 5 SYSTEMPATH\CodeIgniter.php(932): App\Controllers\PermohonanSurat->index()
 6 SYSTEMPATH\CodeIgniter.php(497): CodeIgniter\CodeIgniter->runController(Object(App\Controllers\PermohonanSurat))
 7 SYSTEMPATH\CodeIgniter.php(366): CodeIgniter\CodeIgniter->handleRequest(null, Object(Config\Cache), false)
 8 FCPATH\index.php(67): CodeIgniter\CodeIgniter->run()
CRITICAL - 2023-08-07 04:13:32 --> Call to undefined function form_open()
in APPPATH\Views\permohonan.php on line 11.
 1 SYSTEMPATH\View\View.php(224): include()
 2 SYSTEMPATH\View\View.php(227): CodeIgniter\View\View->CodeIgniter\View\{closure}()
 3 SYSTEMPATH\Common.php(1180): CodeIgniter\View\View->render('/permohonan', [], true)
 4 APPPATH\Controllers\PermohonanSurat.php(13): view('/permohonan')
 5 SYSTEMPATH\CodeIgniter.php(932): App\Controllers\PermohonanSurat->index()
 6 SYSTEMPATH\CodeIgniter.php(497): CodeIgniter\CodeIgniter->runController(Object(App\Controllers\PermohonanSurat))
 7 SYSTEMPATH\CodeIgniter.php(366): CodeIgniter\CodeIgniter->handleRequest(null, Object(Config\Cache), false)
 8 FCPATH\index.php(67): CodeIgniter\CodeIgniter->run()
CRITICAL - 2023-08-07 04:13:32 --> Call to undefined function form_open()
in APPPATH\Views\permohonan.php on line 11.
 1 SYSTEMPATH\View\View.php(224): include()
 2 SYSTEMPATH\View\View.php(227): CodeIgniter\View\View->CodeIgniter\View\{closure}()
 3 SYSTEMPATH\Common.php(1180): CodeIgniter\View\View->render('/permohonan', [], true)
 4 APPPATH\Controllers\PermohonanSurat.php(13): view('/permohonan')
 5 SYSTEMPATH\CodeIgniter.php(932): App\Controllers\PermohonanSurat->index()
 6 SYSTEMPATH\CodeIgniter.php(497): CodeIgniter\CodeIgniter->runController(Object(App\Controllers\PermohonanSurat))
 7 SYSTEMPATH\CodeIgniter.php(366): CodeIgniter\CodeIgniter->handleRequest(null, Object(Config\Cache), false)
 8 FCPATH\index.php(67): CodeIgniter\CodeIgniter->run()
CRITICAL - 2023-08-07 04:13:32 --> Call to undefined function form_open()
in APPPATH\Views\permohonan.php on line 11.
 1 SYSTEMPATH\View\View.php(224): include()
 2 SYSTEMPATH\View\View.php(227): CodeIgniter\View\View->CodeIgniter\View\{closure}()
 3 SYSTEMPATH\Common.php(1180): CodeIgniter\View\View->render('/permohonan', [], true)
 4 APPPATH\Controllers\PermohonanSurat.php(13): view('/permohonan')
 5 SYSTEMPATH\CodeIgniter.php(932): App\Controllers\PermohonanSurat->index()
 6 SYSTEMPATH\CodeIgniter.php(497): CodeIgniter\CodeIgniter->runController(Object(App\Controllers\PermohonanSurat))
 7 SYSTEMPATH\CodeIgniter.php(366): CodeIgniter\CodeIgniter->handleRequest(null, Object(Config\Cache), false)
 8 FCPATH\index.php(67): CodeIgniter\CodeIgniter->run()
CRITICAL - 2023-08-07 04:15:16 --> Call to undefined function form_open()
in APPPATH\Views\permohonan.php on line 11.
 1 SYSTEMPATH\View\View.php(224): include()
 2 SYSTEMPATH\View\View.php(227): CodeIgniter\View\View->CodeIgniter\View\{closure}()
 3 SYSTEMPATH\Common.php(1180): CodeIgniter\View\View->render('/permohonan', [], true)
 4 APPPATH\Controllers\PermohonanSurat.php(13): view('/permohonan')
 5 SYSTEMPATH\CodeIgniter.php(932): App\Controllers\PermohonanSurat->index()
 6 SYSTEMPATH\CodeIgniter.php(497): CodeIgniter\CodeIgniter->runController(Object(App\Controllers\PermohonanSurat))
 7 SYSTEMPATH\CodeIgniter.php(366): CodeIgniter\CodeIgniter->handleRequest(null, Object(Config\Cache), false)
 8 FCPATH\index.php(67): CodeIgniter\CodeIgniter->run()
CRITICAL - 2023-08-07 04:15:38 --> Call to undefined function form_open()
in APPPATH\Views\permohonan.php on line 11.
 1 SYSTEMPATH\View\View.php(224): include()
 2 SYSTEMPATH\View\View.php(227): CodeIgniter\View\View->CodeIgniter\View\{closure}()
 3 SYSTEMPATH\Common.php(1180): CodeIgniter\View\View->render('/permohonan', [], true)
 4 APPPATH\Controllers\PermohonanSurat.php(13): view('/permohonan')
 5 SYSTEMPATH\CodeIgniter.php(932): App\Controllers\PermohonanSurat->index()
 6 SYSTEMPATH\CodeIgniter.php(497): CodeIgniter\CodeIgniter->runController(Object(App\Controllers\PermohonanSurat))
 7 SYSTEMPATH\CodeIgniter.php(366): CodeIgniter\CodeIgniter->handleRequest(null, Object(Config\Cache), false)
 8 FCPATH\index.php(67): CodeIgniter\CodeIgniter->run()
CRITICAL - 2023-08-07 04:15:38 --> Call to undefined function form_open()
in APPPATH\Views\permohonan.php on line 11.
 1 SYSTEMPATH\View\View.php(224): include()
 2 SYSTEMPATH\View\View.php(227): CodeIgniter\View\View->CodeIgniter\View\{closure}()
 3 SYSTEMPATH\Common.php(1180): CodeIgniter\View\View->render('/permohonan', [], true)
 4 APPPATH\Controllers\PermohonanSurat.php(13): view('/permohonan')
 5 SYSTEMPATH\CodeIgniter.php(932): App\Controllers\PermohonanSurat->index()
 6 SYSTEMPATH\CodeIgniter.php(497): CodeIgniter\CodeIgniter->runController(Object(App\Controllers\PermohonanSurat))
 7 SYSTEMPATH\CodeIgniter.php(366): CodeIgniter\CodeIgniter->handleRequest(null, Object(Config\Cache), false)
 8 FCPATH\index.php(67): CodeIgniter\CodeIgniter->run()
CRITICAL - 2023-08-07 04:15:38 --> Call to undefined function form_open()
in APPPATH\Views\permohonan.php on line 11.
 1 SYSTEMPATH\View\View.php(224): include()
 2 SYSTEMPATH\View\View.php(227): CodeIgniter\View\View->CodeIgniter\View\{closure}()
 3 SYSTEMPATH\Common.php(1180): CodeIgniter\View\View->render('/permohonan', [], true)
 4 APPPATH\Controllers\PermohonanSurat.php(13): view('/permohonan')
 5 SYSTEMPATH\CodeIgniter.php(932): App\Controllers\PermohonanSurat->index()
 6 SYSTEMPATH\CodeIgniter.php(497): CodeIgniter\CodeIgniter->runController(Object(App\Controllers\PermohonanSurat))
 7 SYSTEMPATH\CodeIgniter.php(366): CodeIgniter\CodeIgniter->handleRequest(null, Object(Config\Cache), false)
 8 FCPATH\index.php(67): CodeIgniter\CodeIgniter->run()
CRITICAL - 2023-08-07 04:22:39 --> Undefined variable $permohonan
in APPPATH\Views\permohonan.php on line 18.
 1 APPPATH\Views\permohonan.php(18): CodeIgniter\Debug\Exceptions->errorHandler(2, 'Undefined variable $permohonan', 'C:\\xampp\\htdocs\\surat\\app\\Views\\permohonan.php', 18)
 2 SYSTEMPATH\View\View.php(224): include('C:\\xampp\\htdocs\\surat\\app\\Views\\permohonan.php')
 3 SYSTEMPATH\View\View.php(227): CodeIgniter\View\View->CodeIgniter\View\{closure}()
 4 SYSTEMPATH\Common.php(1180): CodeIgniter\View\View->render('/permohonan', [], true)
 5 APPPATH\Controllers\PermohonanSurat.php(13): view('/permohonan')
 6 SYSTEMPATH\CodeIgniter.php(932): App\Controllers\PermohonanSurat->index()
 7 SYSTEMPATH\CodeIgniter.php(497): CodeIgniter\CodeIgniter->runController(Object(App\Controllers\PermohonanSurat))
 8 SYSTEMPATH\CodeIgniter.php(366): CodeIgniter\CodeIgniter->handleRequest(null, Object(Config\Cache), false)
 9 FCPATH\index.php(67): CodeIgniter\CodeIgniter->run()
CRITICAL - 2023-08-07 04:22:39 --> Undefined variable $permohonan
in APPPATH\Views\permohonan.php on line 18.
 1 APPPATH\Views\permohonan.php(18): CodeIgniter\Debug\Exceptions->errorHandler(2, 'Undefined variable $permohonan', 'C:\\xampp\\htdocs\\surat\\app\\Views\\permohonan.php', 18)
 2 SYSTEMPATH\View\View.php(224): include('C:\\xampp\\htdocs\\surat\\app\\Views\\permohonan.php')
 3 SYSTEMPATH\View\View.php(227): CodeIgniter\View\View->CodeIgniter\View\{closure}()
 4 SYSTEMPATH\Common.php(1180): CodeIgniter\View\View->render('/permohonan', [], true)
 5 APPPATH\Controllers\PermohonanSurat.php(13): view('/permohonan')
 6 SYSTEMPATH\CodeIgniter.php(932): App\Controllers\PermohonanSurat->index()
 7 SYSTEMPATH\CodeIgniter.php(497): CodeIgniter\CodeIgniter->runController(Object(App\Controllers\PermohonanSurat))
 8 SYSTEMPATH\CodeIgniter.php(366): CodeIgniter\CodeIgniter->handleRequest(null, Object(Config\Cache), false)
 9 FCPATH\index.php(67): CodeIgniter\CodeIgniter->run()
CRITICAL - 2023-08-07 04:22:39 --> Undefined variable $permohonan
in APPPATH\Views\permohonan.php on line 18.
 1 APPPATH\Views\permohonan.php(18): CodeIgniter\Debug\Exceptions->errorHandler(2, 'Undefined variable $permohonan', 'C:\\xampp\\htdocs\\surat\\app\\Views\\permohonan.php', 18)
 2 SYSTEMPATH\View\View.php(224): include('C:\\xampp\\htdocs\\surat\\app\\Views\\permohonan.php')
 3 SYSTEMPATH\View\View.php(227): CodeIgniter\View\View->CodeIgniter\View\{closure}()
 4 SYSTEMPATH\Common.php(1180): CodeIgniter\View\View->render('/permohonan', [], true)
 5 APPPATH\Controllers\PermohonanSurat.php(13): view('/permohonan')
 6 SYSTEMPATH\CodeIgniter.php(932): App\Controllers\PermohonanSurat->index()
 7 SYSTEMPATH\CodeIgniter.php(497): CodeIgniter\CodeIgniter->runController(Object(App\Controllers\PermohonanSurat))
 8 SYSTEMPATH\CodeIgniter.php(366): CodeIgniter\CodeIgniter->handleRequest(null, Object(Config\Cache), false)
 9 FCPATH\index.php(67): CodeIgniter\CodeIgniter->run()
CRITICAL - 2023-08-07 04:24:35 --> Undefined variable $status_options
in APPPATH\Views\permohonan.php on line 27.
 1 APPPATH\Views\permohonan.php(27): CodeIgniter\Debug\Exceptions->errorHandler(2, 'Undefined variable $status_options', 'C:\\xampp\\htdocs\\surat\\app\\Views\\permohonan.php', 27)
 2 SYSTEMPATH\View\View.php(224): include('C:\\xampp\\htdocs\\surat\\app\\Views\\permohonan.php')
 3 SYSTEMPATH\View\View.php(227): CodeIgniter\View\View->CodeIgniter\View\{closure}()
 4 SYSTEMPATH\Common.php(1180): CodeIgniter\View\View->render('/permohonan', [], true)
 5 APPPATH\Controllers\PermohonanSurat.php(13): view('/permohonan')
 6 SYSTEMPATH\CodeIgniter.php(932): App\Controllers\PermohonanSurat->index()
 7 SYSTEMPATH\CodeIgniter.php(497): CodeIgniter\CodeIgniter->runController(Object(App\Controllers\PermohonanSurat))
 8 SYSTEMPATH\CodeIgniter.php(366): CodeIgniter\CodeIgniter->handleRequest(null, Object(Config\Cache), false)
 9 FCPATH\index.php(67): CodeIgniter\CodeIgniter->run()
CRITICAL - 2023-08-07 04:25:10 --> Undefined variable $status
in APPPATH\Views\permohonan.php on line 27.
 1 APPPATH\Views\permohonan.php(27): CodeIgniter\Debug\Exceptions->errorHandler(2, 'Undefined variable $status', 'C:\\xampp\\htdocs\\surat\\app\\Views\\permohonan.php', 27)
 2 SYSTEMPATH\View\View.php(224): include('C:\\xampp\\htdocs\\surat\\app\\Views\\permohonan.php')
 3 SYSTEMPATH\View\View.php(227): CodeIgniter\View\View->CodeIgniter\View\{closure}()
 4 SYSTEMPATH\Common.php(1180): CodeIgniter\View\View->render('/permohonan', [], true)
 5 APPPATH\Controllers\PermohonanSurat.php(13): view('/permohonan')
 6 SYSTEMPATH\CodeIgniter.php(932): App\Controllers\PermohonanSurat->index()
 7 SYSTEMPATH\CodeIgniter.php(497): CodeIgniter\CodeIgniter->runController(Object(App\Controllers\PermohonanSurat))
 8 SYSTEMPATH\CodeIgniter.php(366): CodeIgniter\CodeIgniter->handleRequest(null, Object(Config\Cache), false)
 9 FCPATH\index.php(67): CodeIgniter\CodeIgniter->run()
CRITICAL - 2023-08-07 04:25:10 --> Undefined variable $status
in APPPATH\Views\permohonan.php on line 27.
 1 APPPATH\Views\permohonan.php(27): CodeIgniter\Debug\Exceptions->errorHandler(2, 'Undefined variable $status', 'C:\\xampp\\htdocs\\surat\\app\\Views\\permohonan.php', 27)
 2 SYSTEMPATH\View\View.php(224): include('C:\\xampp\\htdocs\\surat\\app\\Views\\permohonan.php')
 3 SYSTEMPATH\View\View.php(227): CodeIgniter\View\View->CodeIgniter\View\{closure}()
 4 SYSTEMPATH\Common.php(1180): CodeIgniter\View\View->render('/permohonan', [], true)
 5 APPPATH\Controllers\PermohonanSurat.php(13): view('/permohonan')
 6 SYSTEMPATH\CodeIgniter.php(932): App\Controllers\PermohonanSurat->index()
 7 SYSTEMPATH\CodeIgniter.php(497): CodeIgniter\CodeIgniter->runController(Object(App\Controllers\PermohonanSurat))
 8 SYSTEMPATH\CodeIgniter.php(366): CodeIgniter\CodeIgniter->handleRequest(null, Object(Config\Cache), false)
 9 FCPATH\index.php(67): CodeIgniter\CodeIgniter->run()
CRITICAL - 2023-08-07 04:25:11 --> Undefined variable $status
in APPPATH\Views\permohonan.php on line 27.
 1 APPPATH\Views\permohonan.php(27): CodeIgniter\Debug\Exceptions->errorHandler(2, 'Undefined variable $status', 'C:\\xampp\\htdocs\\surat\\app\\Views\\permohonan.php', 27)
 2 SYSTEMPATH\View\View.php(224): include('C:\\xampp\\htdocs\\surat\\app\\Views\\permohonan.php')
 3 SYSTEMPATH\View\View.php(227): CodeIgniter\View\View->CodeIgniter\View\{closure}()
 4 SYSTEMPATH\Common.php(1180): CodeIgniter\View\View->render('/permohonan', [], true)
 5 APPPATH\Controllers\PermohonanSurat.php(13): view('/permohonan')
 6 SYSTEMPATH\CodeIgniter.php(932): App\Controllers\PermohonanSurat->index()
 7 SYSTEMPATH\CodeIgniter.php(497): CodeIgniter\CodeIgniter->runController(Object(App\Controllers\PermohonanSurat))
 8 SYSTEMPATH\CodeIgniter.php(366): CodeIgniter\CodeIgniter->handleRequest(null, Object(Config\Cache), false)
 9 FCPATH\index.php(67): CodeIgniter\CodeIgniter->run()
CRITICAL - 2023-08-07 04:26:52 --> Undefined array key "status"
in APPPATH\Views\permohonan.php on line 30.
 1 APPPATH\Views\permohonan.php(30): CodeIgniter\Debug\Exceptions->errorHandler(2, 'Undefined array key "status"', 'C:\\xampp\\htdocs\\surat\\app\\Views\\permohonan.php', 30)
 2 SYSTEMPATH\View\View.php(224): include('C:\\xampp\\htdocs\\surat\\app\\Views\\permohonan.php')
 3 SYSTEMPATH\View\View.php(227): CodeIgniter\View\View->CodeIgniter\View\{closure}()
 4 SYSTEMPATH\Common.php(1180): CodeIgniter\View\View->render('/permohonan', [], true)
 5 APPPATH\Controllers\PermohonanSurat.php(13): view('/permohonan')
 6 SYSTEMPATH\CodeIgniter.php(932): App\Controllers\PermohonanSurat->index()
 7 SYSTEMPATH\CodeIgniter.php(497): CodeIgniter\CodeIgniter->runController(Object(App\Controllers\PermohonanSurat))
 8 SYSTEMPATH\CodeIgniter.php(366): CodeIgniter\CodeIgniter->handleRequest(null, Object(Config\Cache), false)
 9 FCPATH\index.php(67): CodeIgniter\CodeIgniter->run()
CRITICAL - 2023-08-07 04:28:32 --> Undefined variable $permohonan
in APPPATH\Views\permohonan.php on line 24.
 1 APPPATH\Views\permohonan.php(24): CodeIgniter\Debug\Exceptions->errorHandler(2, 'Undefined variable $permohonan', 'C:\\xampp\\htdocs\\surat\\app\\Views\\permohonan.php', 24)
 2 SYSTEMPATH\View\View.php(224): include('C:\\xampp\\htdocs\\surat\\app\\Views\\permohonan.php')
 3 SYSTEMPATH\View\View.php(227): CodeIgniter\View\View->CodeIgniter\View\{closure}()
 4 SYSTEMPATH\Common.php(1180): CodeIgniter\View\View->render('/permohonan', [], true)
 5 APPPATH\Controllers\PermohonanSurat.php(13): view('/permohonan')
 6 SYSTEMPATH\CodeIgniter.php(932): App\Controllers\PermohonanSurat->index()
 7 SYSTEMPATH\CodeIgniter.php(497): CodeIgniter\CodeIgniter->runController(Object(App\Controllers\PermohonanSurat))
 8 SYSTEMPATH\CodeIgniter.php(366): CodeIgniter\CodeIgniter->handleRequest(null, Object(Config\Cache), false)
 9 FCPATH\index.php(67): CodeIgniter\CodeIgniter->run()
CRITICAL - 2023-08-07 04:29:17 --> Undefined variable $status
in APPPATH\Views\permohonan.php on line 33.
 1 APPPATH\Views\permohonan.php(33): CodeIgniter\Debug\Exceptions->errorHandler(2, 'Undefined variable $status', 'C:\\xampp\\htdocs\\surat\\app\\Views\\permohonan.php', 33)
 2 SYSTEMPATH\View\View.php(224): include('C:\\xampp\\htdocs\\surat\\app\\Views\\permohonan.php')
 3 SYSTEMPATH\View\View.php(227): CodeIgniter\View\View->CodeIgniter\View\{closure}()
 4 SYSTEMPATH\Common.php(1180): CodeIgniter\View\View->render('/permohonan', [], true)
 5 APPPATH\Controllers\PermohonanSurat.php(13): view('/permohonan')
 6 SYSTEMPATH\CodeIgniter.php(932): App\Controllers\PermohonanSurat->index()
 7 SYSTEMPATH\CodeIgniter.php(497): CodeIgniter\CodeIgniter->runController(Object(App\Controllers\PermohonanSurat))
 8 SYSTEMPATH\CodeIgniter.php(366): CodeIgniter\CodeIgniter->handleRequest(null, Object(Config\Cache), false)
 9 FCPATH\index.php(67): CodeIgniter\CodeIgniter->run()
CRITICAL - 2023-08-07 04:29:17 --> Undefined variable $status
in APPPATH\Views\permohonan.php on line 33.
 1 APPPATH\Views\permohonan.php(33): CodeIgniter\Debug\Exceptions->errorHandler(2, 'Undefined variable $status', 'C:\\xampp\\htdocs\\surat\\app\\Views\\permohonan.php', 33)
 2 SYSTEMPATH\View\View.php(224): include('C:\\xampp\\htdocs\\surat\\app\\Views\\permohonan.php')
 3 SYSTEMPATH\View\View.php(227): CodeIgniter\View\View->CodeIgniter\View\{closure}()
 4 SYSTEMPATH\Common.php(1180): CodeIgniter\View\View->render('/permohonan', [], true)
 5 APPPATH\Controllers\PermohonanSurat.php(13): view('/permohonan')
 6 SYSTEMPATH\CodeIgniter.php(932): App\Controllers\PermohonanSurat->index()
 7 SYSTEMPATH\CodeIgniter.php(497): CodeIgniter\CodeIgniter->runController(Object(App\Controllers\PermohonanSurat))
 8 SYSTEMPATH\CodeIgniter.php(366): CodeIgniter\CodeIgniter->handleRequest(null, Object(Config\Cache), false)
 9 FCPATH\index.php(67): CodeIgniter\CodeIgniter->run()
CRITICAL - 2023-08-07 04:29:42 --> Undefined array key "status"
in APPPATH\Views\permohonan.php on line 31.
 1 APPPATH\Views\permohonan.php(31): CodeIgniter\Debug\Exceptions->errorHandler(2, 'Undefined array key "status"', 'C:\\xampp\\htdocs\\surat\\app\\Views\\permohonan.php', 31)
 2 SYSTEMPATH\View\View.php(224): include('C:\\xampp\\htdocs\\surat\\app\\Views\\permohonan.php')
 3 SYSTEMPATH\View\View.php(227): CodeIgniter\View\View->CodeIgniter\View\{closure}()
 4 SYSTEMPATH\Common.php(1180): CodeIgniter\View\View->render('/permohonan', [], true)
 5 APPPATH\Controllers\PermohonanSurat.php(13): view('/permohonan')
 6 SYSTEMPATH\CodeIgniter.php(932): App\Controllers\PermohonanSurat->index()
 7 SYSTEMPATH\CodeIgniter.php(497): CodeIgniter\CodeIgniter->runController(Object(App\Controllers\PermohonanSurat))
 8 SYSTEMPATH\CodeIgniter.php(366): CodeIgniter\CodeIgniter->handleRequest(null, Object(Config\Cache), false)
 9 FCPATH\index.php(67): CodeIgniter\CodeIgniter->run()
CRITICAL - 2023-08-07 04:29:42 --> Undefined array key "status"
in APPPATH\Views\permohonan.php on line 31.
 1 APPPATH\Views\permohonan.php(31): CodeIgniter\Debug\Exceptions->errorHandler(2, 'Undefined array key "status"', 'C:\\xampp\\htdocs\\surat\\app\\Views\\permohonan.php', 31)
 2 SYSTEMPATH\View\View.php(224): include('C:\\xampp\\htdocs\\surat\\app\\Views\\permohonan.php')
 3 SYSTEMPATH\View\View.php(227): CodeIgniter\View\View->CodeIgniter\View\{closure}()
 4 SYSTEMPATH\Common.php(1180): CodeIgniter\View\View->render('/permohonan', [], true)
 5 APPPATH\Controllers\PermohonanSurat.php(13): view('/permohonan')
 6 SYSTEMPATH\CodeIgniter.php(932): App\Controllers\PermohonanSurat->index()
 7 SYSTEMPATH\CodeIgniter.php(497): CodeIgniter\CodeIgniter->runController(Object(App\Controllers\PermohonanSurat))
 8 SYSTEMPATH\CodeIgniter.php(366): CodeIgniter\CodeIgniter->handleRequest(null, Object(Config\Cache), false)
 9 FCPATH\index.php(67): CodeIgniter\CodeIgniter->run()
CRITICAL - 2023-08-07 04:29:42 --> Undefined array key "status"
in APPPATH\Views\permohonan.php on line 31.
 1 APPPATH\Views\permohonan.php(31): CodeIgniter\Debug\Exceptions->errorHandler(2, 'Undefined array key "status"', 'C:\\xampp\\htdocs\\surat\\app\\Views\\permohonan.php', 31)
 2 SYSTEMPATH\View\View.php(224): include('C:\\xampp\\htdocs\\surat\\app\\Views\\permohonan.php')
 3 SYSTEMPATH\View\View.php(227): CodeIgniter\View\View->CodeIgniter\View\{closure}()
 4 SYSTEMPATH\Common.php(1180): CodeIgniter\View\View->render('/permohonan', [], true)
 5 APPPATH\Controllers\PermohonanSurat.php(13): view('/permohonan')
 6 SYSTEMPATH\CodeIgniter.php(932): App\Controllers\PermohonanSurat->index()
 7 SYSTEMPATH\CodeIgniter.php(497): CodeIgniter\CodeIgniter->runController(Object(App\Controllers\PermohonanSurat))
 8 SYSTEMPATH\CodeIgniter.php(366): CodeIgniter\CodeIgniter->handleRequest(null, Object(Config\Cache), false)
 9 FCPATH\index.php(67): CodeIgniter\CodeIgniter->run()
CRITICAL - 2023-08-07 04:29:43 --> Undefined array key "status"
in APPPATH\Views\permohonan.php on line 31.
 1 APPPATH\Views\permohonan.php(31): CodeIgniter\Debug\Exceptions->errorHandler(2, 'Undefined array key "status"', 'C:\\xampp\\htdocs\\surat\\app\\Views\\permohonan.php', 31)
 2 SYSTEMPATH\View\View.php(224): include('C:\\xampp\\htdocs\\surat\\app\\Views\\permohonan.php')
 3 SYSTEMPATH\View\View.php(227): CodeIgniter\View\View->CodeIgniter\View\{closure}()
 4 SYSTEMPATH\Common.php(1180): CodeIgniter\View\View->render('/permohonan', [], true)
 5 APPPATH\Controllers\PermohonanSurat.php(13): view('/permohonan')
 6 SYSTEMPATH\CodeIgniter.php(932): App\Controllers\PermohonanSurat->index()
 7 SYSTEMPATH\CodeIgniter.php(497): CodeIgniter\CodeIgniter->runController(Object(App\Controllers\PermohonanSurat))
 8 SYSTEMPATH\CodeIgniter.php(366): CodeIgniter\CodeIgniter->handleRequest(null, Object(Config\Cache), false)
 9 FCPATH\index.php(67): CodeIgniter\CodeIgniter->run()
CRITICAL - 2023-08-07 04:34:14 --> Call to undefined function form_close()
in APPPATH\Views\permohonan.php on line 43.
 1 SYSTEMPATH\View\View.php(224): include()
 2 SYSTEMPATH\View\View.php(227): CodeIgniter\View\View->CodeIgniter\View\{closure}()
 3 SYSTEMPATH\Common.php(1180): CodeIgniter\View\View->render('/permohonan', [], true)
 4 APPPATH\Controllers\PermohonanSurat.php(13): view('/permohonan')
 5 SYSTEMPATH\CodeIgniter.php(932): App\Controllers\PermohonanSurat->index()
 6 SYSTEMPATH\CodeIgniter.php(497): CodeIgniter\CodeIgniter->runController(Object(App\Controllers\PermohonanSurat))
 7 SYSTEMPATH\CodeIgniter.php(366): CodeIgniter\CodeIgniter->handleRequest(null, Object(Config\Cache), false)
 8 FCPATH\index.php(67): CodeIgniter\CodeIgniter->run()
CRITICAL - 2023-08-07 04:35:06 --> Call to undefined function form_close()
in APPPATH\Views\permohonan.php on line 45.
 1 SYSTEMPATH\View\View.php(224): include()
 2 SYSTEMPATH\View\View.php(227): CodeIgniter\View\View->CodeIgniter\View\{closure}()
 3 SYSTEMPATH\Common.php(1180): CodeIgniter\View\View->render('/permohonan', [], true)
 4 APPPATH\Controllers\PermohonanSurat.php(13): view('/permohonan')
 5 SYSTEMPATH\CodeIgniter.php(932): App\Controllers\PermohonanSurat->index()
 6 SYSTEMPATH\CodeIgniter.php(497): CodeIgniter\CodeIgniter->runController(Object(App\Controllers\PermohonanSurat))
 7 SYSTEMPATH\CodeIgniter.php(366): CodeIgniter\CodeIgniter->handleRequest(null, Object(Config\Cache), false)
 8 FCPATH\index.php(67): CodeIgniter\CodeIgniter->run()
INFO - 2023-08-07 04:39:44 --> Session: Class initialized using 'CodeIgniter\Session\Handlers\FileHandler' driver.
INFO - 2023-08-07 04:39:56 --> Session: Class initialized using 'CodeIgniter\Session\Handlers\FileHandler' driver.
INFO - 2023-08-07 07:07:33 --> Session: Class initialized using 'CodeIgniter\Session\Handlers\FileHandler' driver.
INFO - 2023-08-07 07:08:23 --> Session: Class initialized using 'CodeIgniter\Session\Handlers\FileHandler' driver.
INFO - 2023-08-07 07:08:38 --> Session: Class initialized using 'CodeIgniter\Session\Handlers\FileHandler' driver.
INFO - 2023-08-07 08:09:58 --> Session: Class initialized using 'CodeIgniter\Session\Handlers\FileHandler' driver.
INFO - 2023-08-07 08:09:58 --> Session: Class initialized using 'CodeIgniter\Session\Handlers\FileHandler' driver.
INFO - 2023-08-07 08:10:24 --> Session: Class initialized using 'CodeIgniter\Session\Handlers\FileHandler' driver.
INFO - 2023-08-07 08:10:26 --> Session: Class initialized using 'CodeIgniter\Session\Handlers\FileHandler' driver.
INFO - 2023-08-07 08:10:39 --> Session: Class initialized using 'CodeIgniter\Session\Handlers\FileHandler' driver.
INFO - 2023-08-07 08:10:41 --> Session: Class initialized using 'CodeIgniter\Session\Handlers\FileHandler' driver.
INFO - 2023-08-07 08:28:51 --> Session: Class initialized using 'CodeIgniter\Session\Handlers\FileHandler' driver.
INFO - 2023-08-07 08:28:57 --> Session: Class initialized using 'CodeIgniter\Session\Handlers\FileHandler' driver.
INFO - 2023-08-07 08:30:23 --> Session: Class initialized using 'CodeIgniter\Session\Handlers\FileHandler' driver.
INFO - 2023-08-07 08:30:33 --> Session: Class initialized using 'CodeIgniter\Session\Handlers\FileHandler' driver.
INFO - 2023-08-07 08:30:36 --> Session: Class initialized using 'CodeIgniter\Session\Handlers\FileHandler' driver.
INFO - 2023-08-07 08:31:07 --> Session: Class initialized using 'CodeIgniter\Session\Handlers\FileHandler' driver.
INFO - 2023-08-07 08:32:12 --> Session: Class initialized using 'CodeIgniter\Session\Handlers\FileHandler' driver.
INFO - 2023-08-07 08:32:12 --> Session: Class initialized using 'CodeIgniter\Session\Handlers\FileHandler' driver.
INFO - 2023-08-07 08:33:09 --> Session: Class initialized using 'CodeIgniter\Session\Handlers\FileHandler' driver.
INFO - 2023-08-07 08:33:12 --> Session: Class initialized using 'CodeIgniter\Session\Handlers\FileHandler' driver.
INFO - 2023-08-07 08:33:13 --> Session: Class initialized using 'CodeIgniter\Session\Handlers\FileHandler' driver.
INFO - 2023-08-07 08:59:54 --> Session: Class initialized using 'CodeIgniter\Session\Handlers\FileHandler' driver.
INFO - 2023-08-07 09:02:01 --> Session: Class initialized using 'CodeIgniter\Session\Handlers\FileHandler' driver.
INFO - 2023-08-07 09:02:03 --> Session: Class initialized using 'CodeIgniter\Session\Handlers\FileHandler' driver.
INFO - 2023-08-07 09:02:04 --> Session: Class initialized using 'CodeIgniter\Session\Handlers\FileHandler' driver.
INFO - 2023-08-07 09:02:11 --> Session: Class initialized using 'CodeIgniter\Session\Handlers\FileHandler' driver.
INFO - 2023-08-07 09:02:20 --> Session: Class initialized using 'CodeIgniter\Session\Handlers\FileHandler' driver.
INFO - 2023-08-07 09:02:21 --> Session: Class initialized using 'CodeIgniter\Session\Handlers\FileHandler' driver.
INFO - 2023-08-07 09:02:21 --> Session: Class initialized using 'CodeIgniter\Session\Handlers\FileHandler' driver.
INFO - 2023-08-07 09:02:26 --> Session: Class initialized using 'CodeIgniter\Session\Handlers\FileHandler' driver.
INFO - 2023-08-07 09:02:31 --> Session: Class initialized using 'CodeIgniter\Session\Handlers\FileHandler' driver.
INFO - 2023-08-07 09:02:32 --> Session: Class initialized using 'CodeIgniter\Session\Handlers\FileHandler' driver.
INFO - 2023-08-07 09:02:33 --> Session: Class initialized using 'CodeIgniter\Session\Handlers\FileHandler' driver.
INFO - 2023-08-07 09:02:45 --> Session: Class initialized using 'CodeIgniter\Session\Handlers\FileHandler' driver.
INFO - 2023-08-07 09:02:46 --> Session: Class initialized using 'CodeIgniter\Session\Handlers\FileHandler' driver.
INFO - 2023-08-07 09:02:58 --> Session: Class initialized using 'CodeIgniter\Session\Handlers\FileHandler' driver.
INFO - 2023-08-07 09:02:58 --> Session: Class initialized using 'CodeIgniter\Session\Handlers\FileHandler' driver.
INFO - 2023-08-07 09:03:09 --> Session: Class initialized using 'CodeIgniter\Session\Handlers\FileHandler' driver.
INFO - 2023-08-07 09:03:10 --> Session: Class initialized using 'CodeIgniter\Session\Handlers\FileHandler' driver.
INFO - 2023-08-07 09:03:31 --> Session: Class initialized using 'CodeIgniter\Session\Handlers\FileHandler' driver.
INFO - 2023-08-07 09:04:44 --> Session: Class initialized using 'CodeIgniter\Session\Handlers\FileHandler' driver.
INFO - 2023-08-07 09:05:51 --> Session: Class initialized using 'CodeIgniter\Session\Handlers\FileHandler' driver.
INFO - 2023-08-07 22:21:56 --> Session: Class initialized using 'CodeIgniter\Session\Handlers\FileHandler' driver.
INFO - 2023-08-07 22:21:56 --> Session: Class initialized using 'CodeIgniter\Session\Handlers\FileHandler' driver.
INFO - 2023-08-07 22:21:56 --> Session: Class initialized using 'CodeIgniter\Session\Handlers\FileHandler' driver.
INFO - 2023-08-07 22:22:22 --> Session: Class initialized using 'CodeIgniter\Session\Handlers\FileHandler' driver.
INFO - 2023-08-07 22:22:25 --> Session: Class initialized using 'CodeIgniter\Session\Handlers\FileHandler' driver.
INFO - 2023-08-07 22:22:51 --> Session: Class initialized using 'CodeIgniter\Session\Handlers\FileHandler' driver.
INFO - 2023-08-07 22:22:52 --> Session: Class initialized using 'CodeIgniter\Session\Handlers\FileHandler' driver.
INFO - 2023-08-07 22:23:03 --> Session: Class initialized using 'CodeIgniter\Session\Handlers\FileHandler' driver.
INFO - 2023-08-07 22:23:04 --> Session: Class initialized using 'CodeIgniter\Session\Handlers\FileHandler' driver.
INFO - 2023-08-07 22:23:15 --> Session: Class initialized using 'CodeIgniter\Session\Handlers\FileHandler' driver.
CRITICAL - 2023-08-07 22:23:15 --> Undefined variable $permohonan
in APPPATH\Views\rekapan.php on line 44.
 1 APPPATH\Views\rekapan.php(44): CodeIgniter\Debug\Exceptions->errorHandler(2, 'Undefined variable $permohonan', 'C:\\xampp\\htdocs\\surat\\app\\Views\\rekapan.php', 44)
 2 SYSTEMPATH\View\View.php(224): include('C:\\xampp\\htdocs\\surat\\app\\Views\\rekapan.php')
 3 SYSTEMPATH\View\View.php(227): CodeIgniter\View\View->CodeIgniter\View\{closure}()
 4 SYSTEMPATH\Common.php(1180): CodeIgniter\View\View->render('rekapan', [], true)
 5 APPPATH\Controllers\Rekapan.php(11): view('rekapan')
 6 SYSTEMPATH\CodeIgniter.php(932): App\Controllers\Rekapan->index()
 7 SYSTEMPATH\CodeIgniter.php(497): CodeIgniter\CodeIgniter->runController(Object(App\Controllers\Rekapan))
 8 SYSTEMPATH\CodeIgniter.php(366): CodeIgniter\CodeIgniter->handleRequest(null, Object(Config\Cache), false)
 9 FCPATH\index.php(67): CodeIgniter\CodeIgniter->run()
INFO - 2023-08-07 22:24:18 --> Session: Class initialized using 'CodeIgniter\Session\Handlers\FileHandler' driver.
INFO - 2023-08-07 22:24:19 --> Session: Class initialized using 'CodeIgniter\Session\Handlers\FileHandler' driver.
INFO - 2023-08-07 22:24:31 --> Session: Class initialized using 'CodeIgniter\Session\Handlers\FileHandler' driver.
CRITICAL - 2023-08-07 22:24:31 --> Undefined variable $permohonan
in APPPATH\Views\rekapan.php on line 44.
 1 APPPATH\Views\rekapan.php(44): CodeIgniter\Debug\Exceptions->errorHandler(2, 'Undefined variable $permohonan', 'C:\\xampp\\htdocs\\surat\\app\\Views\\rekapan.php', 44)
 2 SYSTEMPATH\View\View.php(224): include('C:\\xampp\\htdocs\\surat\\app\\Views\\rekapan.php')
 3 SYSTEMPATH\View\View.php(227): CodeIgniter\View\View->CodeIgniter\View\{closure}()
 4 SYSTEMPATH\Common.php(1180): CodeIgniter\View\View->render('rekapan', [], true)
 5 APPPATH\Controllers\Rekapan.php(11): view('rekapan')
 6 SYSTEMPATH\CodeIgniter.php(932): App\Controllers\Rekapan->index()
 7 SYSTEMPATH\CodeIgniter.php(497): CodeIgniter\CodeIgniter->runController(Object(App\Controllers\Rekapan))
 8 SYSTEMPATH\CodeIgniter.php(366): CodeIgniter\CodeIgniter->handleRequest(null, Object(Config\Cache), false)
 9 FCPATH\index.php(67): CodeIgniter\CodeIgniter->run()
INFO - 2023-08-07 22:26:11 --> Session: Class initialized using 'CodeIgniter\Session\Handlers\FileHandler' driver.
CRITICAL - 2023-08-07 22:26:11 --> Undefined variable $permohonan
in APPPATH\Views\rekapan.php on line 44.
 1 APPPATH\Views\rekapan.php(44): CodeIgniter\Debug\Exceptions->errorHandler(2, 'Undefined variable $permohonan', 'C:\\xampp\\htdocs\\surat\\app\\Views\\rekapan.php', 44)
 2 SYSTEMPATH\View\View.php(224): include('C:\\xampp\\htdocs\\surat\\app\\Views\\rekapan.php')
 3 SYSTEMPATH\View\View.php(227): CodeIgniter\View\View->CodeIgniter\View\{closure}()
 4 SYSTEMPATH\Common.php(1180): CodeIgniter\View\View->render('rekapan', [], true)
 5 APPPATH\Controllers\Rekapan.php(11): view('rekapan')
 6 SYSTEMPATH\CodeIgniter.php(932): App\Controllers\Rekapan->index()
 7 SYSTEMPATH\CodeIgniter.php(497): CodeIgniter\CodeIgniter->runController(Object(App\Controllers\Rekapan))
 8 SYSTEMPATH\CodeIgniter.php(366): CodeIgniter\CodeIgniter->handleRequest(null, Object(Config\Cache), false)
 9 FCPATH\index.php(67): CodeIgniter\CodeIgniter->run()
INFO - 2023-08-07 22:26:11 --> Session: Class initialized using 'CodeIgniter\Session\Handlers\FileHandler' driver.
CRITICAL - 2023-08-07 22:26:11 --> Undefined variable $permohonan
in APPPATH\Views\rekapan.php on line 44.
 1 APPPATH\Views\rekapan.php(44): CodeIgniter\Debug\Exceptions->errorHandler(2, 'Undefined variable $permohonan', 'C:\\xampp\\htdocs\\surat\\app\\Views\\rekapan.php', 44)
 2 SYSTEMPATH\View\View.php(224): include('C:\\xampp\\htdocs\\surat\\app\\Views\\rekapan.php')
 3 SYSTEMPATH\View\View.php(227): CodeIgniter\View\View->CodeIgniter\View\{closure}()
 4 SYSTEMPATH\Common.php(1180): CodeIgniter\View\View->render('rekapan', [], true)
 5 APPPATH\Controllers\Rekapan.php(11): view('rekapan')
 6 SYSTEMPATH\CodeIgniter.php(932): App\Controllers\Rekapan->index()
 7 SYSTEMPATH\CodeIgniter.php(497): CodeIgniter\CodeIgniter->runController(Object(App\Controllers\Rekapan))
 8 SYSTEMPATH\CodeIgniter.php(366): CodeIgniter\CodeIgniter->handleRequest(null, Object(Config\Cache), false)
 9 FCPATH\index.php(67): CodeIgniter\CodeIgniter->run()
INFO - 2023-08-07 22:26:11 --> Session: Class initialized using 'CodeIgniter\Session\Handlers\FileHandler' driver.
CRITICAL - 2023-08-07 22:26:11 --> Undefined variable $permohonan
in APPPATH\Views\rekapan.php on line 44.
 1 APPPATH\Views\rekapan.php(44): CodeIgniter\Debug\Exceptions->errorHandler(2, 'Undefined variable $permohonan', 'C:\\xampp\\htdocs\\surat\\app\\Views\\rekapan.php', 44)
 2 SYSTEMPATH\View\View.php(224): include('C:\\xampp\\htdocs\\surat\\app\\Views\\rekapan.php')
 3 SYSTEMPATH\View\View.php(227): CodeIgniter\View\View->CodeIgniter\View\{closure}()
 4 SYSTEMPATH\Common.php(1180): CodeIgniter\View\View->render('rekapan', [], true)
 5 APPPATH\Controllers\Rekapan.php(11): view('rekapan')
 6 SYSTEMPATH\CodeIgniter.php(932): App\Controllers\Rekapan->index()
 7 SYSTEMPATH\CodeIgniter.php(497): CodeIgniter\CodeIgniter->runController(Object(App\Controllers\Rekapan))
 8 SYSTEMPATH\CodeIgniter.php(366): CodeIgniter\CodeIgniter->handleRequest(null, Object(Config\Cache), false)
 9 FCPATH\index.php(67): CodeIgniter\CodeIgniter->run()
INFO - 2023-08-07 22:26:16 --> Session: Class initialized using 'CodeIgniter\Session\Handlers\FileHandler' driver.
CRITICAL - 2023-08-07 22:26:16 --> Undefined variable $permohonan
in APPPATH\Views\rekapan.php on line 44.
 1 APPPATH\Views\rekapan.php(44): CodeIgniter\Debug\Exceptions->errorHandler(2, 'Undefined variable $permohonan', 'C:\\xampp\\htdocs\\surat\\app\\Views\\rekapan.php', 44)
 2 SYSTEMPATH\View\View.php(224): include('C:\\xampp\\htdocs\\surat\\app\\Views\\rekapan.php')
 3 SYSTEMPATH\View\View.php(227): CodeIgniter\View\View->CodeIgniter\View\{closure}()
 4 SYSTEMPATH\Common.php(1180): CodeIgniter\View\View->render('rekapan', [], true)
 5 APPPATH\Controllers\Rekapan.php(11): view('rekapan')
 6 SYSTEMPATH\CodeIgniter.php(932): App\Controllers\Rekapan->index()
 7 SYSTEMPATH\CodeIgniter.php(497): CodeIgniter\CodeIgniter->runController(Object(App\Controllers\Rekapan))
 8 SYSTEMPATH\CodeIgniter.php(366): CodeIgniter\CodeIgniter->handleRequest(null, Object(Config\Cache), false)
 9 FCPATH\index.php(67): CodeIgniter\CodeIgniter->run()
INFO - 2023-08-07 22:26:16 --> Session: Class initialized using 'CodeIgniter\Session\Handlers\FileHandler' driver.
CRITICAL - 2023-08-07 22:26:16 --> Undefined variable $permohonan
in APPPATH\Views\rekapan.php on line 44.
 1 APPPATH\Views\rekapan.php(44): CodeIgniter\Debug\Exceptions->errorHandler(2, 'Undefined variable $permohonan', 'C:\\xampp\\htdocs\\surat\\app\\Views\\rekapan.php', 44)
 2 SYSTEMPATH\View\View.php(224): include('C:\\xampp\\htdocs\\surat\\app\\Views\\rekapan.php')
 3 SYSTEMPATH\View\View.php(227): CodeIgniter\View\View->CodeIgniter\View\{closure}()
 4 SYSTEMPATH\Common.php(1180): CodeIgniter\View\View->render('rekapan', [], true)
 5 APPPATH\Controllers\Rekapan.php(11): view('rekapan')
 6 SYSTEMPATH\CodeIgniter.php(932): App\Controllers\Rekapan->index()
 7 SYSTEMPATH\CodeIgniter.php(497): CodeIgniter\CodeIgniter->runController(Object(App\Controllers\Rekapan))
 8 SYSTEMPATH\CodeIgniter.php(366): CodeIgniter\CodeIgniter->handleRequest(null, Object(Config\Cache), false)
 9 FCPATH\index.php(67): CodeIgniter\CodeIgniter->run()
INFO - 2023-08-07 22:26:16 --> Session: Class initialized using 'CodeIgniter\Session\Handlers\FileHandler' driver.
CRITICAL - 2023-08-07 22:26:16 --> Undefined variable $permohonan
in APPPATH\Views\rekapan.php on line 44.
 1 APPPATH\Views\rekapan.php(44): CodeIgniter\Debug\Exceptions->errorHandler(2, 'Undefined variable $permohonan', 'C:\\xampp\\htdocs\\surat\\app\\Views\\rekapan.php', 44)
 2 SYSTEMPATH\View\View.php(224): include('C:\\xampp\\htdocs\\surat\\app\\Views\\rekapan.php')
 3 SYSTEMPATH\View\View.php(227): CodeIgniter\View\View->CodeIgniter\View\{closure}()
 4 SYSTEMPATH\Common.php(1180): CodeIgniter\View\View->render('rekapan', [], true)
 5 APPPATH\Controllers\Rekapan.php(11): view('rekapan')
 6 SYSTEMPATH\CodeIgniter.php(932): App\Controllers\Rekapan->index()
 7 SYSTEMPATH\CodeIgniter.php(497): CodeIgniter\CodeIgniter->runController(Object(App\Controllers\Rekapan))
 8 SYSTEMPATH\CodeIgniter.php(366): CodeIgniter\CodeIgniter->handleRequest(null, Object(Config\Cache), false)
 9 FCPATH\index.php(67): CodeIgniter\CodeIgniter->run()
INFO - 2023-08-07 22:26:26 --> Session: Class initialized using 'CodeIgniter\Session\Handlers\FileHandler' driver.
CRITICAL - 2023-08-07 22:26:26 --> Undefined variable $permohonan
in APPPATH\Views\rekapan.php on line 44.
 1 APPPATH\Views\rekapan.php(44): CodeIgniter\Debug\Exceptions->errorHandler(2, 'Undefined variable $permohonan', 'C:\\xampp\\htdocs\\surat\\app\\Views\\rekapan.php', 44)
 2 SYSTEMPATH\View\View.php(224): include('C:\\xampp\\htdocs\\surat\\app\\Views\\rekapan.php')
 3 SYSTEMPATH\View\View.php(227): CodeIgniter\View\View->CodeIgniter\View\{closure}()
 4 SYSTEMPATH\Common.php(1180): CodeIgniter\View\View->render('rekapan', [], true)
 5 APPPATH\Controllers\Rekapan.php(11): view('rekapan')
 6 SYSTEMPATH\CodeIgniter.php(932): App\Controllers\Rekapan->index()
 7 SYSTEMPATH\CodeIgniter.php(497): CodeIgniter\CodeIgniter->runController(Object(App\Controllers\Rekapan))
 8 SYSTEMPATH\CodeIgniter.php(366): CodeIgniter\CodeIgniter->handleRequest(null, Object(Config\Cache), false)
 9 FCPATH\index.php(67): CodeIgniter\CodeIgniter->run()
INFO - 2023-08-07 22:26:26 --> Session: Class initialized using 'CodeIgniter\Session\Handlers\FileHandler' driver.
CRITICAL - 2023-08-07 22:26:26 --> Undefined variable $permohonan
in APPPATH\Views\rekapan.php on line 44.
 1 APPPATH\Views\rekapan.php(44): CodeIgniter\Debug\Exceptions->errorHandler(2, 'Undefined variable $permohonan', 'C:\\xampp\\htdocs\\surat\\app\\Views\\rekapan.php', 44)
 2 SYSTEMPATH\View\View.php(224): include('C:\\xampp\\htdocs\\surat\\app\\Views\\rekapan.php')
 3 SYSTEMPATH\View\View.php(227): CodeIgniter\View\View->CodeIgniter\View\{closure}()
 4 SYSTEMPATH\Common.php(1180): CodeIgniter\View\View->render('rekapan', [], true)
 5 APPPATH\Controllers\Rekapan.php(11): view('rekapan')
 6 SYSTEMPATH\CodeIgniter.php(932): App\Controllers\Rekapan->index()
 7 SYSTEMPATH\CodeIgniter.php(497): CodeIgniter\CodeIgniter->runController(Object(App\Controllers\Rekapan))
 8 SYSTEMPATH\CodeIgniter.php(366): CodeIgniter\CodeIgniter->handleRequest(null, Object(Config\Cache), false)
 9 FCPATH\index.php(67): CodeIgniter\CodeIgniter->run()
INFO - 2023-08-07 22:29:32 --> Session: Class initialized using 'CodeIgniter\Session\Handlers\FileHandler' driver.
CRITICAL - 2023-08-07 22:29:32 --> Undefined variable $permohonan
in APPPATH\Views\rekapan.php on line 44.
 1 APPPATH\Views\rekapan.php(44): CodeIgniter\Debug\Exceptions->errorHandler(2, 'Undefined variable $permohonan', 'C:\\xampp\\htdocs\\surat\\app\\Views\\rekapan.php', 44)
 2 SYSTEMPATH\View\View.php(224): include('C:\\xampp\\htdocs\\surat\\app\\Views\\rekapan.php')
 3 SYSTEMPATH\View\View.php(227): CodeIgniter\View\View->CodeIgniter\View\{closure}()
 4 SYSTEMPATH\Common.php(1180): CodeIgniter\View\View->render('rekapan', [], true)
 5 APPPATH\Controllers\Rekapan.php(11): view('rekapan')
 6 SYSTEMPATH\CodeIgniter.php(932): App\Controllers\Rekapan->index()
 7 SYSTEMPATH\CodeIgniter.php(497): CodeIgniter\CodeIgniter->runController(Object(App\Controllers\Rekapan))
 8 SYSTEMPATH\CodeIgniter.php(366): CodeIgniter\CodeIgniter->handleRequest(null, Object(Config\Cache), false)
 9 FCPATH\index.php(67): CodeIgniter\CodeIgniter->run()
INFO - 2023-08-07 22:29:32 --> Session: Class initialized using 'CodeIgniter\Session\Handlers\FileHandler' driver.
CRITICAL - 2023-08-07 22:29:32 --> Undefined variable $permohonan
in APPPATH\Views\rekapan.php on line 44.
 1 APPPATH\Views\rekapan.php(44): CodeIgniter\Debug\Exceptions->errorHandler(2, 'Undefined variable $permohonan', 'C:\\xampp\\htdocs\\surat\\app\\Views\\rekapan.php', 44)
 2 SYSTEMPATH\View\View.php(224): include('C:\\xampp\\htdocs\\surat\\app\\Views\\rekapan.php')
 3 SYSTEMPATH\View\View.php(227): CodeIgniter\View\View->CodeIgniter\View\{closure}()
 4 SYSTEMPATH\Common.php(1180): CodeIgniter\View\View->render('rekapan', [], true)
 5 APPPATH\Controllers\Rekapan.php(11): view('rekapan')
 6 SYSTEMPATH\CodeIgniter.php(932): App\Controllers\Rekapan->index()
 7 SYSTEMPATH\CodeIgniter.php(497): CodeIgniter\CodeIgniter->runController(Object(App\Controllers\Rekapan))
 8 SYSTEMPATH\CodeIgniter.php(366): CodeIgniter\CodeIgniter->handleRequest(null, Object(Config\Cache), false)
 9 FCPATH\index.php(67): CodeIgniter\CodeIgniter->run()
INFO - 2023-08-07 22:29:32 --> Session: Class initialized using 'CodeIgniter\Session\Handlers\FileHandler' driver.
CRITICAL - 2023-08-07 22:29:32 --> Undefined variable $permohonan
in APPPATH\Views\rekapan.php on line 44.
 1 APPPATH\Views\rekapan.php(44): CodeIgniter\Debug\Exceptions->errorHandler(2, 'Undefined variable $permohonan', 'C:\\xampp\\htdocs\\surat\\app\\Views\\rekapan.php', 44)
 2 SYSTEMPATH\View\View.php(224): include('C:\\xampp\\htdocs\\surat\\app\\Views\\rekapan.php')
 3 SYSTEMPATH\View\View.php(227): CodeIgniter\View\View->CodeIgniter\View\{closure}()
 4 SYSTEMPATH\Common.php(1180): CodeIgniter\View\View->render('rekapan', [], true)
 5 APPPATH\Controllers\Rekapan.php(11): view('rekapan')
 6 SYSTEMPATH\CodeIgniter.php(932): App\Controllers\Rekapan->index()
 7 SYSTEMPATH\CodeIgniter.php(497): CodeIgniter\CodeIgniter->runController(Object(App\Controllers\Rekapan))
 8 SYSTEMPATH\CodeIgniter.php(366): CodeIgniter\CodeIgniter->handleRequest(null, Object(Config\Cache), false)
 9 FCPATH\index.php(67): CodeIgniter\CodeIgniter->run()
INFO - 2023-08-07 22:29:43 --> Session: Class initialized using 'CodeIgniter\Session\Handlers\FileHandler' driver.
CRITICAL - 2023-08-07 22:29:43 --> Undefined variable $permohonan
in APPPATH\Views\rekapan.php on line 44.
 1 APPPATH\Views\rekapan.php(44): CodeIgniter\Debug\Exceptions->errorHandler(2, 'Undefined variable $permohonan', 'C:\\xampp\\htdocs\\surat\\app\\Views\\rekapan.php', 44)
 2 SYSTEMPATH\View\View.php(224): include('C:\\xampp\\htdocs\\surat\\app\\Views\\rekapan.php')
 3 SYSTEMPATH\View\View.php(227): CodeIgniter\View\View->CodeIgniter\View\{closure}()
 4 SYSTEMPATH\Common.php(1180): CodeIgniter\View\View->render('rekapan', [], true)
 5 APPPATH\Controllers\Rekapan.php(11): view('rekapan')
 6 SYSTEMPATH\CodeIgniter.php(932): App\Controllers\Rekapan->index()
 7 SYSTEMPATH\CodeIgniter.php(497): CodeIgniter\CodeIgniter->runController(Object(App\Controllers\Rekapan))
 8 SYSTEMPATH\CodeIgniter.php(366): CodeIgniter\CodeIgniter->handleRequest(null, Object(Config\Cache), false)
 9 FCPATH\index.php(67): CodeIgniter\CodeIgniter->run()
INFO - 2023-08-07 22:29:44 --> Session: Class initialized using 'CodeIgniter\Session\Handlers\FileHandler' driver.
CRITICAL - 2023-08-07 22:29:44 --> Undefined variable $permohonan
in APPPATH\Views\rekapan.php on line 44.
 1 APPPATH\Views\rekapan.php(44): CodeIgniter\Debug\Exceptions->errorHandler(2, 'Undefined variable $permohonan', 'C:\\xampp\\htdocs\\surat\\app\\Views\\rekapan.php', 44)
 2 SYSTEMPATH\View\View.php(224): include('C:\\xampp\\htdocs\\surat\\app\\Views\\rekapan.php')
 3 SYSTEMPATH\View\View.php(227): CodeIgniter\View\View->CodeIgniter\View\{closure}()
 4 SYSTEMPATH\Common.php(1180): CodeIgniter\View\View->render('rekapan', [], true)
 5 APPPATH\Controllers\Rekapan.php(11): view('rekapan')
 6 SYSTEMPATH\CodeIgniter.php(932): App\Controllers\Rekapan->index()
 7 SYSTEMPATH\CodeIgniter.php(497): CodeIgniter\CodeIgniter->runController(Object(App\Controllers\Rekapan))
 8 SYSTEMPATH\CodeIgniter.php(366): CodeIgniter\CodeIgniter->handleRequest(null, Object(Config\Cache), false)
 9 FCPATH\index.php(67): CodeIgniter\CodeIgniter->run()
INFO - 2023-08-07 22:30:43 --> Session: Class initialized using 'CodeIgniter\Session\Handlers\FileHandler' driver.
CRITICAL - 2023-08-07 22:30:43 --> Undefined variable $permohonan
in APPPATH\Views\rekapan.php on line 44.
 1 APPPATH\Views\rekapan.php(44): CodeIgniter\Debug\Exceptions->errorHandler(2, 'Undefined variable $permohonan', 'C:\\xampp\\htdocs\\surat\\app\\Views\\rekapan.php', 44)
 2 SYSTEMPATH\View\View.php(224): include('C:\\xampp\\htdocs\\surat\\app\\Views\\rekapan.php')
 3 SYSTEMPATH\View\View.php(227): CodeIgniter\View\View->CodeIgniter\View\{closure}()
 4 SYSTEMPATH\Common.php(1180): CodeIgniter\View\View->render('rekapan', [], true)
 5 APPPATH\Controllers\Rekapan.php(11): view('rekapan')
 6 SYSTEMPATH\CodeIgniter.php(932): App\Controllers\Rekapan->index()
 7 SYSTEMPATH\CodeIgniter.php(497): CodeIgniter\CodeIgniter->runController(Object(App\Controllers\Rekapan))
 8 SYSTEMPATH\CodeIgniter.php(366): CodeIgniter\CodeIgniter->handleRequest(null, Object(Config\Cache), false)
 9 FCPATH\index.php(67): CodeIgniter\CodeIgniter->run()
INFO - 2023-08-07 22:30:43 --> Session: Class initialized using 'CodeIgniter\Session\Handlers\FileHandler' driver.
CRITICAL - 2023-08-07 22:30:43 --> Undefined variable $permohonan
in APPPATH\Views\rekapan.php on line 44.
 1 APPPATH\Views\rekapan.php(44): CodeIgniter\Debug\Exceptions->errorHandler(2, 'Undefined variable $permohonan', 'C:\\xampp\\htdocs\\surat\\app\\Views\\rekapan.php', 44)
 2 SYSTEMPATH\View\View.php(224): include('C:\\xampp\\htdocs\\surat\\app\\Views\\rekapan.php')
 3 SYSTEMPATH\View\View.php(227): CodeIgniter\View\View->CodeIgniter\View\{closure}()
 4 SYSTEMPATH\Common.php(1180): CodeIgniter\View\View->render('rekapan', [], true)
 5 APPPATH\Controllers\Rekapan.php(11): view('rekapan')
 6 SYSTEMPATH\CodeIgniter.php(932): App\Controllers\Rekapan->index()
 7 SYSTEMPATH\CodeIgniter.php(497): CodeIgniter\CodeIgniter->runController(Object(App\Controllers\Rekapan))
 8 SYSTEMPATH\CodeIgniter.php(366): CodeIgniter\CodeIgniter->handleRequest(null, Object(Config\Cache), false)
 9 FCPATH\index.php(67): CodeIgniter\CodeIgniter->run()
INFO - 2023-08-07 22:30:43 --> Session: Class initialized using 'CodeIgniter\Session\Handlers\FileHandler' driver.
CRITICAL - 2023-08-07 22:30:43 --> Undefined variable $permohonan
in APPPATH\Views\rekapan.php on line 44.
 1 APPPATH\Views\rekapan.php(44): CodeIgniter\Debug\Exceptions->errorHandler(2, 'Undefined variable $permohonan', 'C:\\xampp\\htdocs\\surat\\app\\Views\\rekapan.php', 44)
 2 SYSTEMPATH\View\View.php(224): include('C:\\xampp\\htdocs\\surat\\app\\Views\\rekapan.php')
 3 SYSTEMPATH\View\View.php(227): CodeIgniter\View\View->CodeIgniter\View\{closure}()
 4 SYSTEMPATH\Common.php(1180): CodeIgniter\View\View->render('rekapan', [], true)
 5 APPPATH\Controllers\Rekapan.php(11): view('rekapan')
 6 SYSTEMPATH\CodeIgniter.php(932): App\Controllers\Rekapan->index()
 7 SYSTEMPATH\CodeIgniter.php(497): CodeIgniter\CodeIgniter->runController(Object(App\Controllers\Rekapan))
 8 SYSTEMPATH\CodeIgniter.php(366): CodeIgniter\CodeIgniter->handleRequest(null, Object(Config\Cache), false)
 9 FCPATH\index.php(67): CodeIgniter\CodeIgniter->run()
INFO - 2023-08-07 22:32:40 --> Session: Class initialized using 'CodeIgniter\Session\Handlers\FileHandler' driver.
CRITICAL - 2023-08-07 22:32:40 --> Undefined variable $permohonan_surat
in APPPATH\Views\rekapan.php on line 44.
 1 APPPATH\Views\rekapan.php(44): CodeIgniter\Debug\Exceptions->errorHandler(2, 'Undefined variable $permohonan_surat', 'C:\\xampp\\htdocs\\surat\\app\\Views\\rekapan.php', 44)
 2 SYSTEMPATH\View\View.php(224): include('C:\\xampp\\htdocs\\surat\\app\\Views\\rekapan.php')
 3 SYSTEMPATH\View\View.php(227): CodeIgniter\View\View->CodeIgniter\View\{closure}()
 4 SYSTEMPATH\Common.php(1180): CodeIgniter\View\View->render('rekapan', [], true)
 5 APPPATH\Controllers\Rekapan.php(11): view('rekapan')
 6 SYSTEMPATH\CodeIgniter.php(932): App\Controllers\Rekapan->index()
 7 SYSTEMPATH\CodeIgniter.php(497): CodeIgniter\CodeIgniter->runController(Object(App\Controllers\Rekapan))
 8 SYSTEMPATH\CodeIgniter.php(366): CodeIgniter\CodeIgniter->handleRequest(null, Object(Config\Cache), false)
 9 FCPATH\index.php(67): CodeIgniter\CodeIgniter->run()
INFO - 2023-08-07 22:32:40 --> Session: Class initialized using 'CodeIgniter\Session\Handlers\FileHandler' driver.
CRITICAL - 2023-08-07 22:32:40 --> Undefined variable $permohonan_surat
in APPPATH\Views\rekapan.php on line 44.
 1 APPPATH\Views\rekapan.php(44): CodeIgniter\Debug\Exceptions->errorHandler(2, 'Undefined variable $permohonan_surat', 'C:\\xampp\\htdocs\\surat\\app\\Views\\rekapan.php', 44)
 2 SYSTEMPATH\View\View.php(224): include('C:\\xampp\\htdocs\\surat\\app\\Views\\rekapan.php')
 3 SYSTEMPATH\View\View.php(227): CodeIgniter\View\View->CodeIgniter\View\{closure}()
 4 SYSTEMPATH\Common.php(1180): CodeIgniter\View\View->render('rekapan', [], true)
 5 APPPATH\Controllers\Rekapan.php(11): view('rekapan')
 6 SYSTEMPATH\CodeIgniter.php(932): App\Controllers\Rekapan->index()
 7 SYSTEMPATH\CodeIgniter.php(497): CodeIgniter\CodeIgniter->runController(Object(App\Controllers\Rekapan))
 8 SYSTEMPATH\CodeIgniter.php(366): CodeIgniter\CodeIgniter->handleRequest(null, Object(Config\Cache), false)
 9 FCPATH\index.php(67): CodeIgniter\CodeIgniter->run()
INFO - 2023-08-07 22:32:40 --> Session: Class initialized using 'CodeIgniter\Session\Handlers\FileHandler' driver.
CRITICAL - 2023-08-07 22:32:40 --> Undefined variable $permohonan_surat
in APPPATH\Views\rekapan.php on line 44.
 1 APPPATH\Views\rekapan.php(44): CodeIgniter\Debug\Exceptions->errorHandler(2, 'Undefined variable $permohonan_surat', 'C:\\xampp\\htdocs\\surat\\app\\Views\\rekapan.php', 44)
 2 SYSTEMPATH\View\View.php(224): include('C:\\xampp\\htdocs\\surat\\app\\Views\\rekapan.php')
 3 SYSTEMPATH\View\View.php(227): CodeIgniter\View\View->CodeIgniter\View\{closure}()
 4 SYSTEMPATH\Common.php(1180): CodeIgniter\View\View->render('rekapan', [], true)
 5 APPPATH\Controllers\Rekapan.php(11): view('rekapan')
 6 SYSTEMPATH\CodeIgniter.php(932): App\Controllers\Rekapan->index()
 7 SYSTEMPATH\CodeIgniter.php(497): CodeIgniter\CodeIgniter->runController(Object(App\Controllers\Rekapan))
 8 SYSTEMPATH\CodeIgniter.php(366): CodeIgniter\CodeIgniter->handleRequest(null, Object(Config\Cache), false)
 9 FCPATH\index.php(67): CodeIgniter\CodeIgniter->run()
INFO - 2023-08-07 22:32:40 --> Session: Class initialized using 'CodeIgniter\Session\Handlers\FileHandler' driver.
CRITICAL - 2023-08-07 22:32:40 --> Undefined variable $permohonan_surat
in APPPATH\Views\rekapan.php on line 44.
 1 APPPATH\Views\rekapan.php(44): CodeIgniter\Debug\Exceptions->errorHandler(2, 'Undefined variable $permohonan_surat', 'C:\\xampp\\htdocs\\surat\\app\\Views\\rekapan.php', 44)
 2 SYSTEMPATH\View\View.php(224): include('C:\\xampp\\htdocs\\surat\\app\\Views\\rekapan.php')
 3 SYSTEMPATH\View\View.php(227): CodeIgniter\View\View->CodeIgniter\View\{closure}()
 4 SYSTEMPATH\Common.php(1180): CodeIgniter\View\View->render('rekapan', [], true)
 5 APPPATH\Controllers\Rekapan.php(11): view('rekapan')
 6 SYSTEMPATH\CodeIgniter.php(932): App\Controllers\Rekapan->index()
 7 SYSTEMPATH\CodeIgniter.php(497): CodeIgniter\CodeIgniter->runController(Object(App\Controllers\Rekapan))
 8 SYSTEMPATH\CodeIgniter.php(366): CodeIgniter\CodeIgniter->handleRequest(null, Object(Config\Cache), false)
 9 FCPATH\index.php(67): CodeIgniter\CodeIgniter->run()
INFO - 2023-08-07 22:32:41 --> Session: Class initialized using 'CodeIgniter\Session\Handlers\FileHandler' driver.
CRITICAL - 2023-08-07 22:32:41 --> Undefined variable $permohonan_surat
in APPPATH\Views\rekapan.php on line 44.
 1 APPPATH\Views\rekapan.php(44): CodeIgniter\Debug\Exceptions->errorHandler(2, 'Undefined variable $permohonan_surat', 'C:\\xampp\\htdocs\\surat\\app\\Views\\rekapan.php', 44)
 2 SYSTEMPATH\View\View.php(224): include('C:\\xampp\\htdocs\\surat\\app\\Views\\rekapan.php')
 3 SYSTEMPATH\View\View.php(227): CodeIgniter\View\View->CodeIgniter\View\{closure}()
 4 SYSTEMPATH\Common.php(1180): CodeIgniter\View\View->render('rekapan', [], true)
 5 APPPATH\Controllers\Rekapan.php(11): view('rekapan')
 6 SYSTEMPATH\CodeIgniter.php(932): App\Controllers\Rekapan->index()
 7 SYSTEMPATH\CodeIgniter.php(497): CodeIgniter\CodeIgniter->runController(Object(App\Controllers\Rekapan))
 8 SYSTEMPATH\CodeIgniter.php(366): CodeIgniter\CodeIgniter->handleRequest(null, Object(Config\Cache), false)
 9 FCPATH\index.php(67): CodeIgniter\CodeIgniter->run()
INFO - 2023-08-07 22:33:30 --> Session: Class initialized using 'CodeIgniter\Session\Handlers\FileHandler' driver.
CRITICAL - 2023-08-07 22:33:30 --> Undefined variable $permohonan_surat
in APPPATH\Views\rekapan.php on line 44.
 1 APPPATH\Views\rekapan.php(44): CodeIgniter\Debug\Exceptions->errorHandler(2, 'Undefined variable $permohonan_surat', 'C:\\xampp\\htdocs\\surat\\app\\Views\\rekapan.php', 44)
 2 SYSTEMPATH\View\View.php(224): include('C:\\xampp\\htdocs\\surat\\app\\Views\\rekapan.php')
 3 SYSTEMPATH\View\View.php(227): CodeIgniter\View\View->CodeIgniter\View\{closure}()
 4 SYSTEMPATH\Common.php(1180): CodeIgniter\View\View->render('rekapan', [], true)
 5 APPPATH\Controllers\Rekapan.php(11): view('rekapan')
 6 SYSTEMPATH\CodeIgniter.php(932): App\Controllers\Rekapan->index()
 7 SYSTEMPATH\CodeIgniter.php(497): CodeIgniter\CodeIgniter->runController(Object(App\Controllers\Rekapan))
 8 SYSTEMPATH\CodeIgniter.php(366): CodeIgniter\CodeIgniter->handleRequest(null, Object(Config\Cache), false)
 9 FCPATH\index.php(67): CodeIgniter\CodeIgniter->run()
INFO - 2023-08-07 22:33:31 --> Session: Class initialized using 'CodeIgniter\Session\Handlers\FileHandler' driver.
CRITICAL - 2023-08-07 22:33:31 --> Undefined variable $permohonan_surat
in APPPATH\Views\rekapan.php on line 44.
 1 APPPATH\Views\rekapan.php(44): CodeIgniter\Debug\Exceptions->errorHandler(2, 'Undefined variable $permohonan_surat', 'C:\\xampp\\htdocs\\surat\\app\\Views\\rekapan.php', 44)
 2 SYSTEMPATH\View\View.php(224): include('C:\\xampp\\htdocs\\surat\\app\\Views\\rekapan.php')
 3 SYSTEMPATH\View\View.php(227): CodeIgniter\View\View->CodeIgniter\View\{closure}()
 4 SYSTEMPATH\Common.php(1180): CodeIgniter\View\View->render('rekapan', [], true)
 5 APPPATH\Controllers\Rekapan.php(11): view('rekapan')
 6 SYSTEMPATH\CodeIgniter.php(932): App\Controllers\Rekapan->index()
 7 SYSTEMPATH\CodeIgniter.php(497): CodeIgniter\CodeIgniter->runController(Object(App\Controllers\Rekapan))
 8 SYSTEMPATH\CodeIgniter.php(366): CodeIgniter\CodeIgniter->handleRequest(null, Object(Config\Cache), false)
 9 FCPATH\index.php(67): CodeIgniter\CodeIgniter->run()
INFO - 2023-08-07 22:43:23 --> Session: Class initialized using 'CodeIgniter\Session\Handlers\FileHandler' driver.
CRITICAL - 2023-08-07 22:43:23 --> Undefined variable $permohonan_surat
in APPPATH\Views\rekapan.php on line 44.
 1 APPPATH\Views\rekapan.php(44): CodeIgniter\Debug\Exceptions->errorHandler(2, 'Undefined variable $permohonan_surat', 'C:\\xampp\\htdocs\\surat\\app\\Views\\rekapan.php', 44)
 2 SYSTEMPATH\View\View.php(224): include('C:\\xampp\\htdocs\\surat\\app\\Views\\rekapan.php')
 3 SYSTEMPATH\View\View.php(227): CodeIgniter\View\View->CodeIgniter\View\{closure}()
 4 SYSTEMPATH\Common.php(1180): CodeIgniter\View\View->render('rekapan', [], true)
 5 APPPATH\Controllers\Rekapan.php(11): view('rekapan')
 6 SYSTEMPATH\CodeIgniter.php(932): App\Controllers\Rekapan->index()
 7 SYSTEMPATH\CodeIgniter.php(497): CodeIgniter\CodeIgniter->runController(Object(App\Controllers\Rekapan))
 8 SYSTEMPATH\CodeIgniter.php(366): CodeIgniter\CodeIgniter->handleRequest(null, Object(Config\Cache), false)
 9 FCPATH\index.php(67): CodeIgniter\CodeIgniter->run()
INFO - 2023-08-07 22:43:24 --> Session: Class initialized using 'CodeIgniter\Session\Handlers\FileHandler' driver.
CRITICAL - 2023-08-07 22:43:24 --> Undefined variable $permohonan_surat
in APPPATH\Views\rekapan.php on line 44.
 1 APPPATH\Views\rekapan.php(44): CodeIgniter\Debug\Exceptions->errorHandler(2, 'Undefined variable $permohonan_surat', 'C:\\xampp\\htdocs\\surat\\app\\Views\\rekapan.php', 44)
 2 SYSTEMPATH\View\View.php(224): include('C:\\xampp\\htdocs\\surat\\app\\Views\\rekapan.php')
 3 SYSTEMPATH\View\View.php(227): CodeIgniter\View\View->CodeIgniter\View\{closure}()
 4 SYSTEMPATH\Common.php(1180): CodeIgniter\View\View->render('rekapan', [], true)
 5 APPPATH\Controllers\Rekapan.php(11): view('rekapan')
 6 SYSTEMPATH\CodeIgniter.php(932): App\Controllers\Rekapan->index()
 7 SYSTEMPATH\CodeIgniter.php(497): CodeIgniter\CodeIgniter->runController(Object(App\Controllers\Rekapan))
 8 SYSTEMPATH\CodeIgniter.php(366): CodeIgniter\CodeIgniter->handleRequest(null, Object(Config\Cache), false)
 9 FCPATH\index.php(67): CodeIgniter\CodeIgniter->run()
INFO - 2023-08-07 22:43:24 --> Session: Class initialized using 'CodeIgniter\Session\Handlers\FileHandler' driver.
CRITICAL - 2023-08-07 22:43:24 --> Undefined variable $permohonan_surat
in APPPATH\Views\rekapan.php on line 44.
 1 APPPATH\Views\rekapan.php(44): CodeIgniter\Debug\Exceptions->errorHandler(2, 'Undefined variable $permohonan_surat', 'C:\\xampp\\htdocs\\surat\\app\\Views\\rekapan.php', 44)
 2 SYSTEMPATH\View\View.php(224): include('C:\\xampp\\htdocs\\surat\\app\\Views\\rekapan.php')
 3 SYSTEMPATH\View\View.php(227): CodeIgniter\View\View->CodeIgniter\View\{closure}()
 4 SYSTEMPATH\Common.php(1180): CodeIgniter\View\View->render('rekapan', [], true)
 5 APPPATH\Controllers\Rekapan.php(11): view('rekapan')
 6 SYSTEMPATH\CodeIgniter.php(932): App\Controllers\Rekapan->index()
 7 SYSTEMPATH\CodeIgniter.php(497): CodeIgniter\CodeIgniter->runController(Object(App\Controllers\Rekapan))
 8 SYSTEMPATH\CodeIgniter.php(366): CodeIgniter\CodeIgniter->handleRequest(null, Object(Config\Cache), false)
 9 FCPATH\index.php(67): CodeIgniter\CodeIgniter->run()
INFO - 2023-08-07 22:51:36 --> Session: Class initialized using 'CodeIgniter\Session\Handlers\FileHandler' driver.
CRITICAL - 2023-08-07 22:51:36 --> Undefined variable $permohonan_surat
in APPPATH\Views\rekapan.php on line 44.
 1 APPPATH\Views\rekapan.php(44): CodeIgniter\Debug\Exceptions->errorHandler(2, 'Undefined variable $permohonan_surat', 'C:\\xampp\\htdocs\\surat\\app\\Views\\rekapan.php', 44)
 2 SYSTEMPATH\View\View.php(224): include('C:\\xampp\\htdocs\\surat\\app\\Views\\rekapan.php')
 3 SYSTEMPATH\View\View.php(227): CodeIgniter\View\View->CodeIgniter\View\{closure}()
 4 SYSTEMPATH\Common.php(1180): CodeIgniter\View\View->render('rekapan', [], true)
 5 APPPATH\Controllers\Rekapan.php(11): view('rekapan')
 6 SYSTEMPATH\CodeIgniter.php(932): App\Controllers\Rekapan->index()
 7 SYSTEMPATH\CodeIgniter.php(497): CodeIgniter\CodeIgniter->runController(Object(App\Controllers\Rekapan))
 8 SYSTEMPATH\CodeIgniter.php(366): CodeIgniter\CodeIgniter->handleRequest(null, Object(Config\Cache), false)
 9 FCPATH\index.php(67): CodeIgniter\CodeIgniter->run()
INFO - 2023-08-07 22:53:48 --> Session: Class initialized using 'CodeIgniter\Session\Handlers\FileHandler' driver.
CRITICAL - 2023-08-07 22:53:48 --> Undefined variable $permohonan_surat
in APPPATH\Views\rekapan.php on line 44.
 1 APPPATH\Views\rekapan.php(44): CodeIgniter\Debug\Exceptions->errorHandler(2, 'Undefined variable $permohonan_surat', 'C:\\xampp\\htdocs\\surat\\app\\Views\\rekapan.php', 44)
 2 SYSTEMPATH\View\View.php(224): include('C:\\xampp\\htdocs\\surat\\app\\Views\\rekapan.php')
 3 SYSTEMPATH\View\View.php(227): CodeIgniter\View\View->CodeIgniter\View\{closure}()
 4 SYSTEMPATH\Common.php(1180): CodeIgniter\View\View->render('rekapan', [], true)
 5 APPPATH\Controllers\Rekapan.php(11): view('rekapan')
 6 SYSTEMPATH\CodeIgniter.php(932): App\Controllers\Rekapan->index()
 7 SYSTEMPATH\CodeIgniter.php(497): CodeIgniter\CodeIgniter->runController(Object(App\Controllers\Rekapan))
 8 SYSTEMPATH\CodeIgniter.php(366): CodeIgniter\CodeIgniter->handleRequest(null, Object(Config\Cache), false)
 9 FCPATH\index.php(67): CodeIgniter\CodeIgniter->run()
INFO - 2023-08-07 22:53:59 --> Session: Class initialized using 'CodeIgniter\Session\Handlers\FileHandler' driver.
CRITICAL - 2023-08-07 22:53:59 --> Undefined variable $permohonan_surat
in APPPATH\Views\rekapan.php on line 44.
 1 APPPATH\Views\rekapan.php(44): CodeIgniter\Debug\Exceptions->errorHandler(2, 'Undefined variable $permohonan_surat', 'C:\\xampp\\htdocs\\surat\\app\\Views\\rekapan.php', 44)
 2 SYSTEMPATH\View\View.php(224): include('C:\\xampp\\htdocs\\surat\\app\\Views\\rekapan.php')
 3 SYSTEMPATH\View\View.php(227): CodeIgniter\View\View->CodeIgniter\View\{closure}()
 4 SYSTEMPATH\Common.php(1180): CodeIgniter\View\View->render('rekapan', [], true)
 5 APPPATH\Controllers\Rekapan.php(11): view('rekapan')
 6 SYSTEMPATH\CodeIgniter.php(932): App\Controllers\Rekapan->index()
 7 SYSTEMPATH\CodeIgniter.php(497): CodeIgniter\CodeIgniter->runController(Object(App\Controllers\Rekapan))
 8 SYSTEMPATH\CodeIgniter.php(366): CodeIgniter\CodeIgniter->handleRequest(null, Object(Config\Cache), false)
 9 FCPATH\index.php(67): CodeIgniter\CodeIgniter->run()
INFO - 2023-08-07 22:54:35 --> Session: Class initialized using 'CodeIgniter\Session\Handlers\FileHandler' driver.
CRITICAL - 2023-08-07 22:54:35 --> Undefined variable $permohonan_surat
in APPPATH\Views\rekapan.php on line 44.
 1 APPPATH\Views\rekapan.php(44): CodeIgniter\Debug\Exceptions->errorHandler(2, 'Undefined variable $permohonan_surat', 'C:\\xampp\\htdocs\\surat\\app\\Views\\rekapan.php', 44)
 2 SYSTEMPATH\View\View.php(224): include('C:\\xampp\\htdocs\\surat\\app\\Views\\rekapan.php')
 3 SYSTEMPATH\View\View.php(227): CodeIgniter\View\View->CodeIgniter\View\{closure}()
 4 SYSTEMPATH\Common.php(1180): CodeIgniter\View\View->render('rekapan', [], true)
 5 APPPATH\Controllers\Rekapan.php(11): view('rekapan')
 6 SYSTEMPATH\CodeIgniter.php(932): App\Controllers\Rekapan->index()
 7 SYSTEMPATH\CodeIgniter.php(497): CodeIgniter\CodeIgniter->runController(Object(App\Controllers\Rekapan))
 8 SYSTEMPATH\CodeIgniter.php(366): CodeIgniter\CodeIgniter->handleRequest(null, Object(Config\Cache), false)
 9 FCPATH\index.php(67): CodeIgniter\CodeIgniter->run()
INFO - 2023-08-07 22:54:38 --> Session: Class initialized using 'CodeIgniter\Session\Handlers\FileHandler' driver.
CRITICAL - 2023-08-07 22:54:38 --> Undefined variable $permohonan_surat
in APPPATH\Views\rekapan.php on line 44.
 1 APPPATH\Views\rekapan.php(44): CodeIgniter\Debug\Exceptions->errorHandler(2, 'Undefined variable $permohonan_surat', 'C:\\xampp\\htdocs\\surat\\app\\Views\\rekapan.php', 44)
 2 SYSTEMPATH\View\View.php(224): include('C:\\xampp\\htdocs\\surat\\app\\Views\\rekapan.php')
 3 SYSTEMPATH\View\View.php(227): CodeIgniter\View\View->CodeIgniter\View\{closure}()
 4 SYSTEMPATH\Common.php(1180): CodeIgniter\View\View->render('rekapan', [], true)
 5 APPPATH\Controllers\Rekapan.php(11): view('rekapan')
 6 SYSTEMPATH\CodeIgniter.php(932): App\Controllers\Rekapan->index()
 7 SYSTEMPATH\CodeIgniter.php(497): CodeIgniter\CodeIgniter->runController(Object(App\Controllers\Rekapan))
 8 SYSTEMPATH\CodeIgniter.php(366): CodeIgniter\CodeIgniter->handleRequest(null, Object(Config\Cache), false)
 9 FCPATH\index.php(67): CodeIgniter\CodeIgniter->run()
INFO - 2023-08-07 22:54:39 --> Session: Class initialized using 'CodeIgniter\Session\Handlers\FileHandler' driver.
CRITICAL - 2023-08-07 22:54:39 --> Undefined variable $permohonan_surat
in APPPATH\Views\rekapan.php on line 44.
 1 APPPATH\Views\rekapan.php(44): CodeIgniter\Debug\Exceptions->errorHandler(2, 'Undefined variable $permohonan_surat', 'C:\\xampp\\htdocs\\surat\\app\\Views\\rekapan.php', 44)
 2 SYSTEMPATH\View\View.php(224): include('C:\\xampp\\htdocs\\surat\\app\\Views\\rekapan.php')
 3 SYSTEMPATH\View\View.php(227): CodeIgniter\View\View->CodeIgniter\View\{closure}()
 4 SYSTEMPATH\Common.php(1180): CodeIgniter\View\View->render('rekapan', [], true)
 5 APPPATH\Controllers\Rekapan.php(11): view('rekapan')
 6 SYSTEMPATH\CodeIgniter.php(932): App\Controllers\Rekapan->index()
 7 SYSTEMPATH\CodeIgniter.php(497): CodeIgniter\CodeIgniter->runController(Object(App\Controllers\Rekapan))
 8 SYSTEMPATH\CodeIgniter.php(366): CodeIgniter\CodeIgniter->handleRequest(null, Object(Config\Cache), false)
 9 FCPATH\index.php(67): CodeIgniter\CodeIgniter->run()
INFO - 2023-08-07 22:54:39 --> Session: Class initialized using 'CodeIgniter\Session\Handlers\FileHandler' driver.
CRITICAL - 2023-08-07 22:54:39 --> Undefined variable $permohonan_surat
in APPPATH\Views\rekapan.php on line 44.
 1 APPPATH\Views\rekapan.php(44): CodeIgniter\Debug\Exceptions->errorHandler(2, 'Undefined variable $permohonan_surat', 'C:\\xampp\\htdocs\\surat\\app\\Views\\rekapan.php', 44)
 2 SYSTEMPATH\View\View.php(224): include('C:\\xampp\\htdocs\\surat\\app\\Views\\rekapan.php')
 3 SYSTEMPATH\View\View.php(227): CodeIgniter\View\View->CodeIgniter\View\{closure}()
 4 SYSTEMPATH\Common.php(1180): CodeIgniter\View\View->render('rekapan', [], true)
 5 APPPATH\Controllers\Rekapan.php(11): view('rekapan')
 6 SYSTEMPATH\CodeIgniter.php(932): App\Controllers\Rekapan->index()
 7 SYSTEMPATH\CodeIgniter.php(497): CodeIgniter\CodeIgniter->runController(Object(App\Controllers\Rekapan))
 8 SYSTEMPATH\CodeIgniter.php(366): CodeIgniter\CodeIgniter->handleRequest(null, Object(Config\Cache), false)
 9 FCPATH\index.php(67): CodeIgniter\CodeIgniter->run()
